# JRE version: OpenJDK Runtime Environment JBR-17.0.11+1-1312.2-nomod (17.0.11+1) (build 17.0.11+1-b1312.2)
# Java VM: OpenJDK 64-Bit Server VM JBR-17.0.11+1-1312.2-nomod (17.0.11+1-b1312.2, mixed mode, sharing, tiered, compressed oops, compressed class ptrs, g1 gc, windows-amd64)
GC Precious Log:
 CPUs: 4 total, 4 available
 Memory: 8067M
 Large Page Support: Disabled
 NUMA Support: Disabled
 Compressed Oops: Enabled (32-bit)
 Heap Region Size: 1M
 Heap Min Capacity: 8M
 Heap Initial Capacity: 128M
 Heap Max Capacity: 1G
 Pre-touch: Disabled
 Parallel Workers: 4
 Concurrent Workers: 1
 Concurrent Refinement Workers: 4
 Periodic GC: Disabled
Heap:
 garbage-first heap   total 288768K, used 233984K [0x00000000c0000000, 0x0000000100000000)
  region size 1024K, 3 young (3072K), 3 survivors (3072K)
 Metaspace       used 112105K, committed 112896K, reserved 1179648K
  class space    used 15618K, committed 16000K, reserved 1048576K
GC Heap History (20 events):
Event: 27.073 GC heap after
{Heap after GC invocations=65 (full 0):
 garbage-first heap   total 288768K, used 153555K [0x00000000c0000000, 0x0000000100000000)
  region size 1024K, 2 young (2048K), 2 survivors (2048K)
 Metaspace       used 99661K, committed 100416K, reserved 1179648K
  class space    used 13835K, committed 14208K, reserved 1048576K
}
Event: 29.250 GC heap before
{Heap before GC invocations=65 (full 0):
 garbage-first heap   total 288768K, used 223187K [0x00000000c0000000, 0x0000000100000000)
  region size 1024K, 71 young (72704K), 2 survivors (2048K)
 Metaspace       used 101094K, committed 101952K, reserved 1179648K
  class space    used 13988K, committed 14400K, reserved 1048576K
}
Event: 29.257 GC heap after
{Heap after GC invocations=66 (full 0):
 garbage-first heap   total 288768K, used 155304K [0x00000000c0000000, 0x0000000100000000)
  region size 1024K, 4 young (4096K), 4 survivors (4096K)
 Metaspace       used 101094K, committed 101952K, reserved 1179648K
  class space    used 13988K, committed 14400K, reserved 1048576K
}
Event: 31.401 GC heap before
{Heap before GC invocations=66 (full 0):
 garbage-first heap   total 288768K, used 228008K [0x00000000c0000000, 0x0000000100000000)
  region size 1024K, 76 young (77824K), 4 survivors (4096K)
 Metaspace       used 103359K, committed 104192K, reserved 1179648K
  class space    used 14249K, committed 14656K, reserved 1048576K
}
Event: 31.414 GC heap after
{Heap after GC invocations=67 (full 0):
 garbage-first heap   total 288768K, used 160652K [0x00000000c0000000, 0x0000000100000000)
  region size 1024K, 9 young (9216K), 9 survivors (9216K)
 Metaspace       used 103359K, committed 104192K, reserved 1179648K
  class space    used 14249K, committed 14656K, reserved 1048576K
}
Event: 32.541 GC heap before
{Heap before GC invocations=67 (full 0):
 garbage-first heap   total 288768K, used 231308K [0x00000000c0000000, 0x0000000100000000)
  region size 1024K, 79 young (80896K), 9 survivors (9216K)
 Metaspace       used 104921K, committed 105792K, reserved 1179648K
  class space    used 14431K, committed 14848K, reserved 1048576K
}
Event: 32.559 GC heap after
{Heap after GC invocations=68 (full 0):
 garbage-first heap   total 288768K, used 166940K [0x00000000c0000000, 0x0000000100000000)
  region size 1024K, 8 young (8192K), 8 survivors (8192K)
 Metaspace       used 104921K, committed 105792K, reserved 1179648K
  class space    used 14431K, committed 14848K, reserved 1048576K
}
Event: 33.421 GC heap before
{Heap before GC invocations=68 (full 0):
 garbage-first heap   total 288768K, used 227356K [0x00000000c0000000, 0x0000000100000000)
  region size 1024K, 68 young (69632K), 8 survivors (8192K)
 Metaspace       used 105573K, committed 106368K, reserved 1179648K
  class space    used 14512K, committed 14912K, reserved 1048576K
}
Event: 33.436 GC heap after
{Heap after GC invocations=69 (full 0):
 garbage-first heap   total 288768K, used 170810K [0x00000000c0000000, 0x0000000100000000)
  region size 1024K, 5 young (5120K), 5 survivors (5120K)
 Metaspace       used 105573K, committed 106368K, reserved 1179648K
  class space    used 14512K, committed 14912K, reserved 1048576K
}
Event: 34.421 GC heap before
{Heap before GC invocations=70 (full 0):
 garbage-first heap   total 288768K, used 252730K [0x00000000c0000000, 0x0000000100000000)
  region size 1024K, 70 young (71680K), 5 survivors (5120K)
 Metaspace       used 109439K, committed 110272K, reserved 1179648K
  class space    used 15087K, committed 15488K, reserved 1048576K
}
Event: 34.435 GC heap after
{Heap after GC invocations=71 (full 0):
 garbage-first heap   total 288768K, used 183583K [0x00000000c0000000, 0x0000000100000000)
  region size 1024K, 9 young (9216K), 9 survivors (9216K)
 Metaspace       used 109439K, committed 110272K, reserved 1179648K
  class space    used 15087K, committed 15488K, reserved 1048576K
}
Event: 34.473 GC heap before
{Heap before GC invocations=71 (full 0):
 garbage-first heap   total 288768K, used 187679K [0x00000000c0000000, 0x0000000100000000)
  region size 1024K, 14 young (14336K), 9 survivors (9216K)
 Metaspace       used 109439K, committed 110272K, reserved 1179648K
  class space    used 15087K, committed 15488K, reserved 1048576K
}
Event: 34.485 GC heap after
{Heap after GC invocations=72 (full 0):
 garbage-first heap   total 288768K, used 168608K [0x00000000c0000000, 0x0000000100000000)
  region size 1024K, 2 young (2048K), 2 survivors (2048K)
 Metaspace       used 109439K, committed 110272K, reserved 1179648K
  class space    used 15087K, committed 15488K, reserved 1048576K
}
Event: 35.133 GC heap before
{Heap before GC invocations=72 (full 0):
 garbage-first heap   total 288768K, used 232096K [0x00000000c0000000, 0x0000000100000000)
  region size 1024K, 63 young (64512K), 2 survivors (2048K)
 Metaspace       used 111866K, committed 112704K, reserved 1179648K
  class space    used 15614K, committed 16000K, reserved 1048576K
}
Event: 35.166 GC heap after
{Heap after GC invocations=73 (full 0):
 garbage-first heap   total 288768K, used 190435K [0x00000000c0000000, 0x0000000100000000)
  region size 1024K, 8 young (8192K), 8 survivors (8192K)
 Metaspace       used 111866K, committed 112704K, reserved 1179648K
  class space    used 15614K, committed 16000K, reserved 1048576K
}
Event: 35.486 GC heap before
{Heap before GC invocations=73 (full 0):
 garbage-first heap   total 288768K, used 233443K [0x00000000c0000000, 0x0000000100000000)
  region size 1024K, 50 young (51200K), 8 survivors (8192K)
 Metaspace       used 112072K, committed 112896K, reserved 1179648K
  class space    used 15616K, committed 16000K, reserved 1048576K
}
Event: 35.532 GC heap after
{Heap after GC invocations=74 (full 0):
 garbage-first heap   total 288768K, used 211968K [0x00000000c0000000, 0x0000000100000000)
  region size 1024K, 7 young (7168K), 7 survivors (7168K)
 Metaspace       used 112072K, committed 112896K, reserved 1179648K
  class space    used 15616K, committed 16000K, reserved 1048576K
}
Event: 35.685 GC heap before
{Heap before GC invocations=74 (full 0):
 garbage-first heap   total 288768K, used 235520K [0x00000000c0000000, 0x0000000100000000)
  region size 1024K, 31 young (31744K), 7 survivors (7168K)
 Metaspace       used 112103K, committed 112896K, reserved 1179648K
  class space    used 15618K, committed 16000K, reserved 1048576K
}
Event: 35.716 GC heap after
{Heap after GC invocations=75 (full 0):
 garbage-first heap   total 288768K, used 224768K [0x00000000c0000000, 0x0000000100000000)
  region size 1024K, 4 young (4096K), 4 survivors (4096K)
 Metaspace       used 112103K, committed 112896K, reserved 1179648K
  class space    used 15618K, committed 16000K, reserved 1048576K
}
Event: 35.866 GC heap before
{Heap before GC invocations=75 (full 0):
 garbage-first heap   total 288768K, used 241152K [0x00000000c0000000, 0x0000000100000000)
  region size 1024K, 20 young (20480K), 4 survivors (4096K)
 Metaspace       used 112105K, committed 112896K, reserved 1179648K
  class space    used 15618K, committed 16000K, reserved 1048576K
}

