# JRE version: OpenJDK Runtime Environment JBR-17.0.11+1-1312.2-nomod (17.0.11+1) (build 17.0.11+1-b1312.2)
# Java VM: OpenJDK 64-Bit Server VM JBR-17.0.11+1-1312.2-nomod (17.0.11+1-b1312.2, mixed mode, sharing, tiered, compressed oops, compressed class ptrs, g1 gc, windows-amd64)
GC Precious Log:
 CPUs: 4 total, 4 available
 Memory: 8067M
 Large Page Support: Disabled
 NUMA Support: Disabled
 Compressed Oops: Enabled (32-bit)
 Heap Region Size: 1M
 Heap Min Capacity: 8M
 Heap Initial Capacity: 128M
 Heap Max Capacity: 2018M
 Pre-touch: Disabled
 Parallel Workers: 4
 Concurrent Workers: 1
 Concurrent Refinement Workers: 4
 Periodic GC: Disabled
Heap:
 garbage-first heap   total 99328K, used 58339K [0x0000000081e00000, 0x0000000100000000)
  region size 1024K, 1 young (1024K), 1 survivors (1024K)
 Metaspace       used 58435K, committed 58688K, reserved 1114112K
  class space    used 7011K, committed 7104K, reserved 1048576K
GC Heap History (20 events):
Event: 2.737 GC heap after
{Heap after GC invocations=8 (full 0):
 garbage-first heap   total 90112K, used 19657K [0x0000000081e00000, 0x0000000100000000)
  region size 1024K, 2 young (2048K), 2 survivors (2048K)
 Metaspace       used 30424K, committed 30720K, reserved 1114112K
  class space    used 4070K, committed 4224K, reserved 1048576K
}
Event: 3.138 GC heap before
{Heap before GC invocations=8 (full 0):
 garbage-first heap   total 90112K, used 41161K [0x0000000081e00000, 0x0000000100000000)
  region size 1024K, 24 young (24576K), 2 survivors (2048K)
 Metaspace       used 35876K, committed 36096K, reserved 1114112K
  class space    used 4578K, committed 4736K, reserved 1048576K
}
Event: 3.145 GC heap after
{Heap after GC invocations=9 (full 0):
 garbage-first heap   total 90112K, used 21282K [0x0000000081e00000, 0x0000000100000000)
  region size 1024K, 4 young (4096K), 4 survivors (4096K)
 Metaspace       used 35876K, committed 36096K, reserved 1114112K
  class space    used 4578K, committed 4736K, reserved 1048576K
}
Event: 3.951 GC heap before
{Heap before GC invocations=10 (full 0):
 garbage-first heap   total 81920K, used 69410K [0x0000000081e00000, 0x0000000100000000)
  region size 1024K, 48 young (49152K), 4 survivors (4096K)
 Metaspace       used 40105K, committed 40384K, reserved 1114112K
  class space    used 5104K, committed 5248K, reserved 1048576K
}
Event: 3.959 GC heap after
{Heap after GC invocations=11 (full 0):
 garbage-first heap   total 81920K, used 27511K [0x0000000081e00000, 0x0000000100000000)
  region size 1024K, 6 young (6144K), 6 survivors (6144K)
 Metaspace       used 40105K, committed 40384K, reserved 1114112K
  class space    used 5104K, committed 5248K, reserved 1048576K
}
Event: 4.678 GC heap before
{Heap before GC invocations=11 (full 0):
 garbage-first heap   total 81920K, used 62327K [0x0000000081e00000, 0x0000000100000000)
  region size 1024K, 40 young (40960K), 6 survivors (6144K)
 Metaspace       used 44540K, committed 44800K, reserved 1114112K
  class space    used 5586K, committed 5696K, reserved 1048576K
}
Event: 4.704 GC heap after
{Heap after GC invocations=12 (full 0):
 garbage-first heap   total 81920K, used 32407K [0x0000000081e00000, 0x0000000100000000)
  region size 1024K, 5 young (5120K), 5 survivors (5120K)
 Metaspace       used 44540K, committed 44800K, reserved 1114112K
  class space    used 5586K, committed 5696K, reserved 1048576K
}
Event: 6.246 GC heap before
{Heap before GC invocations=12 (full 0):
 garbage-first heap   total 81920K, used 62103K [0x0000000081e00000, 0x0000000100000000)
  region size 1024K, 34 young (34816K), 5 survivors (5120K)
 Metaspace       used 48268K, committed 48512K, reserved 1114112K
  class space    used 5929K, committed 6080K, reserved 1048576K
}
Event: 6.275 GC heap after
{Heap after GC invocations=13 (full 0):
 garbage-first heap   total 81920K, used 37168K [0x0000000081e00000, 0x0000000100000000)
  region size 1024K, 5 young (5120K), 5 survivors (5120K)
 Metaspace       used 48268K, committed 48512K, reserved 1114112K
  class space    used 5929K, committed 6080K, reserved 1048576K
}
Event: 7.171 GC heap before
{Heap before GC invocations=13 (full 0):
 garbage-first heap   total 81920K, used 61744K [0x0000000081e00000, 0x0000000100000000)
  region size 1024K, 30 young (30720K), 5 survivors (5120K)
 Metaspace       used 48693K, committed 48896K, reserved 1114112K
  class space    used 5953K, committed 6080K, reserved 1048576K
}
Event: 7.189 GC heap after
{Heap after GC invocations=14 (full 0):
 garbage-first heap   total 98304K, used 42323K [0x0000000081e00000, 0x0000000100000000)
  region size 1024K, 4 young (4096K), 4 survivors (4096K)
 Metaspace       used 48693K, committed 48896K, reserved 1114112K
  class space    used 5953K, committed 6080K, reserved 1048576K
}
Event: 7.939 GC heap before
{Heap before GC invocations=14 (full 0):
 garbage-first heap   total 98304K, used 74067K [0x0000000081e00000, 0x0000000100000000)
  region size 1024K, 35 young (35840K), 4 survivors (4096K)
 Metaspace       used 52983K, committed 53248K, reserved 1114112K
  class space    used 6577K, committed 6720K, reserved 1048576K
}
Event: 7.951 GC heap after
{Heap after GC invocations=15 (full 0):
 garbage-first heap   total 98304K, used 46486K [0x0000000081e00000, 0x0000000100000000)
  region size 1024K, 4 young (4096K), 4 survivors (4096K)
 Metaspace       used 52983K, committed 53248K, reserved 1114112K
  class space    used 6577K, committed 6720K, reserved 1048576K
}
Event: 9.261 GC heap before
{Heap before GC invocations=15 (full 0):
 garbage-first heap   total 98304K, used 75158K [0x0000000081e00000, 0x0000000100000000)
  region size 1024K, 32 young (32768K), 4 survivors (4096K)
 Metaspace       used 55942K, committed 56192K, reserved 1114112K
  class space    used 6839K, committed 6976K, reserved 1048576K
}
Event: 9.274 GC heap after
{Heap after GC invocations=16 (full 0):
 garbage-first heap   total 98304K, used 51544K [0x0000000081e00000, 0x0000000100000000)
  region size 1024K, 4 young (4096K), 4 survivors (4096K)
 Metaspace       used 55942K, committed 56192K, reserved 1114112K
  class space    used 6839K, committed 6976K, reserved 1048576K
}
Event: 10.011 GC heap before
{Heap before GC invocations=16 (full 0):
 garbage-first heap   total 98304K, used 76120K [0x0000000081e00000, 0x0000000100000000)
  region size 1024K, 28 young (28672K), 4 survivors (4096K)
 Metaspace       used 56880K, committed 57152K, reserved 1114112K
  class space    used 6875K, committed 6976K, reserved 1048576K
}
Event: 10.032 GC heap after
{Heap after GC invocations=17 (full 0):
 garbage-first heap   total 98304K, used 56559K [0x0000000081e00000, 0x0000000100000000)
  region size 1024K, 4 young (4096K), 4 survivors (4096K)
 Metaspace       used 56880K, committed 57152K, reserved 1114112K
  class space    used 6875K, committed 6976K, reserved 1048576K
}
Event: 10.906 GC heap before
{Heap before GC invocations=18 (full 0):
 garbage-first heap   total 99328K, used 78063K [0x0000000081e00000, 0x0000000100000000)
  region size 1024K, 24 young (24576K), 4 survivors (4096K)
 Metaspace       used 58309K, committed 58560K, reserved 1114112K
  class space    used 6997K, committed 7104K, reserved 1048576K
}
Event: 10.918 GC heap after
{Heap after GC invocations=19 (full 0):
 garbage-first heap   total 99328K, used 59120K [0x0000000081e00000, 0x0000000100000000)
  region size 1024K, 3 young (3072K), 3 survivors (3072K)
 Metaspace       used 58309K, committed 58560K, reserved 1114112K
  class space    used 6997K, committed 7104K, reserved 1048576K
}
Event: 10.953 GC heap before
{Heap before GC invocations=19 (full 0):
 garbage-first heap   total 99328K, used 59120K [0x0000000081e00000, 0x0000000100000000)
  region size 1024K, 4 young (4096K), 3 survivors (3072K)
 Metaspace       used 58435K, committed 58688K, reserved 1114112K
  class space    used 7011K, committed 7104K, reserved 1048576K
}

