# JRE version: OpenJDK Runtime Environment JBR-17.0.11+1-1312.2-nomod (17.0.11+1) (build 17.0.11+1-b1312.2)
# Java VM: OpenJDK 64-Bit Server VM JBR-17.0.11+1-1312.2-nomod (17.0.11+1-b1312.2, mixed mode, sharing, tiered, compressed oops, compressed class ptrs, g1 gc, windows-amd64)
GC Precious Log:
 CPUs: 4 total, 4 available
 Memory: 8067M
 Large Page Support: Disabled
 NUMA Support: Disabled
 Compressed Oops: Enabled (32-bit)
 Heap Region Size: 1M
 Heap Min Capacity: 8M
 Heap Initial Capacity: 128M
 Heap Max Capacity: 1G
 Pre-touch: Disabled
 Parallel Workers: 4
 Concurrent Workers: 1
 Concurrent Refinement Workers: 4
 Periodic GC: Disabled
Heap:
 garbage-first heap   total 157696K, used 110330K [0x00000000c0000000, 0x0000000100000000)
  region size 1024K, 25 young (25600K), 1 survivors (1024K)
 Metaspace       used 59800K, committed 60544K, reserved 1114112K
  class space    used 8975K, committed 9280K, reserved 1048576K
GC Heap History (20 events):
Event: 4.623 GC heap before
{Heap before GC invocations=7 (full 0):
 garbage-first heap   total 116736K, used 41249K [0x00000000c0000000, 0x0000000100000000)
  region size 1024K, 9 young (9216K), 8 survivors (8192K)
 Metaspace       used 29424K, committed 29824K, reserved 1114112K
  class space    used 4486K, committed 4672K, reserved 1048576K
}
Event: 4.632 GC heap after
{Heap after GC invocations=8 (full 0):
 garbage-first heap   total 116736K, used 41552K [0x00000000c0000000, 0x0000000100000000)
  region size 1024K, 1 young (1024K), 1 survivors (1024K)
 Metaspace       used 29424K, committed 29824K, reserved 1114112K
  class space    used 4486K, committed 4672K, reserved 1048576K
}
Event: 5.270 GC heap before
{Heap before GC invocations=8 (full 0):
 garbage-first heap   total 116736K, used 91728K [0x00000000c0000000, 0x0000000100000000)
  region size 1024K, 47 young (48128K), 1 survivors (1024K)
 Metaspace       used 35579K, committed 35968K, reserved 1114112K
  class space    used 5078K, committed 5248K, reserved 1048576K
}
Event: 5.276 GC heap after
{Heap after GC invocations=9 (full 0):
 garbage-first heap   total 116736K, used 45454K [0x00000000c0000000, 0x0000000100000000)
  region size 1024K, 5 young (5120K), 5 survivors (5120K)
 Metaspace       used 35579K, committed 35968K, reserved 1114112K
  class space    used 5078K, committed 5248K, reserved 1048576K
}
Event: 6.099 GC heap before
{Heap before GC invocations=10 (full 0):
 garbage-first heap   total 116736K, used 95630K [0x00000000c0000000, 0x0000000100000000)
  region size 1024K, 49 young (50176K), 5 survivors (5120K)
 Metaspace       used 39772K, committed 40256K, reserved 1114112K
  class space    used 5715K, committed 5888K, reserved 1048576K
}
Event: 6.108 GC heap after
{Heap after GC invocations=11 (full 0):
 garbage-first heap   total 116736K, used 54399K [0x00000000c0000000, 0x0000000100000000)
  region size 1024K, 5 young (5120K), 5 survivors (5120K)
 Metaspace       used 39772K, committed 40256K, reserved 1114112K
  class space    used 5715K, committed 5888K, reserved 1048576K
}
Event: 6.608 GC heap before
{Heap before GC invocations=11 (full 0):
 garbage-first heap   total 116736K, used 93311K [0x00000000c0000000, 0x0000000100000000)
  region size 1024K, 42 young (43008K), 5 survivors (5120K)
 Metaspace       used 43263K, committed 43840K, reserved 1114112K
  class space    used 6178K, committed 6464K, reserved 1048576K
}
Event: 6.614 GC heap after
{Heap after GC invocations=12 (full 0):
 garbage-first heap   total 116736K, used 56484K [0x00000000c0000000, 0x0000000100000000)
  region size 1024K, 2 young (2048K), 2 survivors (2048K)
 Metaspace       used 43263K, committed 43840K, reserved 1114112K
  class space    used 6178K, committed 6464K, reserved 1048576K
}
Event: 7.205 GC heap before
{Heap before GC invocations=12 (full 0):
 garbage-first heap   total 116736K, used 93348K [0x00000000c0000000, 0x0000000100000000)
  region size 1024K, 38 young (38912K), 2 survivors (2048K)
 Metaspace       used 46664K, committed 47232K, reserved 1114112K
  class space    used 6782K, committed 7040K, reserved 1048576K
}
Event: 7.210 GC heap after
{Heap after GC invocations=13 (full 0):
 garbage-first heap   total 116736K, used 58684K [0x00000000c0000000, 0x0000000100000000)
  region size 1024K, 5 young (5120K), 5 survivors (5120K)
 Metaspace       used 46664K, committed 47232K, reserved 1114112K
  class space    used 6782K, committed 7040K, reserved 1048576K
}
Event: 8.150 GC heap before
{Heap before GC invocations=14 (full 0):
 garbage-first heap   total 116736K, used 92476K [0x00000000c0000000, 0x0000000100000000)
  region size 1024K, 39 young (39936K), 5 survivors (5120K)
 Metaspace       used 48490K, committed 49152K, reserved 1114112K
  class space    used 7002K, committed 7296K, reserved 1048576K
}
Event: 8.162 GC heap after
{Heap after GC invocations=15 (full 0):
 garbage-first heap   total 116736K, used 62181K [0x00000000c0000000, 0x0000000100000000)
  region size 1024K, 5 young (5120K), 5 survivors (5120K)
 Metaspace       used 48490K, committed 49152K, reserved 1114112K
  class space    used 7002K, committed 7296K, reserved 1048576K
}
Event: 8.561 GC heap before
{Heap before GC invocations=15 (full 0):
 garbage-first heap   total 116736K, used 85733K [0x00000000c0000000, 0x0000000100000000)
  region size 1024K, 30 young (30720K), 5 survivors (5120K)
 Metaspace       used 52606K, committed 53312K, reserved 1114112K
  class space    used 8000K, committed 8320K, reserved 1048576K
}
Event: 8.568 GC heap after
{Heap after GC invocations=16 (full 0):
 garbage-first heap   total 116736K, used 63585K [0x00000000c0000000, 0x0000000100000000)
  region size 1024K, 2 young (2048K), 2 survivors (2048K)
 Metaspace       used 52606K, committed 53312K, reserved 1114112K
  class space    used 8000K, committed 8320K, reserved 1048576K
}
Event: 8.674 GC heap before
{Heap before GC invocations=17 (full 0):
 garbage-first heap   total 140288K, used 86113K [0x00000000c0000000, 0x0000000100000000)
  region size 1024K, 13 young (13312K), 2 survivors (2048K)
 Metaspace       used 52973K, committed 53632K, reserved 1114112K
  class space    used 8061K, committed 8384K, reserved 1048576K
}
Event: 8.679 GC heap after
{Heap after GC invocations=18 (full 0):
 garbage-first heap   total 140288K, used 81920K [0x00000000c0000000, 0x0000000100000000)
  region size 1024K, 5 young (5120K), 5 survivors (5120K)
 Metaspace       used 52973K, committed 53632K, reserved 1114112K
  class space    used 8061K, committed 8384K, reserved 1048576K
}
Event: 8.900 GC heap before
{Heap before GC invocations=19 (full 0):
 garbage-first heap   total 157696K, used 105472K [0x00000000c0000000, 0x0000000100000000)
  region size 1024K, 27 young (27648K), 5 survivors (5120K)
 Metaspace       used 54485K, committed 55104K, reserved 1114112K
  class space    used 8273K, committed 8576K, reserved 1048576K
}
Event: 8.904 GC heap after
{Heap after GC invocations=20 (full 0):
 garbage-first heap   total 157696K, used 85927K [0x00000000c0000000, 0x0000000100000000)
  region size 1024K, 3 young (3072K), 3 survivors (3072K)
 Metaspace       used 54485K, committed 55104K, reserved 1114112K
  class space    used 8273K, committed 8576K, reserved 1048576K
}
Event: 9.236 GC heap before
{Heap before GC invocations=20 (full 0):
 garbage-first heap   total 157696K, used 114599K [0x00000000c0000000, 0x0000000100000000)
  region size 1024K, 31 young (31744K), 3 survivors (3072K)
 Metaspace       used 57326K, committed 58048K, reserved 1114112K
  class space    used 8610K, committed 8896K, reserved 1048576K
}
Event: 9.239 GC heap after
{Heap after GC invocations=21 (full 0):
 garbage-first heap   total 157696K, used 86778K [0x00000000c0000000, 0x0000000100000000)
  region size 1024K, 1 young (1024K), 1 survivors (1024K)
 Metaspace       used 57326K, committed 58048K, reserved 1114112K
  class space    used 8610K, committed 8896K, reserved 1048576K
}

