# JRE version: OpenJDK Runtime Environment JBR-17.0.11+1-1312.2-nomod (17.0.11+1) (build 17.0.11+1-b1312.2)
# Java VM: OpenJDK 64-Bit Server VM JBR-17.0.11+1-1312.2-nomod (17.0.11+1-b1312.2, mixed mode, sharing, tiered, compressed oops, compressed class ptrs, g1 gc, windows-amd64)
GC Precious Log:
 CPUs: 4 total, 4 available
 Memory: 8067M
 Large Page Support: Disabled
 NUMA Support: Disabled
 Compressed Oops: Enabled (32-bit)
 Heap Region Size: 1M
 Heap Min Capacity: 8M
 Heap Initial Capacity: 128M
 Heap Max Capacity: 1G
 Pre-touch: Disabled
 Parallel Workers: 4
 Concurrent Workers: 1
 Concurrent Refinement Workers: 4
 Periodic GC: Disabled
Heap:
 garbage-first heap   total 323584K, used 136668K [0x00000000c0000000, 0x0000000100000000)
  region size 1024K, 12 young (12288K), 12 survivors (12288K)
 Metaspace       used 121376K, committed 123264K, reserved 1179648K
  class space    used 17191K, committed 18112K, reserved 1048576K
GC Heap History (20 events):
Event: 2756.838 GC heap after
{Heap after GC invocations=86 (full 0):
 garbage-first heap   total 323584K, used 141094K [0x00000000c0000000, 0x0000000100000000)
  region size 1024K, 16 young (16384K), 16 survivors (16384K)
 Metaspace       used 120821K, committed 122752K, reserved 1179648K
  class space    used 17170K, committed 18112K, reserved 1048576K
}
Event: 2756.907 GC heap before
{Heap before GC invocations=86 (full 0):
 garbage-first heap   total 323584K, used 142118K [0x00000000c0000000, 0x0000000100000000)
  region size 1024K, 17 young (17408K), 16 survivors (16384K)
 Metaspace       used 120821K, committed 122752K, reserved 1179648K
  class space    used 17170K, committed 18112K, reserved 1048576K
}
Event: 2757.193 GC heap after
{Heap after GC invocations=87 (full 0):
 garbage-first heap   total 323584K, used 143007K [0x00000000c0000000, 0x0000000100000000)
  region size 1024K, 2 young (2048K), 2 survivors (2048K)
 Metaspace       used 120821K, committed 122752K, reserved 1179648K
  class space    used 17170K, committed 18112K, reserved 1048576K
}
Event: 2914.463 GC heap before
{Heap before GC invocations=88 (full 0):
 garbage-first heap   total 323584K, used 177823K [0x00000000c0000000, 0x0000000100000000)
  region size 1024K, 37 young (37888K), 2 survivors (2048K)
 Metaspace       used 120852K, committed 122752K, reserved 1179648K
  class space    used 17170K, committed 18112K, reserved 1048576K
}
Event: 2914.469 GC heap after
{Heap after GC invocations=89 (full 0):
 garbage-first heap   total 323584K, used 143166K [0x00000000c0000000, 0x0000000100000000)
  region size 1024K, 3 young (3072K), 3 survivors (3072K)
 Metaspace       used 120852K, committed 122752K, reserved 1179648K
  class space    used 17170K, committed 18112K, reserved 1048576K
}
Event: 2914.663 GC heap before
{Heap before GC invocations=89 (full 0):
 garbage-first heap   total 323584K, used 155454K [0x00000000c0000000, 0x0000000100000000)
  region size 1024K, 15 young (15360K), 3 survivors (3072K)
 Metaspace       used 120861K, committed 122752K, reserved 1179648K
  class space    used 17170K, committed 18112K, reserved 1048576K
}
Event: 2914.775 GC heap after
{Heap after GC invocations=90 (full 0):
 garbage-first heap   total 323584K, used 138852K [0x00000000c0000000, 0x0000000100000000)
  region size 1024K, 2 young (2048K), 2 survivors (2048K)
 Metaspace       used 120861K, committed 122752K, reserved 1179648K
  class space    used 17170K, committed 18112K, reserved 1048576K
}
Event: 2916.042 GC heap before
{Heap before GC invocations=90 (full 0):
 garbage-first heap   total 323584K, used 197220K [0x00000000c0000000, 0x0000000100000000)
  region size 1024K, 60 young (61440K), 2 survivors (2048K)
 Metaspace       used 120969K, committed 122880K, reserved 1179648K
  class space    used 17172K, committed 18112K, reserved 1048576K
}
Event: 2916.105 GC heap after
{Heap after GC invocations=91 (full 0):
 garbage-first heap   total 323584K, used 145756K [0x00000000c0000000, 0x0000000100000000)
  region size 1024K, 8 young (8192K), 8 survivors (8192K)
 Metaspace       used 120969K, committed 122880K, reserved 1179648K
  class space    used 17172K, committed 18112K, reserved 1048576K
}
Event: 3094.384 GC heap before
{Heap before GC invocations=92 (full 0):
 garbage-first heap   total 323584K, used 174428K [0x00000000c0000000, 0x0000000100000000)
  region size 1024K, 40 young (40960K), 8 survivors (8192K)
 Metaspace       used 120967K, committed 122880K, reserved 1179648K
  class space    used 17168K, committed 18112K, reserved 1048576K
}
Event: 3094.411 GC heap after
{Heap after GC invocations=93 (full 0):
 garbage-first heap   total 323584K, used 145364K [0x00000000c0000000, 0x0000000100000000)
  region size 1024K, 3 young (3072K), 3 survivors (3072K)
 Metaspace       used 120967K, committed 122880K, reserved 1179648K
  class space    used 17168K, committed 18112K, reserved 1048576K
}
Event: 3094.494 GC heap before
{Heap before GC invocations=93 (full 0):
 garbage-first heap   total 323584K, used 157652K [0x00000000c0000000, 0x0000000100000000)
  region size 1024K, 15 young (15360K), 3 survivors (3072K)
 Metaspace       used 120970K, committed 122880K, reserved 1179648K
  class space    used 17168K, committed 18112K, reserved 1048576K
}
Event: 3094.844 GC heap after
{Heap after GC invocations=94 (full 0):
 garbage-first heap   total 323584K, used 132964K [0x00000000c0000000, 0x0000000100000000)
  region size 1024K, 2 young (2048K), 2 survivors (2048K)
 Metaspace       used 120970K, committed 122880K, reserved 1179648K
  class space    used 17168K, committed 18112K, reserved 1048576K
}
Event: 3095.779 GC heap before
{Heap before GC invocations=94 (full 0):
 garbage-first heap   total 323584K, used 167780K [0x00000000c0000000, 0x0000000100000000)
  region size 1024K, 36 young (36864K), 2 survivors (2048K)
 Metaspace       used 121020K, committed 122944K, reserved 1179648K
  class space    used 17168K, committed 18112K, reserved 1048576K
}
Event: 3095.790 GC heap after
{Heap after GC invocations=95 (full 0):
 garbage-first heap   total 323584K, used 138517K [0x00000000c0000000, 0x0000000100000000)
  region size 1024K, 5 young (5120K), 5 survivors (5120K)
 Metaspace       used 121020K, committed 122944K, reserved 1179648K
  class space    used 17168K, committed 18112K, reserved 1048576K
}
Event: 3096.192 GC heap before
{Heap before GC invocations=96 (full 0):
 garbage-first heap   total 323584K, used 156949K [0x00000000c0000000, 0x0000000100000000)
  region size 1024K, 24 young (24576K), 5 survivors (5120K)
 Metaspace       used 121025K, committed 122944K, reserved 1179648K
  class space    used 17168K, committed 18112K, reserved 1048576K
}
Event: 3096.202 GC heap after
{Heap after GC invocations=97 (full 0):
 garbage-first heap   total 323584K, used 139264K [0x00000000c0000000, 0x0000000100000000)
  region size 1024K, 2 young (2048K), 2 survivors (2048K)
 Metaspace       used 121025K, committed 122944K, reserved 1179648K
  class space    used 17168K, committed 18112K, reserved 1048576K
}
Event: 3096.410 GC heap before
{Heap before GC invocations=97 (full 0):
 garbage-first heap   total 323584K, used 151552K [0x00000000c0000000, 0x0000000100000000)
  region size 1024K, 15 young (15360K), 2 survivors (2048K)
 Metaspace       used 121035K, committed 123008K, reserved 1179648K
  class space    used 17168K, committed 18112K, reserved 1048576K
}
Event: 3096.421 GC heap after
{Heap after GC invocations=98 (full 0):
 garbage-first heap   total 323584K, used 126157K [0x00000000c0000000, 0x0000000100000000)
  region size 1024K, 1 young (1024K), 1 survivors (1024K)
 Metaspace       used 121035K, committed 123008K, reserved 1179648K
  class space    used 17168K, committed 18112K, reserved 1048576K
}
Event: 3541.788 GC heap before
{Heap before GC invocations=98 (full 0):
 garbage-first heap   total 323584K, used 253133K [0x00000000c0000000, 0x0000000100000000)
  region size 1024K, 126 young (129024K), 1 survivors (1024K)
 Metaspace       used 121376K, committed 123264K, reserved 1179648K
  class space    used 17191K, committed 18112K, reserved 1048576K
}

