# JRE version: OpenJDK Runtime Environment JBR-17.0.11+1-1312.2-nomod (17.0.11+1) (build 17.0.11+1-b1312.2)
# Java VM: OpenJDK 64-Bit Server VM JBR-17.0.11+1-1312.2-nomod (17.0.11+1-b1312.2, mixed mode, sharing, tiered, compressed oops, compressed class ptrs, g1 gc, windows-amd64)
GC Precious Log:
 CPUs: 4 total, 4 available
 Memory: 8067M
 Large Page Support: Disabled
 NUMA Support: Disabled
 Compressed Oops: Enabled (32-bit)
 Heap Region Size: 1M
 Heap Min Capacity: 8M
 Heap Initial Capacity: 128M
 Heap Max Capacity: 1G
 Pre-touch: Disabled
 Parallel Workers: 4
 Concurrent Workers: 1
 Concurrent Refinement Workers: 4
 Periodic GC: Disabled
Heap:
 garbage-first heap   total 142336K, used 90059K [0x00000000c0000000, 0x0000000100000000)
  region size 1024K, 7 young (7168K), 1 survivors (1024K)
 Metaspace       used 54068K, committed 54720K, reserved 1114112K
  class space    used 7720K, committed 8000K, reserved 1048576K
GC Heap History (20 events):
Event: 5.957 GC heap before
{Heap before GC invocations=9 (full 0):
 garbage-first heap   total 116736K, used 94320K [0x00000000c0000000, 0x0000000100000000)
  region size 1024K, 48 young (49152K), 6 survivors (6144K)
 Metaspace       used 39659K, committed 40128K, reserved 1114112K
  class space    used 5700K, committed 5888K, reserved 1048576K
}
Event: 5.965 GC heap after
{Heap after GC invocations=10 (full 0):
 garbage-first heap   total 116736K, used 54717K [0x00000000c0000000, 0x0000000100000000)
  region size 1024K, 5 young (5120K), 5 survivors (5120K)
 Metaspace       used 39659K, committed 40128K, reserved 1114112K
  class space    used 5700K, committed 5888K, reserved 1048576K
}
Event: 6.023 GC heap before
{Heap before GC invocations=10 (full 0):
 garbage-first heap   total 116736K, used 59837K [0x00000000c0000000, 0x0000000100000000)
  region size 1024K, 11 young (11264K), 5 survivors (5120K)
 Metaspace       used 40008K, committed 40512K, reserved 1114112K
  class space    used 5730K, committed 5952K, reserved 1048576K
}
Event: 6.028 GC heap after
{Heap after GC invocations=11 (full 0):
 garbage-first heap   total 116736K, used 56678K [0x00000000c0000000, 0x0000000100000000)
  region size 1024K, 1 young (1024K), 1 survivors (1024K)
 Metaspace       used 40008K, committed 40512K, reserved 1114112K
  class space    used 5730K, committed 5952K, reserved 1048576K
}
Event: 6.814 GC heap before
{Heap before GC invocations=12 (full 0):
 garbage-first heap   total 116736K, used 91494K [0x00000000c0000000, 0x0000000100000000)
  region size 1024K, 34 young (34816K), 1 survivors (1024K)
 Metaspace       used 43105K, committed 43648K, reserved 1114112K
  class space    used 6158K, committed 6400K, reserved 1048576K
}
Event: 6.820 GC heap after
{Heap after GC invocations=13 (full 0):
 garbage-first heap   total 116736K, used 56741K [0x00000000c0000000, 0x0000000100000000)
  region size 1024K, 2 young (2048K), 2 survivors (2048K)
 Metaspace       used 43105K, committed 43648K, reserved 1114112K
  class space    used 6158K, committed 6400K, reserved 1048576K
}
Event: 7.549 GC heap before
{Heap before GC invocations=13 (full 0):
 garbage-first heap   total 116736K, used 92581K [0x00000000c0000000, 0x0000000100000000)
  region size 1024K, 37 young (37888K), 2 survivors (2048K)
 Metaspace       used 46366K, committed 46976K, reserved 1114112K
  class space    used 6736K, committed 6976K, reserved 1048576K
}
Event: 7.556 GC heap after
{Heap after GC invocations=14 (full 0):
 garbage-first heap   total 116736K, used 59027K [0x00000000c0000000, 0x0000000100000000)
  region size 1024K, 5 young (5120K), 5 survivors (5120K)
 Metaspace       used 46366K, committed 46976K, reserved 1114112K
  class space    used 6736K, committed 6976K, reserved 1048576K
}
Event: 8.330 GC heap before
{Heap before GC invocations=15 (full 0):
 garbage-first heap   total 116736K, used 91795K [0x00000000c0000000, 0x0000000100000000)
  region size 1024K, 38 young (38912K), 5 survivors (5120K)
 Metaspace       used 48366K, committed 49024K, reserved 1114112K
  class space    used 6983K, committed 7232K, reserved 1048576K
}
Event: 8.342 GC heap after
{Heap after GC invocations=16 (full 0):
 garbage-first heap   total 116736K, used 62657K [0x00000000c0000000, 0x0000000100000000)
  region size 1024K, 5 young (5120K), 5 survivors (5120K)
 Metaspace       used 48366K, committed 49024K, reserved 1114112K
  class space    used 6983K, committed 7232K, reserved 1048576K
}
Event: 8.351 GC heap before
{Heap before GC invocations=16 (full 0):
 garbage-first heap   total 116736K, used 62657K [0x00000000c0000000, 0x0000000100000000)
  region size 1024K, 6 young (6144K), 5 survivors (5120K)
 Metaspace       used 48379K, committed 49024K, reserved 1114112K
  class space    used 6986K, committed 7232K, reserved 1048576K
}
Event: 8.358 GC heap after
{Heap after GC invocations=17 (full 0):
 garbage-first heap   total 116736K, used 63685K [0x00000000c0000000, 0x0000000100000000)
  region size 1024K, 1 young (1024K), 1 survivors (1024K)
 Metaspace       used 48379K, committed 49024K, reserved 1114112K
  class space    used 6986K, committed 7232K, reserved 1048576K
}
Event: 8.430 GC heap before
{Heap before GC invocations=17 (full 0):
 garbage-first heap   total 116736K, used 68805K [0x00000000c0000000, 0x0000000100000000)
  region size 1024K, 7 young (7168K), 1 survivors (1024K)
 Metaspace       used 48512K, committed 49216K, reserved 1114112K
  class space    used 7003K, committed 7296K, reserved 1048576K
}
Event: 8.432 GC heap after
{Heap after GC invocations=18 (full 0):
 garbage-first heap   total 116736K, used 63176K [0x00000000c0000000, 0x0000000100000000)
  region size 1024K, 1 young (1024K), 1 survivors (1024K)
 Metaspace       used 48512K, committed 49216K, reserved 1114112K
  class space    used 7003K, committed 7296K, reserved 1048576K
}
Event: 8.721 GC heap before
{Heap before GC invocations=19 (full 0):
 garbage-first heap   total 142336K, used 108232K [0x00000000c0000000, 0x0000000100000000)
  region size 1024K, 32 young (32768K), 1 survivors (1024K)
 Metaspace       used 50295K, committed 50944K, reserved 1114112K
  class space    used 7252K, committed 7552K, reserved 1048576K
}
Event: 8.727 GC heap after
{Heap after GC invocations=20 (full 0):
 garbage-first heap   total 142336K, used 84396K [0x00000000c0000000, 0x0000000100000000)
  region size 1024K, 4 young (4096K), 4 survivors (4096K)
 Metaspace       used 50295K, committed 50944K, reserved 1114112K
  class space    used 7252K, committed 7552K, reserved 1048576K
}
Event: 8.753 GC heap before
{Heap before GC invocations=20 (full 0):
 garbage-first heap   total 142336K, used 86444K [0x00000000c0000000, 0x0000000100000000)
  region size 1024K, 6 young (6144K), 4 survivors (4096K)
 Metaspace       used 50477K, committed 51136K, reserved 1114112K
  class space    used 7279K, committed 7552K, reserved 1048576K
}
Event: 8.756 GC heap after
{Heap after GC invocations=21 (full 0):
 garbage-first heap   total 142336K, used 84215K [0x00000000c0000000, 0x0000000100000000)
  region size 1024K, 1 young (1024K), 1 survivors (1024K)
 Metaspace       used 50477K, committed 51136K, reserved 1114112K
  class space    used 7279K, committed 7552K, reserved 1048576K
}
Event: 9.088 GC heap before
{Heap before GC invocations=21 (full 0):
 garbage-first heap   total 142336K, used 112887K [0x00000000c0000000, 0x0000000100000000)
  region size 1024K, 30 young (30720K), 1 survivors (1024K)
 Metaspace       used 53407K, committed 54080K, reserved 1114112K
  class space    used 7632K, committed 7936K, reserved 1048576K
}
Event: 9.090 GC heap after
{Heap after GC invocations=22 (full 0):
 garbage-first heap   total 142336K, used 84939K [0x00000000c0000000, 0x0000000100000000)
  region size 1024K, 1 young (1024K), 1 survivors (1024K)
 Metaspace       used 53407K, committed 54080K, reserved 1114112K
  class space    used 7632K, committed 7936K, reserved 1048576K
}

