# JRE version: OpenJDK Runtime Environment JBR-17.0.11+1-1312.2-nomod (17.0.11+1) (build 17.0.11+1-b1312.2)
# Java VM: OpenJDK 64-Bit Server VM JBR-17.0.11+1-1312.2-nomod (17.0.11+1-b1312.2, mixed mode, sharing, tiered, compressed oops, compressed class ptrs, g1 gc, windows-amd64)
GC Precious Log:
 CPUs: 4 total, 4 available
 Memory: 8067M
 Large Page Support: Disabled
 NUMA Support: Disabled
 Compressed Oops: Enabled (32-bit)
 Heap Region Size: 1M
 Heap Min Capacity: 8M
 Heap Initial Capacity: 128M
 Heap Max Capacity: 2G
 Pre-touch: Disabled
 Parallel Workers: 4
 Concurrent Workers: 1
 Concurrent Refinement Workers: 4
 Periodic GC: Disabled
Heap:
 garbage-first heap   total 435200K, used 213728K [0x0000000080000000, 0x0000000100000000)
  region size 1024K, 2 young (2048K), 2 survivors (2048K)
 Metaspace       used 146708K, committed 148032K, reserved 1179648K
  class space    used 19931K, committed 20544K, reserved 1048576K
GC Heap History (20 events):
Event: 760.227 GC heap after
{Heap after GC invocations=33 (full 0):
 garbage-first heap   total 435200K, used 164470K [0x0000000080000000, 0x0000000100000000)
  region size 1024K, 16 young (16384K), 16 survivors (16384K)
 Metaspace       used 110763K, committed 111808K, reserved 1179648K
  class space    used 15297K, committed 15808K, reserved 1048576K
}
Event: 760.665 GC heap before
{Heap before GC invocations=33 (full 0):
 garbage-first heap   total 435200K, used 169590K [0x0000000080000000, 0x0000000100000000)
  region size 1024K, 21 young (21504K), 16 survivors (16384K)
 Metaspace       used 111229K, committed 112256K, reserved 1179648K
  class space    used 15344K, committed 15808K, reserved 1048576K
}
Event: 760.792 GC heap after
{Heap after GC invocations=34 (full 0):
 garbage-first heap   total 435200K, used 166912K [0x0000000080000000, 0x0000000100000000)
  region size 1024K, 2 young (2048K), 2 survivors (2048K)
 Metaspace       used 111229K, committed 112256K, reserved 1179648K
  class space    used 15344K, committed 15808K, reserved 1048576K
}
Event: 762.638 GC heap before
{Heap before GC invocations=34 (full 0):
 garbage-first heap   total 435200K, used 198656K [0x0000000080000000, 0x0000000100000000)
  region size 1024K, 33 young (33792K), 2 survivors (2048K)
 Metaspace       used 111391K, committed 112384K, reserved 1179648K
  class space    used 15345K, committed 15808K, reserved 1048576K
}
Event: 762.752 GC heap after
{Heap after GC invocations=35 (full 0):
 garbage-first heap   total 435200K, used 167109K [0x0000000080000000, 0x0000000100000000)
  region size 1024K, 3 young (3072K), 3 survivors (3072K)
 Metaspace       used 111391K, committed 112384K, reserved 1179648K
  class space    used 15345K, committed 15808K, reserved 1048576K
}
Event: 763.505 GC heap before
{Heap before GC invocations=35 (full 0):
 garbage-first heap   total 435200K, used 206021K [0x0000000080000000, 0x0000000100000000)
  region size 1024K, 41 young (41984K), 3 survivors (3072K)
 Metaspace       used 111444K, committed 112448K, reserved 1179648K
  class space    used 15348K, committed 15808K, reserved 1048576K
}
Event: 763.511 GC heap after
{Heap after GC invocations=36 (full 0):
 garbage-first heap   total 435200K, used 168305K [0x0000000080000000, 0x0000000100000000)
  region size 1024K, 4 young (4096K), 4 survivors (4096K)
 Metaspace       used 111444K, committed 112448K, reserved 1179648K
  class space    used 15348K, committed 15808K, reserved 1048576K
}
Event: 765.228 GC heap before
{Heap before GC invocations=36 (full 0):
 garbage-first heap   total 435200K, used 238961K [0x0000000080000000, 0x0000000100000000)
  region size 1024K, 73 young (74752K), 4 survivors (4096K)
 Metaspace       used 112394K, committed 113344K, reserved 1179648K
  class space    used 15474K, committed 15936K, reserved 1048576K
}
Event: 765.242 GC heap after
{Heap after GC invocations=37 (full 0):
 garbage-first heap   total 435200K, used 169548K [0x0000000080000000, 0x0000000100000000)
  region size 1024K, 5 young (5120K), 5 survivors (5120K)
 Metaspace       used 112394K, committed 113344K, reserved 1179648K
  class space    used 15474K, committed 15936K, reserved 1048576K
}
Event: 769.813 GC heap before
{Heap before GC invocations=37 (full 0):
 garbage-first heap   total 435200K, used 287308K [0x0000000080000000, 0x0000000100000000)
  region size 1024K, 120 young (122880K), 5 survivors (5120K)
 Metaspace       used 115192K, committed 116224K, reserved 1179648K
  class space    used 15781K, committed 16256K, reserved 1048576K
}
Event: 769.843 GC heap after
{Heap after GC invocations=38 (full 0):
 garbage-first heap   total 435200K, used 174661K [0x0000000080000000, 0x0000000100000000)
  region size 1024K, 10 young (10240K), 10 survivors (10240K)
 Metaspace       used 115192K, committed 116224K, reserved 1179648K
  class space    used 15781K, committed 16256K, reserved 1048576K
}
Event: 777.811 GC heap before
{Heap before GC invocations=38 (full 0):
 garbage-first heap   total 435200K, used 297541K [0x0000000080000000, 0x0000000100000000)
  region size 1024K, 130 young (133120K), 10 survivors (10240K)
 Metaspace       used 121891K, committed 123008K, reserved 1179648K
  class space    used 16453K, committed 16960K, reserved 1048576K
}
Event: 777.994 GC heap after
{Heap after GC invocations=39 (full 0):
 garbage-first heap   total 435200K, used 186776K [0x0000000080000000, 0x0000000100000000)
  region size 1024K, 17 young (17408K), 17 survivors (17408K)
 Metaspace       used 121891K, committed 123008K, reserved 1179648K
  class space    used 16453K, committed 16960K, reserved 1048576K
}
Event: 778.416 GC heap before
{Heap before GC invocations=39 (full 0):
 garbage-first heap   total 435200K, used 207256K [0x0000000080000000, 0x0000000100000000)
  region size 1024K, 37 young (37888K), 17 survivors (17408K)
 Metaspace       used 122546K, committed 123712K, reserved 1179648K
  class space    used 16538K, committed 17088K, reserved 1048576K
}
Event: 778.570 GC heap after
{Heap after GC invocations=40 (full 0):
 garbage-first heap   total 435200K, used 189220K [0x0000000080000000, 0x0000000100000000)
  region size 1024K, 2 young (2048K), 2 survivors (2048K)
 Metaspace       used 122546K, committed 123712K, reserved 1179648K
  class space    used 16538K, committed 17088K, reserved 1048576K
}
Event: 1578.319 GC heap before
{Heap before GC invocations=40 (full 0):
 garbage-first heap   total 435200K, used 277284K [0x0000000080000000, 0x0000000100000000)
  region size 1024K, 90 young (92160K), 2 survivors (2048K)
 Metaspace       used 128977K, committed 130240K, reserved 1179648K
  class space    used 17821K, committed 18432K, reserved 1048576K
}
Event: 1578.515 GC heap after
{Heap after GC invocations=41 (full 0):
 garbage-first heap   total 435200K, used 193181K [0x0000000080000000, 0x0000000100000000)
  region size 1024K, 6 young (6144K), 6 survivors (6144K)
 Metaspace       used 128977K, committed 130240K, reserved 1179648K
  class space    used 17821K, committed 18432K, reserved 1048576K
}
Event: 1583.490 GC heap before
{Heap before GC invocations=42 (full 0):
 garbage-first heap   total 435200K, used 371357K [0x0000000080000000, 0x0000000100000000)
  region size 1024K, 166 young (169984K), 6 survivors (6144K)
 Metaspace       used 146499K, committed 147840K, reserved 1179648K
  class space    used 19920K, committed 20544K, reserved 1048576K
}
Event: 1583.574 GC heap after
{Heap after GC invocations=43 (full 0):
 garbage-first heap   total 435200K, used 217635K [0x0000000080000000, 0x0000000100000000)
  region size 1024K, 21 young (21504K), 21 survivors (21504K)
 Metaspace       used 146499K, committed 147840K, reserved 1179648K
  class space    used 19920K, committed 20544K, reserved 1048576K
}
Event: 1583.610 GC heap before
{Heap before GC invocations=43 (full 0):
 garbage-first heap   total 435200K, used 218659K [0x0000000080000000, 0x0000000100000000)
  region size 1024K, 22 young (22528K), 21 survivors (21504K)
 Metaspace       used 146708K, committed 148032K, reserved 1179648K
  class space    used 19931K, committed 20544K, reserved 1048576K
}

