# JRE version: OpenJDK Runtime Environment JBR-17.0.11+1-1312.2-nomod (17.0.11+1) (build 17.0.11+1-b1312.2)
# Java VM: OpenJDK 64-Bit Server VM JBR-17.0.11+1-1312.2-nomod (17.0.11+1-b1312.2, mixed mode, sharing, tiered, compressed oops, compressed class ptrs, g1 gc, windows-amd64)
GC Precious Log:
 CPUs: 4 total, 4 available
 Memory: 8067M
 Large Page Support: Disabled
 NUMA Support: Disabled
 Compressed Oops: Enabled (32-bit)
 Heap Region Size: 1M
 Heap Min Capacity: 8M
 Heap Initial Capacity: 128M
 Heap Max Capacity: 1G
 Pre-touch: Disabled
 Parallel Workers: 4
 Concurrent Workers: 1
 Concurrent Refinement Workers: 4
 Periodic GC: Disabled
Heap:
 garbage-first heap   total 194560K, used 111384K [0x00000000c0000000, 0x0000000100000000)
  region size 1024K, 5 young (5120K), 5 survivors (5120K)
 Metaspace       used 87878K, committed 88576K, reserved 1179648K
  class space    used 12657K, committed 12992K, reserved 1048576K
GC Heap History (20 events):
Event: 13.794 GC heap after
{Heap after GC invocations=42 (full 0):
 garbage-first heap   total 148480K, used 85569K [0x00000000c0000000, 0x0000000100000000)
  region size 1024K, 1 young (1024K), 1 survivors (1024K)
 Metaspace       used 77848K, committed 78464K, reserved 1179648K
  class space    used 11281K, committed 11584K, reserved 1048576K
}
Event: 14.317 GC heap before
{Heap before GC invocations=42 (full 0):
 garbage-first heap   total 148480K, used 124481K [0x00000000c0000000, 0x0000000100000000)
  region size 1024K, 39 young (39936K), 1 survivors (1024K)
 Metaspace       used 80949K, committed 81536K, reserved 1179648K
  class space    used 11774K, committed 12032K, reserved 1048576K
}
Event: 14.321 GC heap after
{Heap after GC invocations=43 (full 0):
 garbage-first heap   total 178176K, used 87081K [0x00000000c0000000, 0x0000000100000000)
  region size 1024K, 3 young (3072K), 3 survivors (3072K)
 Metaspace       used 80949K, committed 81536K, reserved 1179648K
  class space    used 11774K, committed 12032K, reserved 1048576K
}
Event: 15.377 GC heap before
{Heap before GC invocations=44 (full 0):
 garbage-first heap   total 178176K, used 146473K [0x00000000c0000000, 0x0000000100000000)
  region size 1024K, 61 young (62464K), 3 survivors (3072K)
 Metaspace       used 85917K, committed 86592K, reserved 1179648K
  class space    used 12492K, committed 12800K, reserved 1048576K
}
Event: 15.390 GC heap after
{Heap after GC invocations=45 (full 0):
 garbage-first heap   total 178176K, used 92001K [0x00000000c0000000, 0x0000000100000000)
  region size 1024K, 7 young (7168K), 7 survivors (7168K)
 Metaspace       used 85917K, committed 86592K, reserved 1179648K
  class space    used 12492K, committed 12800K, reserved 1048576K
}
Event: 15.405 GC heap before
{Heap before GC invocations=45 (full 0):
 garbage-first heap   total 178176K, used 93025K [0x00000000c0000000, 0x0000000100000000)
  region size 1024K, 8 young (8192K), 7 survivors (7168K)
 Metaspace       used 85935K, committed 86592K, reserved 1179648K
  class space    used 12492K, committed 12800K, reserved 1048576K
}
Event: 15.417 GC heap after
{Heap after GC invocations=46 (full 0):
 garbage-first heap   total 178176K, used 92286K [0x00000000c0000000, 0x0000000100000000)
  region size 1024K, 1 young (1024K), 1 survivors (1024K)
 Metaspace       used 85935K, committed 86592K, reserved 1179648K
  class space    used 12492K, committed 12800K, reserved 1048576K
}
Event: 16.238 GC heap before
{Heap before GC invocations=46 (full 0):
 garbage-first heap   total 178176K, used 147582K [0x00000000c0000000, 0x0000000100000000)
  region size 1024K, 55 young (56320K), 1 survivors (1024K)
 Metaspace       used 86724K, committed 87360K, reserved 1179648K
  class space    used 12573K, committed 12864K, reserved 1048576K
}
Event: 16.247 GC heap after
{Heap after GC invocations=47 (full 0):
 garbage-first heap   total 178176K, used 98079K [0x00000000c0000000, 0x0000000100000000)
  region size 1024K, 7 young (7168K), 7 survivors (7168K)
 Metaspace       used 86724K, committed 87360K, reserved 1179648K
  class space    used 12573K, committed 12864K, reserved 1048576K
}
Event: 17.337 GC heap before
{Heap before GC invocations=48 (full 0):
 garbage-first heap   total 178176K, used 145183K [0x00000000c0000000, 0x0000000100000000)
  region size 1024K, 54 young (55296K), 7 survivors (7168K)
 Metaspace       used 87292K, committed 88000K, reserved 1179648K
  class space    used 12609K, committed 12928K, reserved 1048576K
}
Event: 17.351 GC heap after
{Heap after GC invocations=49 (full 0):
 garbage-first heap   total 178176K, used 101599K [0x00000000c0000000, 0x0000000100000000)
  region size 1024K, 5 young (5120K), 5 survivors (5120K)
 Metaspace       used 87292K, committed 88000K, reserved 1179648K
  class space    used 12609K, committed 12928K, reserved 1048576K
}
Event: 17.409 GC heap before
{Heap before GC invocations=49 (full 0):
 garbage-first heap   total 178176K, used 104671K [0x00000000c0000000, 0x0000000100000000)
  region size 1024K, 8 young (8192K), 5 survivors (5120K)
 Metaspace       used 87343K, committed 88000K, reserved 1179648K
  class space    used 12610K, committed 12928K, reserved 1048576K
}
Event: 17.417 GC heap after
{Heap after GC invocations=50 (full 0):
 garbage-first heap   total 178176K, used 101200K [0x00000000c0000000, 0x0000000100000000)
  region size 1024K, 1 young (1024K), 1 survivors (1024K)
 Metaspace       used 87343K, committed 88000K, reserved 1179648K
  class space    used 12610K, committed 12928K, reserved 1048576K
}
Event: 18.082 GC heap before
{Heap before GC invocations=50 (full 0):
 garbage-first heap   total 178176K, used 146256K [0x00000000c0000000, 0x0000000100000000)
  region size 1024K, 46 young (47104K), 1 survivors (1024K)
 Metaspace       used 87606K, committed 88320K, reserved 1179648K
  class space    used 12639K, committed 12992K, reserved 1048576K
}
Event: 18.090 GC heap after
{Heap after GC invocations=51 (full 0):
 garbage-first heap   total 178176K, used 105178K [0x00000000c0000000, 0x0000000100000000)
  region size 1024K, 5 young (5120K), 5 survivors (5120K)
 Metaspace       used 87606K, committed 88320K, reserved 1179648K
  class space    used 12639K, committed 12992K, reserved 1048576K
}
Event: 18.860 GC heap before
{Heap before GC invocations=52 (full 0):
 garbage-first heap   total 194560K, used 146138K [0x00000000c0000000, 0x0000000100000000)
  region size 1024K, 46 young (47104K), 5 survivors (5120K)
 Metaspace       used 87793K, committed 88512K, reserved 1179648K
  class space    used 12653K, committed 12992K, reserved 1048576K
}
Event: 18.880 GC heap after
{Heap after GC invocations=53 (full 0):
 garbage-first heap   total 194560K, used 107916K [0x00000000c0000000, 0x0000000100000000)
  region size 1024K, 4 young (4096K), 4 survivors (4096K)
 Metaspace       used 87793K, committed 88512K, reserved 1179648K
  class space    used 12653K, committed 12992K, reserved 1048576K
}
Event: 18.919 GC heap before
{Heap before GC invocations=53 (full 0):
 garbage-first heap   total 194560K, used 113036K [0x00000000c0000000, 0x0000000100000000)
  region size 1024K, 9 young (9216K), 4 survivors (4096K)
 Metaspace       used 87794K, committed 88512K, reserved 1179648K
  class space    used 12653K, committed 12992K, reserved 1048576K
}
Event: 18.928 GC heap after
{Heap after GC invocations=54 (full 0):
 garbage-first heap   total 194560K, used 107717K [0x00000000c0000000, 0x0000000100000000)
  region size 1024K, 1 young (1024K), 1 survivors (1024K)
 Metaspace       used 87794K, committed 88512K, reserved 1179648K
  class space    used 12653K, committed 12992K, reserved 1048576K
}
Event: 19.625 GC heap before
{Heap before GC invocations=54 (full 0):
 garbage-first heap   total 194560K, used 159941K [0x00000000c0000000, 0x0000000100000000)
  region size 1024K, 53 young (54272K), 1 survivors (1024K)
 Metaspace       used 87878K, committed 88576K, reserved 1179648K
  class space    used 12657K, committed 12992K, reserved 1048576K
}

