# JRE version: OpenJDK Runtime Environment JBR-17.0.11+1-1312.2-nomod (17.0.11+1) (build 17.0.11+1-b1312.2)
# Java VM: OpenJDK 64-Bit Server VM JBR-17.0.11+1-1312.2-nomod (17.0.11+1-b1312.2, mixed mode, sharing, tiered, compressed oops, compressed class ptrs, g1 gc, windows-amd64)
GC Precious Log:
 CPUs: 4 total, 4 available
 Memory: 8067M
 Large Page Support: Disabled
 NUMA Support: Disabled
 Compressed Oops: Enabled (32-bit)
 Heap Region Size: 1M
 Heap Min Capacity: 8M
 Heap Initial Capacity: 128M
 Heap Max Capacity: 1G
 Pre-touch: Disabled
 Parallel Workers: 4
 Concurrent Workers: 1
 Concurrent Refinement Workers: 4
 Periodic GC: Disabled
Heap:
 garbage-first heap   total 275456K, used 185693K [0x00000000c0000000, 0x0000000100000000)
  region size 1024K, 6 young (6144K), 6 survivors (6144K)
 Metaspace       used 106134K, committed 106944K, reserved 1179648K
  class space    used 14680K, committed 15104K, reserved 1048576K
GC Heap History (20 events):
Event: 24.366 GC heap after
{Heap after GC invocations=51 (full 0):
 garbage-first heap   total 226304K, used 151855K [0x00000000c0000000, 0x0000000100000000)
  region size 1024K, 1 young (1024K), 1 survivors (1024K)
 Metaspace       used 99907K, committed 100672K, reserved 1179648K
  class space    used 13842K, committed 14208K, reserved 1048576K
}
Event: 25.142 GC heap before
{Heap before GC invocations=51 (full 0):
 garbage-first heap   total 226304K, used 190767K [0x00000000c0000000, 0x0000000100000000)
  region size 1024K, 40 young (40960K), 1 survivors (1024K)
 Metaspace       used 100168K, committed 100928K, reserved 1179648K
  class space    used 13855K, committed 14272K, reserved 1048576K
}
Event: 25.148 GC heap after
{Heap after GC invocations=52 (full 0):
 garbage-first heap   total 226304K, used 154304K [0x00000000c0000000, 0x0000000100000000)
  region size 1024K, 4 young (4096K), 4 survivors (4096K)
 Metaspace       used 100168K, committed 100928K, reserved 1179648K
  class space    used 13855K, committed 14272K, reserved 1048576K
}
Event: 25.617 GC heap before
{Heap before GC invocations=52 (full 0):
 garbage-first heap   total 226304K, used 190144K [0x00000000c0000000, 0x0000000100000000)
  region size 1024K, 40 young (40960K), 4 survivors (4096K)
 Metaspace       used 100247K, committed 100992K, reserved 1179648K
  class space    used 13867K, committed 14272K, reserved 1048576K
}
Event: 25.629 GC heap after
{Heap after GC invocations=53 (full 0):
 garbage-first heap   total 226304K, used 157136K [0x00000000c0000000, 0x0000000100000000)
  region size 1024K, 4 young (4096K), 4 survivors (4096K)
 Metaspace       used 100247K, committed 100992K, reserved 1179648K
  class space    used 13867K, committed 14272K, reserved 1048576K
}
Event: 27.373 GC heap before
{Heap before GC invocations=53 (full 0):
 garbage-first heap   total 226304K, used 190928K [0x00000000c0000000, 0x0000000100000000)
  region size 1024K, 38 young (38912K), 4 survivors (4096K)
 Metaspace       used 100535K, committed 101312K, reserved 1179648K
  class space    used 13909K, committed 14336K, reserved 1048576K
}
Event: 27.382 GC heap after
{Heap after GC invocations=54 (full 0):
 garbage-first heap   total 226304K, used 158805K [0x00000000c0000000, 0x0000000100000000)
  region size 1024K, 3 young (3072K), 3 survivors (3072K)
 Metaspace       used 100535K, committed 101312K, reserved 1179648K
  class space    used 13909K, committed 14336K, reserved 1048576K
}
Event: 27.710 GC heap before
{Heap before GC invocations=54 (full 0):
 garbage-first heap   total 226304K, used 204885K [0x00000000c0000000, 0x0000000100000000)
  region size 1024K, 37 young (37888K), 3 survivors (3072K)
 Metaspace       used 101903K, committed 102656K, reserved 1179648K
  class space    used 14097K, committed 14464K, reserved 1048576K
}
Event: 27.718 GC heap after
{Heap after GC invocations=55 (full 0):
 garbage-first heap   total 226304K, used 179571K [0x00000000c0000000, 0x0000000100000000)
  region size 1024K, 5 young (5120K), 5 survivors (5120K)
 Metaspace       used 101903K, committed 102656K, reserved 1179648K
  class space    used 14097K, committed 14464K, reserved 1048576K
}
Event: 27.901 GC heap before
{Heap before GC invocations=55 (full 0):
 garbage-first heap   total 226304K, used 193907K [0x00000000c0000000, 0x0000000100000000)
  region size 1024K, 20 young (20480K), 5 survivors (5120K)
 Metaspace       used 103520K, committed 104320K, reserved 1179648K
  class space    used 14321K, committed 14720K, reserved 1048576K
}
Event: 27.909 GC heap after
{Heap after GC invocations=56 (full 0):
 garbage-first heap   total 226304K, used 180560K [0x00000000c0000000, 0x0000000100000000)
  region size 1024K, 2 young (2048K), 2 survivors (2048K)
 Metaspace       used 103520K, committed 104320K, reserved 1179648K
  class space    used 14321K, committed 14720K, reserved 1048576K
}
Event: 28.182 GC heap before
{Heap before GC invocations=56 (full 0):
 garbage-first heap   total 226304K, used 193872K [0x00000000c0000000, 0x0000000100000000)
  region size 1024K, 16 young (16384K), 2 survivors (2048K)
 Metaspace       used 105336K, committed 106112K, reserved 1179648K
  class space    used 14580K, committed 14976K, reserved 1048576K
}
Event: 28.187 GC heap after
{Heap after GC invocations=57 (full 0):
 garbage-first heap   total 226304K, used 180781K [0x00000000c0000000, 0x0000000100000000)
  region size 1024K, 2 young (2048K), 2 survivors (2048K)
 Metaspace       used 105336K, committed 106112K, reserved 1179648K
  class space    used 14580K, committed 14976K, reserved 1048576K
}
Event: 28.286 GC heap before
{Heap before GC invocations=57 (full 0):
 garbage-first heap   total 275456K, used 206381K [0x00000000c0000000, 0x0000000100000000)
  region size 1024K, 17 young (17408K), 2 survivors (2048K)
 Metaspace       used 105485K, committed 106368K, reserved 1179648K
  class space    used 14599K, committed 15040K, reserved 1048576K
}
Event: 28.291 GC heap after
{Heap after GC invocations=58 (full 0):
 garbage-first heap   total 275456K, used 178273K [0x00000000c0000000, 0x0000000100000000)
  region size 1024K, 3 young (3072K), 3 survivors (3072K)
 Metaspace       used 105485K, committed 106368K, reserved 1179648K
  class space    used 14599K, committed 15040K, reserved 1048576K
}
Event: 28.743 GC heap before
{Heap before GC invocations=59 (full 0):
 garbage-first heap   total 275456K, used 227425K [0x00000000c0000000, 0x0000000100000000)
  region size 1024K, 51 young (52224K), 3 survivors (3072K)
 Metaspace       used 105848K, committed 106688K, reserved 1179648K
  class space    used 14655K, committed 15104K, reserved 1048576K
}
Event: 28.767 GC heap after
{Heap after GC invocations=60 (full 0):
 garbage-first heap   total 275456K, used 195094K [0x00000000c0000000, 0x0000000100000000)
  region size 1024K, 7 young (7168K), 7 survivors (7168K)
 Metaspace       used 105848K, committed 106688K, reserved 1179648K
  class space    used 14655K, committed 15104K, reserved 1048576K
}
Event: 28.802 GC heap before
{Heap before GC invocations=60 (full 0):
 garbage-first heap   total 275456K, used 201238K [0x00000000c0000000, 0x0000000100000000)
  region size 1024K, 13 young (13312K), 7 survivors (7168K)
 Metaspace       used 105848K, committed 106688K, reserved 1179648K
  class space    used 14655K, committed 15104K, reserved 1048576K
}
Event: 28.818 GC heap after
{Heap after GC invocations=61 (full 0):
 garbage-first heap   total 275456K, used 174642K [0x00000000c0000000, 0x0000000100000000)
  region size 1024K, 2 young (2048K), 2 survivors (2048K)
 Metaspace       used 105848K, committed 106688K, reserved 1179648K
  class space    used 14655K, committed 15104K, reserved 1048576K
}
Event: 29.222 GC heap before
{Heap before GC invocations=61 (full 0):
 garbage-first heap   total 275456K, used 220722K [0x00000000c0000000, 0x0000000100000000)
  region size 1024K, 47 young (48128K), 2 survivors (2048K)
 Metaspace       used 106134K, committed 106944K, reserved 1179648K
  class space    used 14680K, committed 15104K, reserved 1048576K
}

