# JRE version: OpenJDK Runtime Environment JBR-17.0.11+1-1312.2-nomod (17.0.11+1) (build 17.0.11+1-b1312.2)
# Java VM: OpenJDK 64-Bit Server VM JBR-17.0.11+1-1312.2-nomod (17.0.11+1-b1312.2, mixed mode, sharing, tiered, compressed oops, compressed class ptrs, g1 gc, windows-amd64)
GC Precious Log:
 CPUs: 4 total, 4 available
 Memory: 8067M
 Large Page Support: Disabled
 NUMA Support: Disabled
 Compressed Oops: Enabled (32-bit)
 Heap Region Size: 1M
 Heap Min Capacity: 8M
 Heap Initial Capacity: 128M
 Heap Max Capacity: 1G
 Pre-touch: Disabled
 Parallel Workers: 4
 Concurrent Workers: 1
 Concurrent Refinement Workers: 4
 Periodic GC: Disabled
Heap:
 garbage-first heap   total 245760K, used 153790K [0x00000000c0000000, 0x0000000100000000)
  region size 1024K, 4 young (4096K), 4 survivors (4096K)
 Metaspace       used 96961K, committed 97664K, reserved 1179648K
  class space    used 13494K, committed 13824K, reserved 1048576K
GC Heap History (20 events):
Event: 13.610 GC heap after
{Heap after GC invocations=36 (full 0):
 garbage-first heap   total 186368K, used 105143K [0x00000000c0000000, 0x0000000100000000)
  region size 1024K, 3 young (3072K), 3 survivors (3072K)
 Metaspace       used 73965K, committed 74752K, reserved 1114112K
  class space    used 10403K, committed 10752K, reserved 1048576K
}
Event: 13.791 GC heap before
{Heap before GC invocations=36 (full 0):
 garbage-first heap   total 186368K, used 119479K [0x00000000c0000000, 0x0000000100000000)
  region size 1024K, 18 young (18432K), 3 survivors (3072K)
 Metaspace       used 76075K, committed 76864K, reserved 1179648K
  class space    used 10671K, committed 11008K, reserved 1048576K
}
Event: 13.795 GC heap after
{Heap after GC invocations=37 (full 0):
 garbage-first heap   total 186368K, used 105355K [0x00000000c0000000, 0x0000000100000000)
  region size 1024K, 4 young (4096K), 4 survivors (4096K)
 Metaspace       used 76075K, committed 76864K, reserved 1179648K
  class space    used 10671K, committed 11008K, reserved 1048576K
}
Event: 14.467 GC heap before
{Heap before GC invocations=38 (full 0):
 garbage-first heap   total 198656K, used 154507K [0x00000000c0000000, 0x0000000100000000)
  region size 1024K, 48 young (49152K), 4 survivors (4096K)
 Metaspace       used 82875K, committed 83584K, reserved 1179648K
  class space    used 11882K, committed 12224K, reserved 1048576K
}
Event: 14.473 GC heap after
{Heap after GC invocations=39 (full 0):
 garbage-first heap   total 198656K, used 110619K [0x00000000c0000000, 0x0000000100000000)
  region size 1024K, 5 young (5120K), 5 survivors (5120K)
 Metaspace       used 82875K, committed 83584K, reserved 1179648K
  class space    used 11882K, committed 12224K, reserved 1048576K
}
Event: 14.535 GC heap before
{Heap before GC invocations=39 (full 0):
 garbage-first heap   total 198656K, used 113691K [0x00000000c0000000, 0x0000000100000000)
  region size 1024K, 9 young (9216K), 5 survivors (5120K)
 Metaspace       used 83626K, committed 84416K, reserved 1179648K
  class space    used 12098K, committed 12480K, reserved 1048576K
}
Event: 14.540 GC heap after
{Heap after GC invocations=40 (full 0):
 garbage-first heap   total 198656K, used 110271K [0x00000000c0000000, 0x0000000100000000)
  region size 1024K, 2 young (2048K), 2 survivors (2048K)
 Metaspace       used 83626K, committed 84416K, reserved 1179648K
  class space    used 12098K, committed 12480K, reserved 1048576K
}
Event: 14.607 GC heap before
{Heap before GC invocations=40 (full 0):
 garbage-first heap   total 198656K, used 114367K [0x00000000c0000000, 0x0000000100000000)
  region size 1024K, 7 young (7168K), 2 survivors (2048K)
 Metaspace       used 84455K, committed 85248K, reserved 1179648K
  class space    used 12211K, committed 12544K, reserved 1048576K
}
Event: 14.609 GC heap after
{Heap after GC invocations=41 (full 0):
 garbage-first heap   total 198656K, used 110225K [0x00000000c0000000, 0x0000000100000000)
  region size 1024K, 2 young (2048K), 2 survivors (2048K)
 Metaspace       used 84455K, committed 85248K, reserved 1179648K
  class space    used 12211K, committed 12544K, reserved 1048576K
}
Event: 14.983 GC heap before
{Heap before GC invocations=42 (full 0):
 garbage-first heap   total 232448K, used 168593K [0x00000000c0000000, 0x0000000100000000)
  region size 1024K, 52 young (53248K), 2 survivors (2048K)
 Metaspace       used 84644K, committed 85504K, reserved 1179648K
  class space    used 12221K, committed 12608K, reserved 1048576K
}
Event: 15.003 GC heap after
{Heap after GC invocations=43 (full 0):
 garbage-first heap   total 232448K, used 125540K [0x00000000c0000000, 0x0000000100000000)
  region size 1024K, 7 young (7168K), 7 survivors (7168K)
 Metaspace       used 84644K, committed 85504K, reserved 1179648K
  class space    used 12221K, committed 12608K, reserved 1048576K
}
Event: 15.040 GC heap before
{Heap before GC invocations=43 (full 0):
 garbage-first heap   total 232448K, used 129636K [0x00000000c0000000, 0x0000000100000000)
  region size 1024K, 11 young (11264K), 7 survivors (7168K)
 Metaspace       used 84644K, committed 85504K, reserved 1179648K
  class space    used 12221K, committed 12608K, reserved 1048576K
}
Event: 15.052 GC heap after
{Heap after GC invocations=44 (full 0):
 garbage-first heap   total 232448K, used 127692K [0x00000000c0000000, 0x0000000100000000)
  region size 1024K, 2 young (2048K), 2 survivors (2048K)
 Metaspace       used 84644K, committed 85504K, reserved 1179648K
  class space    used 12221K, committed 12608K, reserved 1048576K
}
Event: 15.638 GC heap before
{Heap before GC invocations=44 (full 0):
 garbage-first heap   total 232448K, used 181964K [0x00000000c0000000, 0x0000000100000000)
  region size 1024K, 55 young (56320K), 2 survivors (2048K)
 Metaspace       used 86459K, committed 87232K, reserved 1179648K
  class space    used 12463K, committed 12800K, reserved 1048576K
}
Event: 15.652 GC heap after
{Heap after GC invocations=45 (full 0):
 garbage-first heap   total 232448K, used 138200K [0x00000000c0000000, 0x0000000100000000)
  region size 1024K, 7 young (7168K), 7 survivors (7168K)
 Metaspace       used 86459K, committed 87232K, reserved 1179648K
  class space    used 12463K, committed 12800K, reserved 1048576K
}
Event: 16.384 GC heap before
{Heap before GC invocations=46 (full 0):
 garbage-first heap   total 245760K, used 192472K [0x00000000c0000000, 0x0000000100000000)
  region size 1024K, 53 young (54272K), 7 survivors (7168K)
 Metaspace       used 90567K, committed 91328K, reserved 1179648K
  class space    used 12886K, committed 13248K, reserved 1048576K
}
Event: 16.397 GC heap after
{Heap after GC invocations=47 (full 0):
 garbage-first heap   total 245760K, used 150774K [0x00000000c0000000, 0x0000000100000000)
  region size 1024K, 5 young (5120K), 5 survivors (5120K)
 Metaspace       used 90567K, committed 91328K, reserved 1179648K
  class space    used 12886K, committed 13248K, reserved 1048576K
}
Event: 16.489 GC heap before
{Heap before GC invocations=47 (full 0):
 garbage-first heap   total 245760K, used 157942K [0x00000000c0000000, 0x0000000100000000)
  region size 1024K, 12 young (12288K), 5 survivors (5120K)
 Metaspace       used 91295K, committed 92032K, reserved 1179648K
  class space    used 12961K, committed 13312K, reserved 1048576K
}
Event: 16.495 GC heap after
{Heap after GC invocations=48 (full 0):
 garbage-first heap   total 245760K, used 151843K [0x00000000c0000000, 0x0000000100000000)
  region size 1024K, 2 young (2048K), 2 survivors (2048K)
 Metaspace       used 91295K, committed 92032K, reserved 1179648K
  class space    used 12961K, committed 13312K, reserved 1048576K
}
Event: 17.135 GC heap before
{Heap before GC invocations=48 (full 0):
 garbage-first heap   total 245760K, used 198947K [0x00000000c0000000, 0x0000000100000000)
  region size 1024K, 48 young (49152K), 2 survivors (2048K)
 Metaspace       used 96961K, committed 97664K, reserved 1179648K
  class space    used 13494K, committed 13824K, reserved 1048576K
}

