# JRE version: OpenJDK Runtime Environment JBR-17.0.11+1-1312.2-nomod (17.0.11+1) (build 17.0.11+1-b1312.2)
# Java VM: OpenJDK 64-Bit Server VM JBR-17.0.11+1-1312.2-nomod (17.0.11+1-b1312.2, mixed mode, sharing, tiered, compressed oops, compressed class ptrs, g1 gc, windows-amd64)
GC Precious Log:
 CPUs: 4 total, 4 available
 Memory: 8067M
 Large Page Support: Disabled
 NUMA Support: Disabled
 Compressed Oops: Enabled (32-bit)
 Heap Region Size: 1M
 Heap Min Capacity: 8M
 Heap Initial Capacity: 128M
 Heap Max Capacity: 1G
 Pre-touch: Disabled
 Parallel Workers: 4
 Concurrent Workers: 1
 Concurrent Refinement Workers: 4
 Periodic GC: Disabled
Heap:
 garbage-first heap   total 211968K, used 181209K [0x00000000c0000000, 0x0000000100000000)
  region size 1024K, 29 young (29696K), 4 survivors (4096K)
 Metaspace       used 96498K, committed 97216K, reserved 1179648K
  class space    used 13810K, committed 14144K, reserved 1048576K
GC Heap History (20 events):
Event: 14.968 GC heap before
{Heap before GC invocations=41 (full 0):
 garbage-first heap   total 160768K, used 128301K [0x00000000c0000000, 0x0000000100000000)
  region size 1024K, 45 young (46080K), 5 survivors (5120K)
 Metaspace       used 84389K, committed 85056K, reserved 1179648K
  class space    used 12212K, committed 12544K, reserved 1048576K
}
Event: 14.977 GC heap after
{Heap after GC invocations=42 (full 0):
 garbage-first heap   total 160768K, used 90519K [0x00000000c0000000, 0x0000000100000000)
  region size 1024K, 6 young (6144K), 6 survivors (6144K)
 Metaspace       used 84389K, committed 85056K, reserved 1179648K
  class space    used 12212K, committed 12544K, reserved 1048576K
}
Event: 15.835 GC heap before
{Heap before GC invocations=42 (full 0):
 garbage-first heap   total 160768K, used 133527K [0x00000000c0000000, 0x0000000100000000)
  region size 1024K, 49 young (50176K), 6 survivors (6144K)
 Metaspace       used 86605K, committed 87360K, reserved 1179648K
  class space    used 12573K, committed 12928K, reserved 1048576K
}
Event: 15.848 GC heap after
{Heap after GC invocations=43 (full 0):
 garbage-first heap   total 160768K, used 95925K [0x00000000c0000000, 0x0000000100000000)
  region size 1024K, 7 young (7168K), 7 survivors (7168K)
 Metaspace       used 86605K, committed 87360K, reserved 1179648K
  class space    used 12573K, committed 12928K, reserved 1048576K
}
Event: 16.477 GC heap before
{Heap before GC invocations=44 (full 0):
 garbage-first heap   total 176128K, used 130741K [0x00000000c0000000, 0x0000000100000000)
  region size 1024K, 42 young (43008K), 7 survivors (7168K)
 Metaspace       used 86827K, committed 87552K, reserved 1179648K
  class space    used 12576K, committed 12928K, reserved 1048576K
}
Event: 16.488 GC heap after
{Heap after GC invocations=45 (full 0):
 garbage-first heap   total 176128K, used 99269K [0x00000000c0000000, 0x0000000100000000)
  region size 1024K, 5 young (5120K), 5 survivors (5120K)
 Metaspace       used 86827K, committed 87552K, reserved 1179648K
  class space    used 12576K, committed 12928K, reserved 1048576K
}
Event: 16.547 GC heap before
{Heap before GC invocations=45 (full 0):
 garbage-first heap   total 176128K, used 102341K [0x00000000c0000000, 0x0000000100000000)
  region size 1024K, 8 young (8192K), 5 survivors (5120K)
 Metaspace       used 86883K, committed 87616K, reserved 1179648K
  class space    used 12580K, committed 12928K, reserved 1048576K
}
Event: 16.552 GC heap after
{Heap after GC invocations=46 (full 0):
 garbage-first heap   total 176128K, used 99328K [0x00000000c0000000, 0x0000000100000000)
  region size 1024K, 1 young (1024K), 1 survivors (1024K)
 Metaspace       used 86883K, committed 87616K, reserved 1179648K
  class space    used 12580K, committed 12928K, reserved 1048576K
}
Event: 17.234 GC heap before
{Heap before GC invocations=46 (full 0):
 garbage-first heap   total 176128K, used 144384K [0x00000000c0000000, 0x0000000100000000)
  region size 1024K, 46 young (47104K), 1 survivors (1024K)
 Metaspace       used 87342K, committed 88000K, reserved 1179648K
  class space    used 12611K, committed 12928K, reserved 1048576K
}
Event: 17.242 GC heap after
{Heap after GC invocations=47 (full 0):
 garbage-first heap   total 211968K, used 102853K [0x00000000c0000000, 0x0000000100000000)
  region size 1024K, 5 young (5120K), 5 survivors (5120K)
 Metaspace       used 87342K, committed 88000K, reserved 1179648K
  class space    used 12611K, committed 12928K, reserved 1048576K
}
Event: 18.122 GC heap before
{Heap before GC invocations=48 (full 0):
 garbage-first heap   total 211968K, used 171461K [0x00000000c0000000, 0x0000000100000000)
  region size 1024K, 73 young (74752K), 5 survivors (5120K)
 Metaspace       used 87867K, committed 88576K, reserved 1179648K
  class space    used 12691K, committed 13056K, reserved 1048576K
}
Event: 18.132 GC heap after
{Heap after GC invocations=49 (full 0):
 garbage-first heap   total 211968K, used 107702K [0x00000000c0000000, 0x0000000100000000)
  region size 1024K, 10 young (10240K), 10 survivors (10240K)
 Metaspace       used 87867K, committed 88576K, reserved 1179648K
  class space    used 12691K, committed 13056K, reserved 1048576K
}
Event: 18.152 GC heap before
{Heap before GC invocations=49 (full 0):
 garbage-first heap   total 211968K, used 108726K [0x00000000c0000000, 0x0000000100000000)
  region size 1024K, 11 young (11264K), 10 survivors (10240K)
 Metaspace       used 88011K, committed 88704K, reserved 1179648K
  class space    used 12716K, committed 13056K, reserved 1048576K
}
Event: 18.161 GC heap after
{Heap after GC invocations=50 (full 0):
 garbage-first heap   total 211968K, used 107404K [0x00000000c0000000, 0x0000000100000000)
  region size 1024K, 2 young (2048K), 2 survivors (2048K)
 Metaspace       used 88011K, committed 88704K, reserved 1179648K
  class space    used 12716K, committed 13056K, reserved 1048576K
}
Event: 19.243 GC heap before
{Heap before GC invocations=50 (full 0):
 garbage-first heap   total 211968K, used 172940K [0x00000000c0000000, 0x0000000100000000)
  region size 1024K, 67 young (68608K), 2 survivors (2048K)
 Metaspace       used 91428K, committed 92160K, reserved 1179648K
  class space    used 13150K, committed 13504K, reserved 1048576K
}
Event: 19.253 GC heap after
{Heap after GC invocations=51 (full 0):
 garbage-first heap   total 211968K, used 112336K [0x00000000c0000000, 0x0000000100000000)
  region size 1024K, 7 young (7168K), 7 survivors (7168K)
 Metaspace       used 91428K, committed 92160K, reserved 1179648K
  class space    used 13150K, committed 13504K, reserved 1048576K
}
Event: 19.934 GC heap before
{Heap before GC invocations=51 (full 0):
 garbage-first heap   total 211968K, used 171728K [0x00000000c0000000, 0x0000000100000000)
  region size 1024K, 56 young (57344K), 7 survivors (7168K)
 Metaspace       used 92931K, committed 93696K, reserved 1179648K
  class space    used 13291K, committed 13632K, reserved 1048576K
}
Event: 19.945 GC heap after
{Heap after GC invocations=52 (full 0):
 garbage-first heap   total 211968K, used 124746K [0x00000000c0000000, 0x0000000100000000)
  region size 1024K, 7 young (7168K), 7 survivors (7168K)
 Metaspace       used 92931K, committed 93696K, reserved 1179648K
  class space    used 13291K, committed 13632K, reserved 1048576K
}
Event: 20.334 GC heap before
{Heap before GC invocations=52 (full 0):
 garbage-first heap   total 211968K, used 163658K [0x00000000c0000000, 0x0000000100000000)
  region size 1024K, 35 young (35840K), 7 survivors (7168K)
 Metaspace       used 96187K, committed 96960K, reserved 1179648K
  class space    used 13765K, committed 14144K, reserved 1048576K
}
Event: 20.341 GC heap after
{Heap after GC invocations=53 (full 0):
 garbage-first heap   total 211968K, used 136153K [0x00000000c0000000, 0x0000000100000000)
  region size 1024K, 4 young (4096K), 4 survivors (4096K)
 Metaspace       used 96187K, committed 96960K, reserved 1179648K
  class space    used 13765K, committed 14144K, reserved 1048576K
}

