# JRE version: OpenJDK Runtime Environment JBR-17.0.11+1-1312.2-nomod (17.0.11+1) (build 17.0.11+1-b1312.2)
# Java VM: OpenJDK 64-Bit Server VM JBR-17.0.11+1-1312.2-nomod (17.0.11+1-b1312.2, mixed mode, sharing, tiered, compressed oops, compressed class ptrs, g1 gc, windows-amd64)
GC Precious Log:
 CPUs: 4 total, 4 available
 Memory: 8067M
 Large Page Support: Disabled
 NUMA Support: Disabled
 Compressed Oops: Enabled (32-bit)
 Heap Region Size: 1M
 Heap Min Capacity: 8M
 Heap Initial Capacity: 128M
 Heap Max Capacity: 1G
 Pre-touch: Disabled
 Parallel Workers: 4
 Concurrent Workers: 1
 Concurrent Refinement Workers: 4
 Periodic GC: Disabled
Heap:
 garbage-first heap   total 435200K, used 254114K [0x00000000c0000000, 0x0000000100000000)
  region size 1024K, 3 young (3072K), 3 survivors (3072K)
 Metaspace       used 110907K, committed 111744K, reserved 1179648K
  class space    used 15422K, committed 15872K, reserved 1048576K
GC Heap History (20 events):
Event: 47.144 GC heap after
{Heap after GC invocations=53 (full 0):
 garbage-first heap   total 221184K, used 121565K [0x00000000c0000000, 0x0000000100000000)
  region size 1024K, 2 young (2048K), 2 survivors (2048K)
 Metaspace       used 100715K, committed 101568K, reserved 1179648K
  class space    used 14304K, committed 14720K, reserved 1048576K
}
Event: 48.223 GC heap before
{Heap before GC invocations=53 (full 0):
 garbage-first heap   total 221184K, used 184029K [0x00000000c0000000, 0x0000000100000000)
  region size 1024K, 61 young (62464K), 2 survivors (2048K)
 Metaspace       used 105124K, committed 105984K, reserved 1179648K
  class space    used 14682K, committed 15104K, reserved 1048576K
}
Event: 48.241 GC heap after
{Heap after GC invocations=54 (full 0):
 garbage-first heap   total 221184K, used 149915K [0x00000000c0000000, 0x0000000100000000)
  region size 1024K, 8 young (8192K), 8 survivors (8192K)
 Metaspace       used 105124K, committed 105984K, reserved 1179648K
  class space    used 14682K, committed 15104K, reserved 1048576K
}
Event: 48.363 GC heap before
{Heap before GC invocations=54 (full 0):
 garbage-first heap   total 221184K, used 169371K [0x00000000c0000000, 0x0000000100000000)
  region size 1024K, 28 young (28672K), 8 survivors (8192K)
 Metaspace       used 105284K, committed 106112K, reserved 1179648K
  class space    used 14698K, committed 15104K, reserved 1048576K
}
Event: 48.385 GC heap after
{Heap after GC invocations=55 (full 0):
 garbage-first heap   total 221184K, used 171520K [0x00000000c0000000, 0x0000000100000000)
  region size 1024K, 4 young (4096K), 4 survivors (4096K)
 Metaspace       used 105284K, committed 106112K, reserved 1179648K
  class space    used 14698K, committed 15104K, reserved 1048576K
}
Event: 48.432 GC heap before
{Heap before GC invocations=55 (full 0):
 garbage-first heap   total 221184K, used 179712K [0x00000000c0000000, 0x0000000100000000)
  region size 1024K, 12 young (12288K), 4 survivors (4096K)
 Metaspace       used 105284K, committed 106112K, reserved 1179648K
  class space    used 14698K, committed 15104K, reserved 1048576K
}
Event: 48.452 GC heap after
{Heap after GC invocations=56 (full 0):
 garbage-first heap   total 221184K, used 180736K [0x00000000c0000000, 0x0000000100000000)
  region size 1024K, 2 young (2048K), 2 survivors (2048K)
 Metaspace       used 105284K, committed 106112K, reserved 1179648K
  class space    used 14698K, committed 15104K, reserved 1048576K
}
Event: 48.543 GC heap before
{Heap before GC invocations=56 (full 0):
 garbage-first heap   total 221184K, used 188928K [0x00000000c0000000, 0x0000000100000000)
  region size 1024K, 10 young (10240K), 2 survivors (2048K)
 Metaspace       used 105818K, committed 106688K, reserved 1179648K
  class space    used 14762K, committed 15168K, reserved 1048576K
}
Event: 48.557 GC heap after
{Heap after GC invocations=57 (full 0):
 garbage-first heap   total 391168K, used 185344K [0x00000000c0000000, 0x0000000100000000)
  region size 1024K, 2 young (2048K), 2 survivors (2048K)
 Metaspace       used 105818K, committed 106688K, reserved 1179648K
  class space    used 14762K, committed 15168K, reserved 1048576K
}
Event: 50.059 GC heap before
{Heap before GC invocations=58 (full 0):
 garbage-first heap   total 391168K, used 243712K [0x00000000c0000000, 0x0000000100000000)
  region size 1024K, 59 young (60416K), 2 survivors (2048K)
 Metaspace       used 108828K, committed 109568K, reserved 1179648K
  class space    used 15177K, committed 15552K, reserved 1048576K
}
Event: 50.115 GC heap after
{Heap after GC invocations=59 (full 0):
 garbage-first heap   total 391168K, used 220463K [0x00000000c0000000, 0x0000000100000000)
  region size 1024K, 8 young (8192K), 8 survivors (8192K)
 Metaspace       used 108828K, committed 109568K, reserved 1179648K
  class space    used 15177K, committed 15552K, reserved 1048576K
}
Event: 50.179 GC heap before
{Heap before GC invocations=59 (full 0):
 garbage-first heap   total 391168K, used 231727K [0x00000000c0000000, 0x0000000100000000)
  region size 1024K, 19 young (19456K), 8 survivors (8192K)
 Metaspace       used 108828K, committed 109568K, reserved 1179648K
  class space    used 15177K, committed 15552K, reserved 1048576K
}
Event: 50.220 GC heap after
{Heap after GC invocations=60 (full 0):
 garbage-first heap   total 391168K, used 230912K [0x00000000c0000000, 0x0000000100000000)
  region size 1024K, 3 young (3072K), 3 survivors (3072K)
 Metaspace       used 108828K, committed 109568K, reserved 1179648K
  class space    used 15177K, committed 15552K, reserved 1048576K
}
Event: 50.750 GC heap before
{Heap before GC invocations=60 (full 0):
 garbage-first heap   total 391168K, used 270848K [0x00000000c0000000, 0x0000000100000000)
  region size 1024K, 42 young (43008K), 3 survivors (3072K)
 Metaspace       used 108975K, committed 109760K, reserved 1179648K
  class space    used 15177K, committed 15552K, reserved 1048576K
}
Event: 50.802 GC heap after
{Heap after GC invocations=61 (full 0):
 garbage-first heap   total 391168K, used 265728K [0x00000000c0000000, 0x0000000100000000)
  region size 1024K, 6 young (6144K), 6 survivors (6144K)
 Metaspace       used 108975K, committed 109760K, reserved 1179648K
  class space    used 15177K, committed 15552K, reserved 1048576K
}
Event: 51.334 GC heap before
{Heap before GC invocations=61 (full 0):
 garbage-first heap   total 391168K, used 292352K [0x00000000c0000000, 0x0000000100000000)
  region size 1024K, 32 young (32768K), 6 survivors (6144K)
 Metaspace       used 108977K, committed 109760K, reserved 1179648K
  class space    used 15177K, committed 15552K, reserved 1048576K
}
Event: 51.431 GC heap after
{Heap after GC invocations=62 (full 0):
 garbage-first heap   total 391168K, used 293376K [0x00000000c0000000, 0x0000000100000000)
  region size 1024K, 4 young (4096K), 4 survivors (4096K)
 Metaspace       used 108977K, committed 109760K, reserved 1179648K
  class space    used 15177K, committed 15552K, reserved 1048576K
}
Event: 53.025 GC heap before
{Heap before GC invocations=63 (full 0):
 garbage-first heap   total 435200K, used 267776K [0x00000000c0000000, 0x0000000100000000)
  region size 1024K, 21 young (21504K), 4 survivors (4096K)
 Metaspace       used 109954K, committed 110784K, reserved 1179648K
  class space    used 15339K, committed 15744K, reserved 1048576K
}
Event: 53.063 GC heap after
{Heap after GC invocations=64 (full 0):
 garbage-first heap   total 435200K, used 256512K [0x00000000c0000000, 0x0000000100000000)
  region size 1024K, 3 young (3072K), 3 survivors (3072K)
 Metaspace       used 109954K, committed 110784K, reserved 1179648K
  class space    used 15339K, committed 15744K, reserved 1048576K
}
Event: 54.105 GC heap before
{Heap before GC invocations=64 (full 0):
 garbage-first heap   total 435200K, used 273920K [0x00000000c0000000, 0x0000000100000000)
  region size 1024K, 21 young (21504K), 3 survivors (3072K)
 Metaspace       used 110907K, committed 111744K, reserved 1179648K
  class space    used 15422K, committed 15872K, reserved 1048576K
}

