# JRE version: OpenJDK Runtime Environment JBR-17.0.11+1-1312.2-nomod (17.0.11+1) (build 17.0.11+1-b1312.2)
# Java VM: OpenJDK 64-Bit Server VM JBR-17.0.11+1-1312.2-nomod (17.0.11+1-b1312.2, mixed mode, sharing, tiered, compressed oops, compressed class ptrs, g1 gc, windows-amd64)
GC Precious Log:
 CPUs: 4 total, 4 available
 Memory: 8067M
 Large Page Support: Disabled
 NUMA Support: Disabled
 Compressed Oops: Enabled (32-bit)
 Heap Region Size: 1M
 Heap Min Capacity: 8M
 Heap Initial Capacity: 128M
 Heap Max Capacity: 1G
 Pre-touch: Disabled
 Parallel Workers: 4
 Concurrent Workers: 1
 Concurrent Refinement Workers: 4
 Periodic GC: Disabled
Heap:
 garbage-first heap   total 181248K, used 92819K [0x00000000c0000000, 0x0000000100000000)
  region size 1024K, 17 young (17408K), 8 survivors (8192K)
 Metaspace       used 78753K, committed 79424K, reserved 1179648K
  class space    used 11478K, committed 11776K, reserved 1048576K
GC Heap History (20 events):
Event: 10.599 GC heap before
{Heap before GC invocations=26 (full 0):
 garbage-first heap   total 125952K, used 102485K [0x00000000c0000000, 0x0000000100000000)
  region size 1024K, 36 young (36864K), 1 survivors (1024K)
 Metaspace       used 56018K, committed 56576K, reserved 1114112K
  class space    used 7997K, committed 8256K, reserved 1048576K
}
Event: 10.603 GC heap after
{Heap after GC invocations=27 (full 0):
 garbage-first heap   total 125952K, used 64376K [0x00000000c0000000, 0x0000000100000000)
  region size 1024K, 5 young (5120K), 5 survivors (5120K)
 Metaspace       used 56018K, committed 56576K, reserved 1114112K
  class space    used 7997K, committed 8256K, reserved 1048576K
}
Event: 11.146 GC heap before
{Heap before GC invocations=28 (full 0):
 garbage-first heap   total 125952K, used 97144K [0x00000000c0000000, 0x0000000100000000)
  region size 1024K, 37 young (37888K), 5 survivors (5120K)
 Metaspace       used 58460K, committed 59008K, reserved 1114112K
  class space    used 8330K, committed 8576K, reserved 1048576K
}
Event: 11.152 GC heap after
{Heap after GC invocations=29 (full 0):
 garbage-first heap   total 125952K, used 65882K [0x00000000c0000000, 0x0000000100000000)
  region size 1024K, 2 young (2048K), 2 survivors (2048K)
 Metaspace       used 58460K, committed 59008K, reserved 1114112K
  class space    used 8330K, committed 8576K, reserved 1048576K
}
Event: 11.203 GC heap before
{Heap before GC invocations=29 (full 0):
 garbage-first heap   total 125952K, used 69978K [0x00000000c0000000, 0x0000000100000000)
  region size 1024K, 6 young (6144K), 2 survivors (2048K)
 Metaspace       used 58737K, committed 59328K, reserved 1114112K
  class space    used 8370K, committed 8640K, reserved 1048576K
}
Event: 11.207 GC heap after
{Heap after GC invocations=30 (full 0):
 garbage-first heap   total 125952K, used 66034K [0x00000000c0000000, 0x0000000100000000)
  region size 1024K, 1 young (1024K), 1 survivors (1024K)
 Metaspace       used 58737K, committed 59328K, reserved 1114112K
  class space    used 8370K, committed 8640K, reserved 1048576K
}
Event: 11.680 GC heap before
{Heap before GC invocations=30 (full 0):
 garbage-first heap   total 125952K, used 103922K [0x00000000c0000000, 0x0000000100000000)
  region size 1024K, 34 young (34816K), 1 survivors (1024K)
 Metaspace       used 62162K, committed 62720K, reserved 1114112K
  class space    used 8860K, committed 9152K, reserved 1048576K
}
Event: 11.683 GC heap after
{Heap after GC invocations=31 (full 0):
 garbage-first heap   total 125952K, used 71481K [0x00000000c0000000, 0x0000000100000000)
  region size 1024K, 2 young (2048K), 2 survivors (2048K)
 Metaspace       used 62162K, committed 62720K, reserved 1114112K
  class space    used 8860K, committed 9152K, reserved 1048576K
}
Event: 11.983 GC heap before
{Heap before GC invocations=31 (full 0):
 garbage-first heap   total 125952K, used 103225K [0x00000000c0000000, 0x0000000100000000)
  region size 1024K, 33 young (33792K), 2 survivors (2048K)
 Metaspace       used 65056K, committed 65664K, reserved 1114112K
  class space    used 9261K, committed 9536K, reserved 1048576K
}
Event: 11.988 GC heap after
{Heap after GC invocations=32 (full 0):
 garbage-first heap   total 125952K, used 73960K [0x00000000c0000000, 0x0000000100000000)
  region size 1024K, 5 young (5120K), 5 survivors (5120K)
 Metaspace       used 65056K, committed 65664K, reserved 1114112K
  class space    used 9261K, committed 9536K, reserved 1048576K
}
Event: 12.364 GC heap before
{Heap before GC invocations=32 (full 0):
 garbage-first heap   total 125952K, used 102632K [0x00000000c0000000, 0x0000000100000000)
  region size 1024K, 33 young (33792K), 5 survivors (5120K)
 Metaspace       used 66425K, committed 67008K, reserved 1114112K
  class space    used 9434K, committed 9728K, reserved 1048576K
}
Event: 12.373 GC heap after
{Heap after GC invocations=33 (full 0):
 garbage-first heap   total 125952K, used 77458K [0x00000000c0000000, 0x0000000100000000)
  region size 1024K, 5 young (5120K), 5 survivors (5120K)
 Metaspace       used 66425K, committed 67008K, reserved 1114112K
  class space    used 9434K, committed 9728K, reserved 1048576K
}
Event: 12.618 GC heap before
{Heap before GC invocations=33 (full 0):
 garbage-first heap   total 125952K, used 104082K [0x00000000c0000000, 0x0000000100000000)
  region size 1024K, 31 young (31744K), 5 survivors (5120K)
 Metaspace       used 67926K, committed 68544K, reserved 1114112K
  class space    used 9648K, committed 9920K, reserved 1048576K
}
Event: 12.625 GC heap after
{Heap after GC invocations=34 (full 0):
 garbage-first heap   total 125952K, used 78860K [0x00000000c0000000, 0x0000000100000000)
  region size 1024K, 2 young (2048K), 2 survivors (2048K)
 Metaspace       used 67926K, committed 68544K, reserved 1114112K
  class space    used 9648K, committed 9920K, reserved 1048576K
}
Event: 12.951 GC heap before
{Heap before GC invocations=35 (full 0):
 garbage-first heap   total 150528K, used 102412K [0x00000000c0000000, 0x0000000100000000)
  region size 1024K, 25 young (25600K), 2 survivors (2048K)
 Metaspace       used 69604K, committed 70272K, reserved 1114112K
  class space    used 9913K, committed 10240K, reserved 1048576K
}
Event: 12.955 GC heap after
{Heap after GC invocations=36 (full 0):
 garbage-first heap   total 150528K, used 79397K [0x00000000c0000000, 0x0000000100000000)
  region size 1024K, 3 young (3072K), 3 survivors (3072K)
 Metaspace       used 69604K, committed 70272K, reserved 1114112K
  class space    used 9913K, committed 10240K, reserved 1048576K
}
Event: 13.485 GC heap before
{Heap before GC invocations=36 (full 0):
 garbage-first heap   total 150528K, used 122405K [0x00000000c0000000, 0x0000000100000000)
  region size 1024K, 45 young (46080K), 3 survivors (3072K)
 Metaspace       used 73057K, committed 73728K, reserved 1114112K
  class space    used 10562K, committed 10880K, reserved 1048576K
}
Event: 13.497 GC heap after
{Heap after GC invocations=37 (full 0):
 garbage-first heap   total 181248K, used 80940K [0x00000000c0000000, 0x0000000100000000)
  region size 1024K, 4 young (4096K), 4 survivors (4096K)
 Metaspace       used 73057K, committed 73728K, reserved 1114112K
  class space    used 10562K, committed 10880K, reserved 1048576K
}
Event: 22.391 GC heap before
{Heap before GC invocations=37 (full 0):
 garbage-first heap   total 181248K, used 147500K [0x00000000c0000000, 0x0000000100000000)
  region size 1024K, 69 young (70656K), 4 survivors (4096K)
 Metaspace       used 78739K, committed 79424K, reserved 1179648K
  class space    used 11476K, committed 11776K, reserved 1048576K
}
Event: 22.403 GC heap after
{Heap after GC invocations=38 (full 0):
 garbage-first heap   total 181248K, used 84627K [0x00000000c0000000, 0x0000000100000000)
  region size 1024K, 8 young (8192K), 8 survivors (8192K)
 Metaspace       used 78739K, committed 79424K, reserved 1179648K
  class space    used 11476K, committed 11776K, reserved 1048576K
}

