# JRE version: OpenJDK Runtime Environment JBR-17.0.11+1-1312.2-nomod (17.0.11+1) (build 17.0.11+1-b1312.2)
# Java VM: OpenJDK 64-Bit Server VM JBR-17.0.11+1-1312.2-nomod (17.0.11+1-b1312.2, mixed mode, sharing, tiered, compressed oops, compressed class ptrs, g1 gc, windows-amd64)
GC Precious Log:
 CPUs: 4 total, 4 available
 Memory: 8067M
 Large Page Support: Disabled
 NUMA Support: Disabled
 Compressed Oops: Enabled (32-bit)
 Heap Region Size: 1M
 Heap Min Capacity: 8M
 Heap Initial Capacity: 128M
 Heap Max Capacity: 1G
 Pre-touch: Disabled
 Parallel Workers: 4
 Concurrent Workers: 1
 Concurrent Refinement Workers: 4
 Periodic GC: Disabled
Heap:
 garbage-first heap   total 262144K, used 187795K [0x00000000c0000000, 0x0000000100000000)
  region size 1024K, 43 young (44032K), 13 survivors (13312K)
 Metaspace       used 93864K, committed 94592K, reserved 1179648K
  class space    used 13443K, committed 13760K, reserved 1048576K
GC Heap History (20 events):
Event: 11.100 GC heap before
{Heap before GC invocations=30 (full 0):
 garbage-first heap   total 153600K, used 86703K [0x00000000c0000000, 0x0000000100000000)
  region size 1024K, 7 young (7168K), 2 survivors (2048K)
 Metaspace       used 69427K, committed 70080K, reserved 1114112K
  class space    used 9879K, committed 10176K, reserved 1048576K
}
Event: 11.105 GC heap after
{Heap after GC invocations=31 (full 0):
 garbage-first heap   total 153600K, used 82092K [0x00000000c0000000, 0x0000000100000000)
  region size 1024K, 1 young (1024K), 1 survivors (1024K)
 Metaspace       used 69427K, committed 70080K, reserved 1114112K
  class space    used 9879K, committed 10176K, reserved 1048576K
}
Event: 11.604 GC heap before
{Heap before GC invocations=31 (full 0):
 garbage-first heap   total 153600K, used 124076K [0x00000000c0000000, 0x0000000100000000)
  region size 1024K, 42 young (43008K), 1 survivors (1024K)
 Metaspace       used 72794K, committed 73408K, reserved 1114112K
  class space    used 10534K, committed 10816K, reserved 1048576K
}
Event: 11.609 GC heap after
{Heap after GC invocations=32 (full 0):
 garbage-first heap   total 153600K, used 83419K [0x00000000c0000000, 0x0000000100000000)
  region size 1024K, 2 young (2048K), 2 survivors (2048K)
 Metaspace       used 72794K, committed 73408K, reserved 1114112K
  class space    used 10534K, committed 10816K, reserved 1048576K
}
Event: 12.282 GC heap before
{Heap before GC invocations=33 (full 0):
 garbage-first heap   total 153600K, used 126427K [0x00000000c0000000, 0x0000000100000000)
  region size 1024K, 44 young (45056K), 2 survivors (2048K)
 Metaspace       used 76215K, committed 76864K, reserved 1179648K
  class space    used 11031K, committed 11328K, reserved 1048576K
}
Event: 12.289 GC heap after
{Heap after GC invocations=34 (full 0):
 garbage-first heap   total 153600K, used 85909K [0x00000000c0000000, 0x0000000100000000)
  region size 1024K, 5 young (5120K), 5 survivors (5120K)
 Metaspace       used 76215K, committed 76864K, reserved 1179648K
  class space    used 11031K, committed 11328K, reserved 1048576K
}
Event: 12.335 GC heap before
{Heap before GC invocations=34 (full 0):
 garbage-first heap   total 153600K, used 87957K [0x00000000c0000000, 0x0000000100000000)
  region size 1024K, 7 young (7168K), 5 survivors (5120K)
 Metaspace       used 76494K, committed 77120K, reserved 1179648K
  class space    used 11078K, committed 11392K, reserved 1048576K
}
Event: 12.345 GC heap after
{Heap after GC invocations=35 (full 0):
 garbage-first heap   total 153600K, used 85605K [0x00000000c0000000, 0x0000000100000000)
  region size 1024K, 1 young (1024K), 1 survivors (1024K)
 Metaspace       used 76494K, committed 77120K, reserved 1179648K
  class space    used 11078K, committed 11392K, reserved 1048576K
}
Event: 12.882 GC heap before
{Heap before GC invocations=35 (full 0):
 garbage-first heap   total 153600K, used 127589K [0x00000000c0000000, 0x0000000100000000)
  region size 1024K, 42 young (43008K), 1 survivors (1024K)
 Metaspace       used 79591K, committed 80192K, reserved 1179648K
  class space    used 11535K, committed 11840K, reserved 1048576K
}
Event: 12.888 GC heap after
{Heap after GC invocations=36 (full 0):
 garbage-first heap   total 262144K, used 87600K [0x00000000c0000000, 0x0000000100000000)
  region size 1024K, 3 young (3072K), 3 survivors (3072K)
 Metaspace       used 79591K, committed 80192K, reserved 1179648K
  class space    used 11535K, committed 11840K, reserved 1048576K
}
Event: 14.725 GC heap before
{Heap before GC invocations=37 (full 0):
 garbage-first heap   total 262144K, used 199216K [0x00000000c0000000, 0x0000000100000000)
  region size 1024K, 113 young (115712K), 3 survivors (3072K)
 Metaspace       used 86654K, committed 87296K, reserved 1179648K
  class space    used 12576K, committed 12864K, reserved 1048576K
}
Event: 14.741 GC heap after
{Heap after GC invocations=38 (full 0):
 garbage-first heap   total 262144K, used 97976K [0x00000000c0000000, 0x0000000100000000)
  region size 1024K, 13 young (13312K), 13 survivors (13312K)
 Metaspace       used 86654K, committed 87296K, reserved 1179648K
  class space    used 12576K, committed 12864K, reserved 1048576K
}
Event: 14.756 GC heap before
{Heap before GC invocations=38 (full 0):
 garbage-first heap   total 262144K, used 97976K [0x00000000c0000000, 0x0000000100000000)
  region size 1024K, 14 young (14336K), 13 survivors (13312K)
 Metaspace       used 86657K, committed 87296K, reserved 1179648K
  class space    used 12576K, committed 12864K, reserved 1048576K
}
Event: 14.770 GC heap after
{Heap after GC invocations=39 (full 0):
 garbage-first heap   total 262144K, used 99195K [0x00000000c0000000, 0x0000000100000000)
  region size 1024K, 2 young (2048K), 2 survivors (2048K)
 Metaspace       used 86657K, committed 87296K, reserved 1179648K
  class space    used 12576K, committed 12864K, reserved 1048576K
}
Event: 16.276 GC heap before
{Heap before GC invocations=39 (full 0):
 garbage-first heap   total 262144K, used 204667K [0x00000000c0000000, 0x0000000100000000)
  region size 1024K, 106 young (108544K), 2 survivors (2048K)
 Metaspace       used 87540K, committed 88192K, reserved 1179648K
  class space    used 12629K, committed 12928K, reserved 1048576K
}
Event: 16.291 GC heap after
{Heap after GC invocations=40 (full 0):
 garbage-first heap   total 262144K, used 106185K [0x00000000c0000000, 0x0000000100000000)
  region size 1024K, 9 young (9216K), 9 survivors (9216K)
 Metaspace       used 87540K, committed 88192K, reserved 1179648K
  class space    used 12629K, committed 12928K, reserved 1048576K
}
Event: 17.598 GC heap before
{Heap before GC invocations=40 (full 0):
 garbage-first heap   total 262144K, used 211657K [0x00000000c0000000, 0x0000000100000000)
  region size 1024K, 108 young (110592K), 9 survivors (9216K)
 Metaspace       used 89833K, committed 90560K, reserved 1179648K
  class space    used 12865K, committed 13184K, reserved 1048576K
}
Event: 17.618 GC heap after
{Heap after GC invocations=41 (full 0):
 garbage-first heap   total 262144K, used 113150K [0x00000000c0000000, 0x0000000100000000)
  region size 1024K, 9 young (9216K), 9 survivors (9216K)
 Metaspace       used 89833K, committed 90560K, reserved 1179648K
  class space    used 12865K, committed 13184K, reserved 1048576K
}
Event: 18.357 GC heap before
{Heap before GC invocations=41 (full 0):
 garbage-first heap   total 262144K, used 203262K [0x00000000c0000000, 0x0000000100000000)
  region size 1024K, 70 young (71680K), 9 survivors (9216K)
 Metaspace       used 93555K, committed 94336K, reserved 1179648K
  class space    used 13398K, committed 13760K, reserved 1048576K
}
Event: 18.370 GC heap after
{Heap after GC invocations=42 (full 0):
 garbage-first heap   total 262144K, used 145811K [0x00000000c0000000, 0x0000000100000000)
  region size 1024K, 13 young (13312K), 13 survivors (13312K)
 Metaspace       used 93555K, committed 94336K, reserved 1179648K
  class space    used 13398K, committed 13760K, reserved 1048576K
}

