# JRE version: OpenJDK Runtime Environment JBR-17.0.11+1-1312.2-nomod (17.0.11+1) (build 17.0.11+1-b1312.2)
# Java VM: OpenJDK 64-Bit Server VM JBR-17.0.11+1-1312.2-nomod (17.0.11+1-b1312.2, mixed mode, sharing, tiered, compressed oops, compressed class ptrs, g1 gc, windows-amd64)
GC Precious Log:
 CPUs: 4 total, 4 available
 Memory: 8067M
 Large Page Support: Disabled
 NUMA Support: Disabled
 Compressed Oops: Enabled (32-bit)
 Heap Region Size: 1M
 Heap Min Capacity: 8M
 Heap Initial Capacity: 128M
 Heap Max Capacity: 1G
 Pre-touch: Disabled
 Parallel Workers: 4
 Concurrent Workers: 1
 Concurrent Refinement Workers: 4
 Periodic GC: Disabled
Heap:
 garbage-first heap   total 577536K, used 389386K [0x00000000c0000000, 0x0000000100000000)
  region size 1024K, 174 young (178176K), 6 survivors (6144K)
 Metaspace       used 180730K, committed 182144K, reserved 1245184K
  class space    used 24430K, committed 25088K, reserved 1048576K
GC Heap History (20 events):
Event: 200.439 GC heap before
{Heap before GC invocations=91 (full 0):
 garbage-first heap   total 551936K, used 257024K [0x00000000c0000000, 0x0000000100000000)
  region size 1024K, 99 young (101376K), 2 survivors (2048K)
 Metaspace       used 140823K, committed 141824K, reserved 1179648K
  class space    used 19301K, committed 19776K, reserved 1048576K
}
Event: 200.454 GC heap after
{Heap after GC invocations=92 (full 0):
 garbage-first heap   total 697344K, used 166714K [0x00000000c0000000, 0x0000000100000000)
  region size 1024K, 9 young (9216K), 9 survivors (9216K)
 Metaspace       used 140823K, committed 141824K, reserved 1179648K
  class space    used 19301K, committed 19776K, reserved 1048576K
}
Event: 448.484 GC heap before
{Heap before GC invocations=93 (full 0):
 garbage-first heap   total 593920K, used 535354K [0x00000000c0000000, 0x0000000100000000)
  region size 1024K, 328 young (335872K), 9 survivors (9216K)
 Metaspace       used 143738K, committed 144896K, reserved 1179648K
  class space    used 19587K, committed 20096K, reserved 1048576K
}
Event: 448.503 GC heap after
{Heap after GC invocations=94 (full 0):
 garbage-first heap   total 593920K, used 168902K [0x00000000c0000000, 0x0000000100000000)
  region size 1024K, 11 young (11264K), 11 survivors (11264K)
 Metaspace       used 143738K, committed 144896K, reserved 1179648K
  class space    used 19587K, committed 20096K, reserved 1048576K
}
Event: 448.857 GC heap before
{Heap before GC invocations=94 (full 0):
 garbage-first heap   total 593920K, used 186310K [0x00000000c0000000, 0x0000000100000000)
  region size 1024K, 29 young (29696K), 11 survivors (11264K)
 Metaspace       used 143806K, committed 144896K, reserved 1179648K
  class space    used 19588K, committed 20096K, reserved 1048576K
}
Event: 448.884 GC heap after
{Heap after GC invocations=95 (full 0):
 garbage-first heap   total 593920K, used 167074K [0x00000000c0000000, 0x0000000100000000)
  region size 1024K, 4 young (4096K), 4 survivors (4096K)
 Metaspace       used 143806K, committed 144896K, reserved 1179648K
  class space    used 19588K, committed 20096K, reserved 1048576K
}
Event: 449.039 GC heap before
{Heap before GC invocations=95 (full 0):
 garbage-first heap   total 593920K, used 176290K [0x00000000c0000000, 0x0000000100000000)
  region size 1024K, 14 young (14336K), 4 survivors (4096K)
 Metaspace       used 143810K, committed 144896K, reserved 1179648K
  class space    used 19588K, committed 20096K, reserved 1048576K
}
Event: 449.046 GC heap after
{Heap after GC invocations=96 (full 0):
 garbage-first heap   total 593920K, used 170906K [0x00000000c0000000, 0x0000000100000000)
  region size 1024K, 8 young (8192K), 8 survivors (8192K)
 Metaspace       used 143810K, committed 144896K, reserved 1179648K
  class space    used 19588K, committed 20096K, reserved 1048576K
}
Event: 454.355 GC heap before
{Heap before GC invocations=97 (full 0):
 garbage-first heap   total 593920K, used 425882K [0x00000000c0000000, 0x0000000100000000)
  region size 1024K, 246 young (251904K), 8 survivors (8192K)
 Metaspace       used 144160K, committed 145216K, reserved 1179648K
  class space    used 19599K, committed 20096K, reserved 1048576K
}
Event: 454.389 GC heap after
{Heap after GC invocations=98 (full 0):
 garbage-first heap   total 593920K, used 189919K [0x00000000c0000000, 0x0000000100000000)
  region size 1024K, 30 young (30720K), 30 survivors (30720K)
 Metaspace       used 144160K, committed 145216K, reserved 1179648K
  class space    used 19599K, committed 20096K, reserved 1048576K
}
Event: 454.553 GC heap before
{Heap before GC invocations=98 (full 0):
 garbage-first heap   total 593920K, used 189919K [0x00000000c0000000, 0x0000000100000000)
  region size 1024K, 31 young (31744K), 30 survivors (30720K)
 Metaspace       used 144163K, committed 145216K, reserved 1179648K
  class space    used 19599K, committed 20096K, reserved 1048576K
}
Event: 454.590 GC heap after
{Heap after GC invocations=99 (full 0):
 garbage-first heap   total 593920K, used 180606K [0x00000000c0000000, 0x0000000100000000)
  region size 1024K, 2 young (2048K), 2 survivors (2048K)
 Metaspace       used 144163K, committed 145216K, reserved 1179648K
  class space    used 19599K, committed 20096K, reserved 1048576K
}
Event: 593.827 GC heap before
{Heap before GC invocations=99 (full 0):
 garbage-first heap   total 593920K, used 204158K [0x00000000c0000000, 0x0000000100000000)
  region size 1024K, 26 young (26624K), 2 survivors (2048K)
 Metaspace       used 144231K, committed 145344K, reserved 1179648K
  class space    used 19610K, committed 20096K, reserved 1048576K
}
Event: 593.831 GC heap after
{Heap after GC invocations=100 (full 0):
 garbage-first heap   total 593920K, used 179473K [0x00000000c0000000, 0x0000000100000000)
  region size 1024K, 1 young (1024K), 1 survivors (1024K)
 Metaspace       used 144231K, committed 145344K, reserved 1179648K
  class space    used 19610K, committed 20096K, reserved 1048576K
}
Event: 598.583 GC heap before
{Heap before GC invocations=101 (full 0):
 garbage-first heap   total 577536K, used 449426K [0x00000000c0000000, 0x0000000100000000)
  region size 1024K, 250 young (256000K), 1 survivors (1024K)
 Metaspace       used 161530K, committed 162880K, reserved 1245184K
  class space    used 22261K, committed 22912K, reserved 1048576K
}
Event: 598.625 GC heap after
{Heap after GC invocations=102 (full 0):
 garbage-first heap   total 577536K, used 220160K [0x00000000c0000000, 0x0000000100000000)
  region size 1024K, 32 young (32768K), 32 survivors (32768K)
 Metaspace       used 161530K, committed 162880K, reserved 1245184K
  class space    used 22261K, committed 22912K, reserved 1048576K
}
Event: 598.633 GC heap before
{Heap before GC invocations=102 (full 0):
 garbage-first heap   total 577536K, used 221184K [0x00000000c0000000, 0x0000000100000000)
  region size 1024K, 33 young (33792K), 32 survivors (32768K)
 Metaspace       used 161530K, committed 162880K, reserved 1245184K
  class space    used 22261K, committed 22912K, reserved 1048576K
}
Event: 598.680 GC heap after
{Heap after GC invocations=103 (full 0):
 garbage-first heap   total 577536K, used 206568K [0x00000000c0000000, 0x0000000100000000)
  region size 1024K, 2 young (2048K), 2 survivors (2048K)
 Metaspace       used 161530K, committed 162880K, reserved 1245184K
  class space    used 22261K, committed 22912K, reserved 1048576K
}
Event: 599.376 GC heap before
{Heap before GC invocations=103 (full 0):
 garbage-first heap   total 577536K, used 256744K [0x00000000c0000000, 0x0000000100000000)
  region size 1024K, 52 young (53248K), 2 survivors (2048K)
 Metaspace       used 165805K, committed 167168K, reserved 1245184K
  class space    used 22758K, committed 23424K, reserved 1048576K
}
Event: 599.389 GC heap after
{Heap after GC invocations=104 (full 0):
 garbage-first heap   total 577536K, used 210186K [0x00000000c0000000, 0x0000000100000000)
  region size 1024K, 6 young (6144K), 6 survivors (6144K)
 Metaspace       used 165805K, committed 167168K, reserved 1245184K
  class space    used 22758K, committed 23424K, reserved 1048576K
}

