# JRE version: OpenJDK Runtime Environment JBR-17.0.11+1-1312.2-nomod (17.0.11+1) (build 17.0.11+1-b1312.2)
# Java VM: OpenJDK 64-Bit Server VM JBR-17.0.11+1-1312.2-nomod (17.0.11+1-b1312.2, mixed mode, sharing, tiered, compressed oops, compressed class ptrs, g1 gc, windows-amd64)
GC Precious Log:
 CPUs: 4 total, 4 available
 Memory: 8067M
 Large Page Support: Disabled
 NUMA Support: Disabled
 Compressed Oops: Enabled (32-bit)
 Heap Region Size: 1M
 Heap Min Capacity: 8M
 Heap Initial Capacity: 128M
 Heap Max Capacity: 1G
 Pre-touch: Disabled
 Parallel Workers: 4
 Concurrent Workers: 1
 Concurrent Refinement Workers: 4
 Periodic GC: Disabled
Heap:
 garbage-first heap   total 465920K, used 307854K [0x00000000c0000000, 0x0000000100000000)
  region size 1024K, 24 young (24576K), 8 survivors (8192K)
 Metaspace       used 132416K, committed 133376K, reserved 1179648K
  class space    used 18126K, committed 18560K, reserved 1048576K
GC Heap History (20 events):
Event: 298.543 GC heap before
{Heap before GC invocations=76 (full 0):
 garbage-first heap   total 309248K, used 239865K [0x00000000c0000000, 0x0000000100000000)
  region size 1024K, 78 young (79872K), 6 survivors (6144K)
 Metaspace       used 118112K, committed 118976K, reserved 1179648K
  class space    used 16145K, committed 16576K, reserved 1048576K
}
Event: 298.583 GC heap after
{Heap after GC invocations=77 (full 0):
 garbage-first heap   total 309248K, used 200524K [0x00000000c0000000, 0x0000000100000000)
  region size 1024K, 10 young (10240K), 10 survivors (10240K)
 Metaspace       used 118112K, committed 118976K, reserved 1179648K
  class space    used 16145K, committed 16576K, reserved 1048576K
}
Event: 298.779 GC heap before
{Heap before GC invocations=77 (full 0):
 garbage-first heap   total 309248K, used 235340K [0x00000000c0000000, 0x0000000100000000)
  region size 1024K, 44 young (45056K), 10 survivors (10240K)
 Metaspace       used 118682K, committed 119552K, reserved 1179648K
  class space    used 16209K, committed 16640K, reserved 1048576K
}
Event: 298.813 GC heap after
{Heap after GC invocations=78 (full 0):
 garbage-first heap   total 309248K, used 228352K [0x00000000c0000000, 0x0000000100000000)
  region size 1024K, 6 young (6144K), 6 survivors (6144K)
 Metaspace       used 118682K, committed 119552K, reserved 1179648K
  class space    used 16209K, committed 16640K, reserved 1048576K
}
Event: 299.263 GC heap before
{Heap before GC invocations=78 (full 0):
 garbage-first heap   total 309248K, used 246784K [0x00000000c0000000, 0x0000000100000000)
  region size 1024K, 24 young (24576K), 6 survivors (6144K)
 Metaspace       used 121601K, committed 122432K, reserved 1179648K
  class space    used 16614K, committed 17024K, reserved 1048576K
}
Event: 299.270 GC heap after
{Heap after GC invocations=79 (full 0):
 garbage-first heap   total 309248K, used 231073K [0x00000000c0000000, 0x0000000100000000)
  region size 1024K, 2 young (2048K), 2 survivors (2048K)
 Metaspace       used 121601K, committed 122432K, reserved 1179648K
  class space    used 16614K, committed 17024K, reserved 1048576K
}
Event: 299.430 GC heap before
{Heap before GC invocations=79 (full 0):
 garbage-first heap   total 309248K, used 250529K [0x00000000c0000000, 0x0000000100000000)
  region size 1024K, 21 young (21504K), 2 survivors (2048K)
 Metaspace       used 121660K, committed 122496K, reserved 1179648K
  class space    used 16614K, committed 17024K, reserved 1048576K
}
Event: 299.440 GC heap after
{Heap after GC invocations=80 (full 0):
 garbage-first heap   total 309248K, used 247808K [0x00000000c0000000, 0x0000000100000000)
  region size 1024K, 3 young (3072K), 3 survivors (3072K)
 Metaspace       used 121660K, committed 122496K, reserved 1179648K
  class space    used 16614K, committed 17024K, reserved 1048576K
}
Event: 299.502 GC heap before
{Heap before GC invocations=80 (full 0):
 garbage-first heap   total 309248K, used 260096K [0x00000000c0000000, 0x0000000100000000)
  region size 1024K, 15 young (15360K), 3 survivors (3072K)
 Metaspace       used 121660K, committed 122496K, reserved 1179648K
  class space    used 16614K, committed 17024K, reserved 1048576K
}
Event: 299.512 GC heap after
{Heap after GC invocations=81 (full 0):
 garbage-first heap   total 309248K, used 261120K [0x00000000c0000000, 0x0000000100000000)
  region size 1024K, 2 young (2048K), 2 survivors (2048K)
 Metaspace       used 121660K, committed 122496K, reserved 1179648K
  class space    used 16614K, committed 17024K, reserved 1048576K
}
Event: 299.551 GC heap before
{Heap before GC invocations=81 (full 0):
 garbage-first heap   total 309248K, used 274432K [0x00000000c0000000, 0x0000000100000000)
  region size 1024K, 15 young (15360K), 2 survivors (2048K)
 Metaspace       used 121660K, committed 122496K, reserved 1179648K
  class space    used 16614K, committed 17024K, reserved 1048576K
}
Event: 299.569 GC heap after
{Heap after GC invocations=82 (full 0):
 garbage-first heap   total 430080K, used 274944K [0x00000000c0000000, 0x0000000100000000)
  region size 1024K, 2 young (2048K), 2 survivors (2048K)
 Metaspace       used 121660K, committed 122496K, reserved 1179648K
  class space    used 16614K, committed 17024K, reserved 1048576K
}
Event: 300.133 GC heap before
{Heap before GC invocations=82 (full 0):
 garbage-first heap   total 465920K, used 290304K [0x00000000c0000000, 0x0000000100000000)
  region size 1024K, 37 young (37888K), 2 survivors (2048K)
 Metaspace       used 121728K, committed 122560K, reserved 1179648K
  class space    used 16614K, committed 17024K, reserved 1048576K
}
Event: 300.155 GC heap after
{Heap after GC invocations=83 (full 0):
 garbage-first heap   total 465920K, used 285696K [0x00000000c0000000, 0x0000000100000000)
  region size 1024K, 5 young (5120K), 5 survivors (5120K)
 Metaspace       used 121728K, committed 122560K, reserved 1179648K
  class space    used 16614K, committed 17024K, reserved 1048576K
}
Event: 300.319 GC heap before
{Heap before GC invocations=84 (full 0):
 garbage-first heap   total 465920K, used 328704K [0x00000000c0000000, 0x0000000100000000)
  region size 1024K, 47 young (48128K), 5 survivors (5120K)
 Metaspace       used 121733K, committed 122624K, reserved 1179648K
  class space    used 16615K, committed 17024K, reserved 1048576K
}
Event: 300.324 GC heap after
{Heap after GC invocations=85 (full 0):
 garbage-first heap   total 465920K, used 287668K [0x00000000c0000000, 0x0000000100000000)
  region size 1024K, 3 young (3072K), 3 survivors (3072K)
 Metaspace       used 121733K, committed 122624K, reserved 1179648K
  class space    used 16615K, committed 17024K, reserved 1048576K
}
Event: 301.063 GC heap before
{Heap before GC invocations=85 (full 0):
 garbage-first heap   total 465920K, used 307124K [0x00000000c0000000, 0x0000000100000000)
  region size 1024K, 22 young (22528K), 3 survivors (3072K)
 Metaspace       used 123542K, committed 124416K, reserved 1179648K
  class space    used 16851K, committed 17280K, reserved 1048576K
}
Event: 301.071 GC heap after
{Heap after GC invocations=86 (full 0):
 garbage-first heap   total 465920K, used 281799K [0x00000000c0000000, 0x0000000100000000)
  region size 1024K, 3 young (3072K), 3 survivors (3072K)
 Metaspace       used 123542K, committed 124416K, reserved 1179648K
  class space    used 16851K, committed 17280K, reserved 1048576K
}
Event: 301.981 GC heap before
{Heap before GC invocations=86 (full 0):
 garbage-first heap   total 465920K, used 335047K [0x00000000c0000000, 0x0000000100000000)
  region size 1024K, 54 young (55296K), 3 survivors (3072K)
 Metaspace       used 125211K, committed 126144K, reserved 1179648K
  class space    used 17084K, committed 17536K, reserved 1048576K
}
Event: 301.994 GC heap after
{Heap after GC invocations=87 (full 0):
 garbage-first heap   total 465920K, used 285862K [0x00000000c0000000, 0x0000000100000000)
  region size 1024K, 7 young (7168K), 7 survivors (7168K)
 Metaspace       used 125211K, committed 126144K, reserved 1179648K
  class space    used 17084K, committed 17536K, reserved 1048576K
}

