# JRE version: OpenJDK Runtime Environment JBR-17.0.11+1-1312.2-nomod (17.0.11+1) (build 17.0.11+1-b1312.2)
# Java VM: OpenJDK 64-Bit Server VM JBR-17.0.11+1-1312.2-nomod (17.0.11+1-b1312.2, mixed mode, sharing, tiered, compressed oops, compressed class ptrs, g1 gc, windows-amd64)
GC Precious Log:
 CPUs: 4 total, 4 available
 Memory: 8067M
 Large Page Support: Disabled
 NUMA Support: Disabled
 Compressed Oops: Enabled (32-bit)
 Heap Region Size: 1M
 Heap Min Capacity: 8M
 Heap Initial Capacity: 128M
 Heap Max Capacity: 1G
 Pre-touch: Disabled
 Parallel Workers: 4
 Concurrent Workers: 1
 Concurrent Refinement Workers: 4
 Periodic GC: Disabled
Heap:
 garbage-first heap   total 131072K, used 27451K [0x00000000c0000000, 0x0000000100000000)
  region size 1024K, 18 young (18432K), 10 survivors (10240K)
 Metaspace       used 17868K, committed 18176K, reserved 1114112K
  class space    used 2662K, committed 2816K, reserved 1048576K
GC Heap History (8 events):
Event: 0.820 GC heap before
{Heap before GC invocations=0 (full 0):
 garbage-first heap   total 131072K, used 13312K [0x00000000c0000000, 0x0000000100000000)
  region size 1024K, 13 young (13312K), 0 survivors (0K)
 Metaspace       used 1070K, committed 1152K, reserved 1114112K
  class space    used 89K, committed 128K, reserved 1048576K
}
Event: 0.826 GC heap after
{Heap after GC invocations=1 (full 0):
 garbage-first heap   total 131072K, used 3383K [0x00000000c0000000, 0x0000000100000000)
  region size 1024K, 2 young (2048K), 2 survivors (2048K)
 Metaspace       used 1070K, committed 1152K, reserved 1114112K
  class space    used 89K, committed 128K, reserved 1048576K
}
Event: 2.354 GC heap before
{Heap before GC invocations=1 (full 0):
 garbage-first heap   total 131072K, used 23863K [0x00000000c0000000, 0x0000000100000000)
  region size 1024K, 18 young (18432K), 2 survivors (2048K)
 Metaspace       used 4059K, committed 4288K, reserved 1114112K
  class space    used 524K, committed 640K, reserved 1048576K
}
Event: 2.361 GC heap after
{Heap after GC invocations=2 (full 0):
 garbage-first heap   total 131072K, used 10527K [0x00000000c0000000, 0x0000000100000000)
  region size 1024K, 3 young (3072K), 3 survivors (3072K)
 Metaspace       used 4059K, committed 4288K, reserved 1114112K
  class space    used 524K, committed 640K, reserved 1048576K
}
Event: 4.044 GC heap before
{Heap before GC invocations=2 (full 0):
 garbage-first heap   total 131072K, used 34079K [0x00000000c0000000, 0x0000000100000000)
  region size 1024K, 26 young (26624K), 3 survivors (3072K)
 Metaspace       used 4204K, committed 4416K, reserved 1114112K
  class space    used 525K, committed 640K, reserved 1048576K
}
Event: 4.050 GC heap after
{Heap after GC invocations=3 (full 0):
 garbage-first heap   total 131072K, used 13749K [0x00000000c0000000, 0x0000000100000000)
  region size 1024K, 4 young (4096K), 4 survivors (4096K)
 Metaspace       used 4204K, committed 4416K, reserved 1114112K
  class space    used 525K, committed 640K, reserved 1048576K
}
Event: 12.248 GC heap before
{Heap before GC invocations=3 (full 0):
 garbage-first heap   total 131072K, used 87477K [0x00000000c0000000, 0x0000000100000000)
  region size 1024K, 76 young (77824K), 4 survivors (4096K)
 Metaspace       used 16968K, committed 17344K, reserved 1114112K
  class space    used 2507K, committed 2688K, reserved 1048576K
}
Event: 12.261 GC heap after
{Heap after GC invocations=4 (full 0):
 garbage-first heap   total 131072K, used 20283K [0x00000000c0000000, 0x0000000100000000)
  region size 1024K, 10 young (10240K), 10 survivors (10240K)
 Metaspace       used 16968K, committed 17344K, reserved 1114112K
  class space    used 2507K, committed 2688K, reserved 1048576K
}

