# JRE version: OpenJDK Runtime Environment JBR-17.0.11+1-1312.2-nomod (17.0.11+1) (build 17.0.11+1-b1312.2)
# Java VM: OpenJDK 64-Bit Server VM JBR-17.0.11+1-1312.2-nomod (17.0.11+1-b1312.2, mixed mode, sharing, tiered, compressed oops, compressed class ptrs, g1 gc, windows-amd64)
GC Precious Log:
 CPUs: 4 total, 4 available
 Memory: 8067M
 Large Page Support: Disabled
 NUMA Support: Disabled
 Compressed Oops: Enabled (32-bit)
 Heap Region Size: 1M
 Heap Min Capacity: 8M
 Heap Initial Capacity: 128M
 Heap Max Capacity: 1G
 Pre-touch: Disabled
 Parallel Workers: 4
 Concurrent Workers: 1
 Concurrent Refinement Workers: 4
 Periodic GC: Disabled
Heap:
 garbage-first heap   total 570368K, used 172144K [0x00000000c0000000, 0x0000000100000000)
  region size 1024K, 18 young (18432K), 3 survivors (3072K)
 Metaspace       used 118897K, committed 120384K, reserved 1179648K
  class space    used 16864K, committed 17536K, reserved 1048576K
GC Heap History (20 events):
Event: 1310.511 GC heap before
{Heap before GC invocations=74 (full 0):
 garbage-first heap   total 285696K, used 235694K [0x00000000c0000000, 0x0000000100000000)
  region size 1024K, 90 young (92160K), 2 survivors (2048K)
 Metaspace       used 117098K, committed 118208K, reserved 1179648K
  class space    used 16660K, committed 17216K, reserved 1048576K
}
Event: 1310.526 GC heap after
{Heap after GC invocations=75 (full 0):
 garbage-first heap   total 285696K, used 153643K [0x00000000c0000000, 0x0000000100000000)
  region size 1024K, 10 young (10240K), 10 survivors (10240K)
 Metaspace       used 117098K, committed 118208K, reserved 1179648K
  class space    used 16660K, committed 17216K, reserved 1048576K
}
Event: 1368.965 GC heap before
{Heap before GC invocations=76 (full 0):
 garbage-first heap   total 285696K, used 246827K [0x00000000c0000000, 0x0000000100000000)
  region size 1024K, 89 young (91136K), 10 survivors (10240K)
 Metaspace       used 117587K, committed 118720K, reserved 1179648K
  class space    used 16695K, committed 17216K, reserved 1048576K
}
Event: 1368.990 GC heap after
{Heap after GC invocations=77 (full 0):
 garbage-first heap   total 285696K, used 157877K [0x00000000c0000000, 0x0000000100000000)
  region size 1024K, 5 young (5120K), 5 survivors (5120K)
 Metaspace       used 117587K, committed 118720K, reserved 1179648K
  class space    used 16695K, committed 17216K, reserved 1048576K
}
Event: 1369.043 GC heap before
{Heap before GC invocations=77 (full 0):
 garbage-first heap   total 285696K, used 165045K [0x00000000c0000000, 0x0000000100000000)
  region size 1024K, 13 young (13312K), 5 survivors (5120K)
 Metaspace       used 117600K, committed 118720K, reserved 1179648K
  class space    used 16695K, committed 17216K, reserved 1048576K
}
Event: 1369.073 GC heap after
{Heap after GC invocations=78 (full 0):
 garbage-first heap   total 285696K, used 144560K [0x00000000c0000000, 0x0000000100000000)
  region size 1024K, 2 young (2048K), 2 survivors (2048K)
 Metaspace       used 117600K, committed 118720K, reserved 1179648K
  class space    used 16695K, committed 17216K, reserved 1048576K
}
Event: 1536.884 GC heap before
{Heap before GC invocations=78 (full 0):
 garbage-first heap   total 285696K, used 233648K [0x00000000c0000000, 0x0000000100000000)
  region size 1024K, 90 young (92160K), 2 survivors (2048K)
 Metaspace       used 118358K, committed 119744K, reserved 1179648K
  class space    used 16875K, committed 17536K, reserved 1048576K
}
Event: 1536.902 GC heap after
{Heap after GC invocations=79 (full 0):
 garbage-first heap   total 285696K, used 152363K [0x00000000c0000000, 0x0000000100000000)
  region size 1024K, 10 young (10240K), 10 survivors (10240K)
 Metaspace       used 118358K, committed 119744K, reserved 1179648K
  class space    used 16875K, committed 17536K, reserved 1048576K
}
Event: 1538.201 GC heap before
{Heap before GC invocations=80 (full 0):
 garbage-first heap   total 285696K, used 228139K [0x00000000c0000000, 0x0000000100000000)
  region size 1024K, 90 young (92160K), 10 survivors (10240K)
 Metaspace       used 118458K, committed 119936K, reserved 1179648K
  class space    used 16863K, committed 17536K, reserved 1048576K
}
Event: 1538.233 GC heap after
{Heap after GC invocations=81 (full 0):
 garbage-first heap   total 285696K, used 156991K [0x00000000c0000000, 0x0000000100000000)
  region size 1024K, 10 young (10240K), 10 survivors (10240K)
 Metaspace       used 118458K, committed 119936K, reserved 1179648K
  class space    used 16863K, committed 17536K, reserved 1048576K
}
Event: 1538.252 GC heap before
{Heap before GC invocations=81 (full 0):
 garbage-first heap   total 285696K, used 159039K [0x00000000c0000000, 0x0000000100000000)
  region size 1024K, 13 young (13312K), 10 survivors (10240K)
 Metaspace       used 118459K, committed 119936K, reserved 1179648K
  class space    used 16863K, committed 17536K, reserved 1048576K
}
Event: 1538.284 GC heap after
{Heap after GC invocations=82 (full 0):
 garbage-first heap   total 285696K, used 143795K [0x00000000c0000000, 0x0000000100000000)
  region size 1024K, 2 young (2048K), 2 survivors (2048K)
 Metaspace       used 118459K, committed 119936K, reserved 1179648K
  class space    used 16863K, committed 17536K, reserved 1048576K
}
Event: 1541.373 GC heap before
{Heap before GC invocations=82 (full 0):
 garbage-first heap   total 285696K, used 166323K [0x00000000c0000000, 0x0000000100000000)
  region size 1024K, 26 young (26624K), 2 survivors (2048K)
 Metaspace       used 118672K, committed 120064K, reserved 1179648K
  class space    used 16876K, committed 17536K, reserved 1048576K
}
Event: 1541.379 GC heap after
{Heap after GC invocations=83 (full 0):
 garbage-first heap   total 285696K, used 144063K [0x00000000c0000000, 0x0000000100000000)
  region size 1024K, 2 young (2048K), 2 survivors (2048K)
 Metaspace       used 118672K, committed 120064K, reserved 1179648K
  class space    used 16876K, committed 17536K, reserved 1048576K
}
Event: 1707.922 GC heap before
{Heap before GC invocations=84 (full 0):
 garbage-first heap   total 285696K, used 244415K [0x00000000c0000000, 0x0000000100000000)
  region size 1024K, 89 young (91136K), 2 survivors (2048K)
 Metaspace       used 118787K, committed 120192K, reserved 1179648K
  class space    used 16877K, committed 17536K, reserved 1048576K
}
Event: 1707.937 GC heap after
{Heap after GC invocations=85 (full 0):
 garbage-first heap   total 285696K, used 150901K [0x00000000c0000000, 0x0000000100000000)
  region size 1024K, 10 young (10240K), 10 survivors (10240K)
 Metaspace       used 118787K, committed 120192K, reserved 1179648K
  class space    used 16877K, committed 17536K, reserved 1048576K
}
Event: 1707.970 GC heap before
{Heap before GC invocations=85 (full 0):
 garbage-first heap   total 285696K, used 153973K [0x00000000c0000000, 0x0000000100000000)
  region size 1024K, 13 young (13312K), 10 survivors (10240K)
 Metaspace       used 118788K, committed 120192K, reserved 1179648K
  class space    used 16877K, committed 17536K, reserved 1048576K
}
Event: 1707.995 GC heap after
{Heap after GC invocations=86 (full 0):
 garbage-first heap   total 285696K, used 143642K [0x00000000c0000000, 0x0000000100000000)
  region size 1024K, 2 young (2048K), 2 survivors (2048K)
 Metaspace       used 118788K, committed 120192K, reserved 1179648K
  class space    used 16877K, committed 17536K, reserved 1048576K
}
Event: 1711.110 GC heap before
{Heap before GC invocations=86 (full 0):
 garbage-first heap   total 285696K, used 179482K [0x00000000c0000000, 0x0000000100000000)
  region size 1024K, 39 young (39936K), 2 survivors (2048K)
 Metaspace       used 118943K, committed 120384K, reserved 1179648K
  class space    used 16878K, committed 17536K, reserved 1048576K
}
Event: 1711.118 GC heap after
{Heap after GC invocations=87 (full 0):
 garbage-first heap   total 590848K, used 144496K [0x00000000c0000000, 0x0000000100000000)
  region size 1024K, 3 young (3072K), 3 survivors (3072K)
 Metaspace       used 118943K, committed 120384K, reserved 1179648K
  class space    used 16878K, committed 17536K, reserved 1048576K
}

