# JRE version: OpenJDK Runtime Environment JBR-17.0.11+1-1312.2-nomod (17.0.11+1) (build 17.0.11+1-b1312.2)
# Java VM: OpenJDK 64-Bit Server VM JBR-17.0.11+1-1312.2-nomod (17.0.11+1-b1312.2, mixed mode, sharing, tiered, compressed oops, compressed class ptrs, g1 gc, windows-amd64)
GC Precious Log:
 CPUs: 4 total, 4 available
 Memory: 8067M
 Large Page Support: Disabled
 NUMA Support: Disabled
 Compressed Oops: Enabled (32-bit)
 Heap Region Size: 1M
 Heap Min Capacity: 8M
 Heap Initial Capacity: 128M
 Heap Max Capacity: 1G
 Pre-touch: Disabled
 Parallel Workers: 4
 Concurrent Workers: 1
 Concurrent Refinement Workers: 4
 Periodic GC: Disabled
Heap:
 garbage-first heap   total 395264K, used 316349K [0x00000000c0000000, 0x0000000100000000)
  region size 1024K, 176 young (180224K), 10 survivors (10240K)
 Metaspace       used 115672K, committed 116608K, reserved 1179648K
  class space    used 16669K, committed 17152K, reserved 1048576K
GC Heap History (20 events):
Event: 421.826 GC heap before
{Heap before GC invocations=47 (full 0):
 garbage-first heap   total 168960K, used 140106K [0x00000000c0000000, 0x0000000100000000)
  region size 1024K, 40 young (40960K), 1 survivors (1024K)
 Metaspace       used 85717K, committed 86464K, reserved 1179648K
  class space    used 12317K, committed 12672K, reserved 1048576K
}
Event: 421.830 GC heap after
{Heap after GC invocations=48 (full 0):
 garbage-first heap   total 168960K, used 101839K [0x00000000c0000000, 0x0000000100000000)
  region size 1024K, 3 young (3072K), 3 survivors (3072K)
 Metaspace       used 85717K, committed 86464K, reserved 1179648K
  class space    used 12317K, committed 12672K, reserved 1048576K
}
Event: 422.688 GC heap before
{Heap before GC invocations=49 (full 0):
 garbage-first heap   total 183296K, used 139727K [0x00000000c0000000, 0x0000000100000000)
  region size 1024K, 40 young (40960K), 3 survivors (3072K)
 Metaspace       used 88115K, committed 88832K, reserved 1179648K
  class space    used 12725K, committed 13056K, reserved 1048576K
}
Event: 422.697 GC heap after
{Heap after GC invocations=50 (full 0):
 garbage-first heap   total 183296K, used 105791K [0x00000000c0000000, 0x0000000100000000)
  region size 1024K, 5 young (5120K), 5 survivors (5120K)
 Metaspace       used 88115K, committed 88832K, reserved 1179648K
  class space    used 12725K, committed 13056K, reserved 1048576K
}
Event: 422.758 GC heap before
{Heap before GC invocations=50 (full 0):
 garbage-first heap   total 183296K, used 108863K [0x00000000c0000000, 0x0000000100000000)
  region size 1024K, 8 young (8192K), 5 survivors (5120K)
 Metaspace       used 88140K, committed 88832K, reserved 1179648K
  class space    used 12727K, committed 13056K, reserved 1048576K
}
Event: 422.767 GC heap after
{Heap after GC invocations=51 (full 0):
 garbage-first heap   total 183296K, used 106113K [0x00000000c0000000, 0x0000000100000000)
  region size 1024K, 1 young (1024K), 1 survivors (1024K)
 Metaspace       used 88140K, committed 88832K, reserved 1179648K
  class space    used 12727K, committed 13056K, reserved 1048576K
}
Event: 423.435 GC heap before
{Heap before GC invocations=51 (full 0):
 garbage-first heap   total 183296K, used 151169K [0x00000000c0000000, 0x0000000100000000)
  region size 1024K, 46 young (47104K), 1 survivors (1024K)
 Metaspace       used 88696K, committed 89408K, reserved 1179648K
  class space    used 12797K, committed 13120K, reserved 1048576K
}
Event: 423.442 GC heap after
{Heap after GC invocations=52 (full 0):
 garbage-first heap   total 183296K, used 111159K [0x00000000c0000000, 0x0000000100000000)
  region size 1024K, 6 young (6144K), 6 survivors (6144K)
 Metaspace       used 88696K, committed 89408K, reserved 1179648K
  class space    used 12797K, committed 13120K, reserved 1048576K
}
Event: 424.211 GC heap before
{Heap before GC invocations=53 (full 0):
 garbage-first heap   total 198656K, used 150071K [0x00000000c0000000, 0x0000000100000000)
  region size 1024K, 45 young (46080K), 6 survivors (6144K)
 Metaspace       used 89127K, committed 89856K, reserved 1179648K
  class space    used 12834K, committed 13184K, reserved 1048576K
}
Event: 424.222 GC heap after
{Heap after GC invocations=54 (full 0):
 garbage-first heap   total 198656K, used 114039K [0x00000000c0000000, 0x0000000100000000)
  region size 1024K, 5 young (5120K), 5 survivors (5120K)
 Metaspace       used 89127K, committed 89856K, reserved 1179648K
  class space    used 12834K, committed 13184K, reserved 1048576K
}
Event: 424.266 GC heap before
{Heap before GC invocations=54 (full 0):
 garbage-first heap   total 198656K, used 117111K [0x00000000c0000000, 0x0000000100000000)
  region size 1024K, 9 young (9216K), 5 survivors (5120K)
 Metaspace       used 89165K, committed 89920K, reserved 1179648K
  class space    used 12834K, committed 13184K, reserved 1048576K
}
Event: 424.275 GC heap after
{Heap after GC invocations=55 (full 0):
 garbage-first heap   total 198656K, used 112501K [0x00000000c0000000, 0x0000000100000000)
  region size 1024K, 1 young (1024K), 1 survivors (1024K)
 Metaspace       used 89165K, committed 89920K, reserved 1179648K
  class space    used 12834K, committed 13184K, reserved 1048576K
}
Event: 425.121 GC heap before
{Heap before GC invocations=55 (full 0):
 garbage-first heap   total 198656K, used 161653K [0x00000000c0000000, 0x0000000100000000)
  region size 1024K, 50 young (51200K), 1 survivors (1024K)
 Metaspace       used 89455K, committed 90176K, reserved 1179648K
  class space    used 12845K, committed 13184K, reserved 1048576K
}
Event: 425.133 GC heap after
{Heap after GC invocations=56 (full 0):
 garbage-first heap   total 395264K, used 117129K [0x00000000c0000000, 0x0000000100000000)
  region size 1024K, 6 young (6144K), 6 survivors (6144K)
 Metaspace       used 89455K, committed 90176K, reserved 1179648K
  class space    used 12845K, committed 13184K, reserved 1048576K
}
Event: 432.460 GC heap before
{Heap before GC invocations=57 (full 0):
 garbage-first heap   total 395264K, used 298377K [0x00000000c0000000, 0x0000000100000000)
  region size 1024K, 179 young (183296K), 6 survivors (6144K)
 Metaspace       used 95221K, committed 96000K, reserved 1179648K
  class space    used 13562K, committed 13952K, reserved 1048576K
}
Event: 432.483 GC heap after
{Heap after GC invocations=58 (full 0):
 garbage-first heap   total 395264K, used 127239K [0x00000000c0000000, 0x0000000100000000)
  region size 1024K, 15 young (15360K), 15 survivors (15360K)
 Metaspace       used 95221K, committed 96000K, reserved 1179648K
  class space    used 13562K, committed 13952K, reserved 1048576K
}
Event: 432.542 GC heap before
{Heap before GC invocations=58 (full 0):
 garbage-first heap   total 395264K, used 131335K [0x00000000c0000000, 0x0000000100000000)
  region size 1024K, 19 young (19456K), 15 survivors (15360K)
 Metaspace       used 95561K, committed 96384K, reserved 1179648K
  class space    used 13608K, committed 14016K, reserved 1048576K
}
Event: 432.559 GC heap after
{Heap after GC invocations=59 (full 0):
 garbage-first heap   total 395264K, used 127370K [0x00000000c0000000, 0x0000000100000000)
  region size 1024K, 2 young (2048K), 2 survivors (2048K)
 Metaspace       used 95561K, committed 96384K, reserved 1179648K
  class space    used 13608K, committed 14016K, reserved 1048576K
}
Event: 436.652 GC heap before
{Heap before GC invocations=59 (full 0):
 garbage-first heap   total 395264K, used 302474K [0x00000000c0000000, 0x0000000100000000)
  region size 1024K, 174 young (178176K), 2 survivors (2048K)
 Metaspace       used 112894K, committed 113792K, reserved 1179648K
  class space    used 16331K, committed 16768K, reserved 1048576K
}
Event: 436.692 GC heap after
{Heap after GC invocations=60 (full 0):
 garbage-first heap   total 395264K, used 135101K [0x00000000c0000000, 0x0000000100000000)
  region size 1024K, 10 young (10240K), 10 survivors (10240K)
 Metaspace       used 112894K, committed 113792K, reserved 1179648K
  class space    used 16331K, committed 16768K, reserved 1048576K
}

