# JRE version: OpenJDK Runtime Environment JBR-17.0.11+1-1312.2-nomod (17.0.11+1) (build 17.0.11+1-b1312.2)
# Java VM: OpenJDK 64-Bit Server VM JBR-17.0.11+1-1312.2-nomod (17.0.11+1-b1312.2, mixed mode, sharing, tiered, compressed oops, compressed class ptrs, g1 gc, windows-amd64)
GC Precious Log:
 CPUs: 4 total, 4 available
 Memory: 8067M
 Large Page Support: Disabled
 NUMA Support: Disabled
 Compressed Oops: Enabled (32-bit)
 Heap Region Size: 1M
 Heap Min Capacity: 8M
 Heap Initial Capacity: 128M
 Heap Max Capacity: 1G
 Pre-touch: Disabled
 Parallel Workers: 4
 Concurrent Workers: 1
 Concurrent Refinement Workers: 4
 Periodic GC: Disabled
Heap:
 garbage-first heap   total 526336K, used 309760K [0x00000000c0000000, 0x0000000100000000)
  region size 1024K, 15 young (15360K), 15 survivors (15360K)
 Metaspace       used 143710K, committed 144832K, reserved 1179648K
  class space    used 19578K, committed 20096K, reserved 1048576K
GC Heap History (20 events):
Event: 426.238 GC heap after
{Heap after GC invocations=73 (full 0):
 garbage-first heap   total 447488K, used 194048K [0x00000000c0000000, 0x0000000100000000)
  region size 1024K, 3 young (3072K), 3 survivors (3072K)
 Metaspace       used 137271K, committed 138304K, reserved 1179648K
  class space    used 18944K, committed 19456K, reserved 1048576K
}
Event: 428.692 GC heap before
{Heap before GC invocations=73 (full 0):
 garbage-first heap   total 447488K, used 337408K [0x00000000c0000000, 0x0000000100000000)
  region size 1024K, 144 young (147456K), 3 survivors (3072K)
 Metaspace       used 140401K, committed 141440K, reserved 1179648K
  class space    used 19266K, committed 19776K, reserved 1048576K
}
Event: 428.704 GC heap after
{Heap after GC invocations=74 (full 0):
 garbage-first heap   total 447488K, used 197838K [0x00000000c0000000, 0x0000000100000000)
  region size 1024K, 7 young (7168K), 7 survivors (7168K)
 Metaspace       used 140401K, committed 141440K, reserved 1179648K
  class space    used 19266K, committed 19776K, reserved 1048576K
}
Event: 430.643 GC heap before
{Heap before GC invocations=74 (full 0):
 garbage-first heap   total 447488K, used 250062K [0x00000000c0000000, 0x0000000100000000)
  region size 1024K, 48 young (49152K), 7 survivors (7168K)
 Metaspace       used 140920K, committed 142080K, reserved 1179648K
  class space    used 19334K, committed 19904K, reserved 1048576K
}
Event: 430.653 GC heap after
{Heap after GC invocations=75 (full 0):
 garbage-first heap   total 447488K, used 216911K [0x00000000c0000000, 0x0000000100000000)
  region size 1024K, 13 young (13312K), 13 survivors (13312K)
 Metaspace       used 140920K, committed 142080K, reserved 1179648K
  class space    used 19334K, committed 19904K, reserved 1048576K
}
Event: 431.493 GC heap before
{Heap before GC invocations=76 (full 0):
 garbage-first heap   total 447488K, used 355151K [0x00000000c0000000, 0x0000000100000000)
  region size 1024K, 148 young (151552K), 13 survivors (13312K)
 Metaspace       used 141313K, committed 142464K, reserved 1179648K
  class space    used 19347K, committed 19904K, reserved 1048576K
}
Event: 431.570 GC heap after
{Heap after GC invocations=77 (full 0):
 garbage-first heap   total 447488K, used 251840K [0x00000000c0000000, 0x0000000100000000)
  region size 1024K, 19 young (19456K), 19 survivors (19456K)
 Metaspace       used 141313K, committed 142464K, reserved 1179648K
  class space    used 19347K, committed 19904K, reserved 1048576K
}
Event: 431.611 GC heap before
{Heap before GC invocations=77 (full 0):
 garbage-first heap   total 447488K, used 253888K [0x00000000c0000000, 0x0000000100000000)
  region size 1024K, 21 young (21504K), 19 survivors (19456K)
 Metaspace       used 141316K, committed 142464K, reserved 1179648K
  class space    used 19347K, committed 19904K, reserved 1048576K
}
Event: 431.664 GC heap after
{Heap after GC invocations=78 (full 0):
 garbage-first heap   total 447488K, used 237056K [0x00000000c0000000, 0x0000000100000000)
  region size 1024K, 3 young (3072K), 3 survivors (3072K)
 Metaspace       used 141316K, committed 142464K, reserved 1179648K
  class space    used 19347K, committed 19904K, reserved 1048576K
}
Event: 432.354 GC heap before
{Heap before GC invocations=78 (full 0):
 garbage-first heap   total 447488K, used 336384K [0x00000000c0000000, 0x0000000100000000)
  region size 1024K, 100 young (102400K), 3 survivors (3072K)
 Metaspace       used 141746K, committed 142784K, reserved 1179648K
  class space    used 19387K, committed 19904K, reserved 1048576K
}
Event: 432.394 GC heap after
{Heap after GC invocations=79 (full 0):
 garbage-first heap   total 447488K, used 270400K [0x00000000c0000000, 0x0000000100000000)
  region size 1024K, 13 young (13312K), 13 survivors (13312K)
 Metaspace       used 141746K, committed 142784K, reserved 1179648K
  class space    used 19387K, committed 19904K, reserved 1048576K
}
Event: 433.157 GC heap before
{Heap before GC invocations=79 (full 0):
 garbage-first heap   total 447488K, used 347200K [0x00000000c0000000, 0x0000000100000000)
  region size 1024K, 85 young (87040K), 13 survivors (13312K)
 Metaspace       used 141837K, committed 142912K, reserved 1179648K
  class space    used 19387K, committed 19904K, reserved 1048576K
}
Event: 433.191 GC heap after
{Heap after GC invocations=80 (full 0):
 garbage-first heap   total 447488K, used 282240K [0x00000000c0000000, 0x0000000100000000)
  region size 1024K, 7 young (7168K), 7 survivors (7168K)
 Metaspace       used 141837K, committed 142912K, reserved 1179648K
  class space    used 19387K, committed 19904K, reserved 1048576K
}
Event: 433.936 GC heap before
{Heap before GC invocations=80 (full 0):
 garbage-first heap   total 447488K, used 356992K [0x00000000c0000000, 0x0000000100000000)
  region size 1024K, 77 young (78848K), 7 survivors (7168K)
 Metaspace       used 142960K, committed 144064K, reserved 1179648K
  class space    used 19512K, committed 20032K, reserved 1048576K
}
Event: 433.961 GC heap after
{Heap after GC invocations=81 (full 0):
 garbage-first heap   total 447488K, used 290496K [0x00000000c0000000, 0x0000000100000000)
  region size 1024K, 7 young (7168K), 7 survivors (7168K)
 Metaspace       used 142960K, committed 144064K, reserved 1179648K
  class space    used 19512K, committed 20032K, reserved 1048576K
}
Event: 435.370 GC heap before
{Heap before GC invocations=82 (full 0):
 garbage-first heap   total 526336K, used 355008K [0x00000000c0000000, 0x0000000100000000)
  region size 1024K, 76 young (77824K), 7 survivors (7168K)
 Metaspace       used 143578K, committed 144704K, reserved 1179648K
  class space    used 19577K, committed 20096K, reserved 1048576K
}
Event: 435.389 GC heap after
{Heap after GC invocations=83 (full 0):
 garbage-first heap   total 526336K, used 293884K [0x00000000c0000000, 0x0000000100000000)
  region size 1024K, 9 young (9216K), 9 survivors (9216K)
 Metaspace       used 143578K, committed 144704K, reserved 1179648K
  class space    used 19577K, committed 20096K, reserved 1048576K
}
Event: 435.463 GC heap before
{Heap before GC invocations=83 (full 0):
 garbage-first heap   total 526336K, used 311292K [0x00000000c0000000, 0x0000000100000000)
  region size 1024K, 25 young (25600K), 9 survivors (9216K)
 Metaspace       used 143586K, committed 144704K, reserved 1179648K
  class space    used 19577K, committed 20096K, reserved 1048576K
}
Event: 435.491 GC heap after
{Heap after GC invocations=84 (full 0):
 garbage-first heap   total 526336K, used 277409K [0x00000000c0000000, 0x0000000100000000)
  region size 1024K, 3 young (3072K), 3 survivors (3072K)
 Metaspace       used 143586K, committed 144704K, reserved 1179648K
  class space    used 19577K, committed 20096K, reserved 1048576K
}
Event: 436.416 GC heap before
{Heap before GC invocations=84 (full 0):
 garbage-first heap   total 526336K, used 420769K [0x00000000c0000000, 0x0000000100000000)
  region size 1024K, 118 young (120832K), 3 survivors (3072K)
 Metaspace       used 143710K, committed 144832K, reserved 1179648K
  class space    used 19578K, committed 20096K, reserved 1048576K
}

