# JRE version: OpenJDK Runtime Environment JBR-17.0.11+1-1312.2-nomod (17.0.11+1) (build 17.0.11+1-b1312.2)
# Java VM: OpenJDK 64-Bit Server VM JBR-17.0.11+1-1312.2-nomod (17.0.11+1-b1312.2, mixed mode, sharing, tiered, compressed oops, compressed class ptrs, g1 gc, windows-amd64)
GC Precious Log:
 CPUs: 4 total, 4 available
 Memory: 8067M
 Large Page Support: Disabled
 NUMA Support: Disabled
 Compressed Oops: Enabled (32-bit)
 Heap Region Size: 1M
 Heap Min Capacity: 8M
 Heap Initial Capacity: 128M
 Heap Max Capacity: 1G
 Pre-touch: Disabled
 Parallel Workers: 4
 Concurrent Workers: 1
 Concurrent Refinement Workers: 4
 Periodic GC: Disabled
Heap:
 garbage-first heap   total 596992K, used 233622K [0x00000000c0000000, 0x0000000100000000)
  region size 1024K, 55 young (56320K), 3 survivors (3072K)
 Metaspace       used 150795K, committed 152640K, reserved 1245184K
  class space    used 20330K, committed 21184K, reserved 1048576K
GC Heap History (20 events):
Event: 1114.982 GC heap before
{Heap before GC invocations=87 (full 0):
 garbage-first heap   total 634880K, used 543337K [0x00000000c0000000, 0x0000000100000000)
  region size 1024K, 361 young (369664K), 8 survivors (8192K)
 Metaspace       used 149233K, committed 150784K, reserved 1245184K
  class space    used 20127K, committed 20864K, reserved 1048576K
}
Event: 1115.428 GC heap after
{Heap after GC invocations=88 (full 0):
 garbage-first heap   total 634880K, used 171625K [0x00000000c0000000, 0x0000000100000000)
  region size 1024K, 10 young (10240K), 10 survivors (10240K)
 Metaspace       used 149233K, committed 150784K, reserved 1245184K
  class space    used 20127K, committed 20864K, reserved 1048576K
}
Event: 1154.095 GC heap before
{Heap before GC invocations=88 (full 0):
 garbage-first heap   total 634880K, used 193129K [0x00000000c0000000, 0x0000000100000000)
  region size 1024K, 31 young (31744K), 10 survivors (10240K)
 Metaspace       used 149928K, committed 151488K, reserved 1245184K
  class space    used 20220K, committed 20928K, reserved 1048576K
}
Event: 1154.906 GC heap after
{Heap after GC invocations=89 (full 0):
 garbage-first heap   total 634880K, used 166479K [0x00000000c0000000, 0x0000000100000000)
  region size 1024K, 4 young (4096K), 4 survivors (4096K)
 Metaspace       used 149928K, committed 151488K, reserved 1245184K
  class space    used 20220K, committed 20928K, reserved 1048576K
}
Event: 1158.243 GC heap before
{Heap before GC invocations=89 (full 0):
 garbage-first heap   total 634880K, used 193103K [0x00000000c0000000, 0x0000000100000000)
  region size 1024K, 31 young (31744K), 4 survivors (4096K)
 Metaspace       used 149995K, committed 151552K, reserved 1245184K
  class space    used 20220K, committed 20928K, reserved 1048576K
}
Event: 1158.394 GC heap after
{Heap after GC invocations=90 (full 0):
 garbage-first heap   total 634880K, used 170343K [0x00000000c0000000, 0x0000000100000000)
  region size 1024K, 4 young (4096K), 4 survivors (4096K)
 Metaspace       used 149995K, committed 151552K, reserved 1245184K
  class space    used 20220K, committed 20928K, reserved 1048576K
}
Event: 1326.247 GC heap before
{Heap before GC invocations=91 (full 0):
 garbage-first heap   total 577536K, used 276838K [0x00000000c0000000, 0x0000000100000000)
  region size 1024K, 109 young (111616K), 4 survivors (4096K)
 Metaspace       used 148971K, committed 151168K, reserved 1245184K
  class space    used 20019K, committed 20928K, reserved 1048576K
}
Event: 1326.315 GC heap after
{Heap after GC invocations=92 (full 0):
 garbage-first heap   total 577536K, used 181419K [0x00000000c0000000, 0x0000000100000000)
  region size 1024K, 14 young (14336K), 14 survivors (14336K)
 Metaspace       used 148971K, committed 151168K, reserved 1245184K
  class space    used 20019K, committed 20928K, reserved 1048576K
}
Event: 1330.704 GC heap before
{Heap before GC invocations=92 (full 0):
 garbage-first heap   total 577536K, used 195755K [0x00000000c0000000, 0x0000000100000000)
  region size 1024K, 28 young (28672K), 14 survivors (14336K)
 Metaspace       used 149178K, committed 151168K, reserved 1245184K
  class space    used 20045K, committed 20928K, reserved 1048576K
}
Event: 1331.669 GC heap after
{Heap after GC invocations=93 (full 0):
 garbage-first heap   total 577536K, used 176053K [0x00000000c0000000, 0x0000000100000000)
  region size 1024K, 2 young (2048K), 2 survivors (2048K)
 Metaspace       used 149178K, committed 151168K, reserved 1245184K
  class space    used 20045K, committed 20928K, reserved 1048576K
}
Event: 1373.667 GC heap before
{Heap before GC invocations=93 (full 0):
 garbage-first heap   total 577536K, used 214965K [0x00000000c0000000, 0x0000000100000000)
  region size 1024K, 28 young (28672K), 2 survivors (2048K)
 Metaspace       used 149297K, committed 151168K, reserved 1245184K
  class space    used 20048K, committed 20928K, reserved 1048576K
}
Event: 1373.679 GC heap after
{Heap after GC invocations=94 (full 0):
 garbage-first heap   total 577536K, used 174889K [0x00000000c0000000, 0x0000000100000000)
  region size 1024K, 2 young (2048K), 2 survivors (2048K)
 Metaspace       used 149297K, committed 151168K, reserved 1245184K
  class space    used 20048K, committed 20928K, reserved 1048576K
}
Event: 1373.935 GC heap before
{Heap before GC invocations=94 (full 0):
 garbage-first heap   total 577536K, used 200489K [0x00000000c0000000, 0x0000000100000000)
  region size 1024K, 28 young (28672K), 2 survivors (2048K)
 Metaspace       used 149304K, committed 151168K, reserved 1245184K
  class space    used 20048K, committed 20928K, reserved 1048576K
}
Event: 1373.950 GC heap after
{Heap after GC invocations=95 (full 0):
 garbage-first heap   total 577536K, used 175696K [0x00000000c0000000, 0x0000000100000000)
  region size 1024K, 4 young (4096K), 4 survivors (4096K)
 Metaspace       used 149304K, committed 151168K, reserved 1245184K
  class space    used 20048K, committed 20928K, reserved 1048576K
}
Event: 1374.215 GC heap before
{Heap before GC invocations=95 (full 0):
 garbage-first heap   total 577536K, used 200272K [0x00000000c0000000, 0x0000000100000000)
  region size 1024K, 28 young (28672K), 4 survivors (4096K)
 Metaspace       used 149355K, committed 151168K, reserved 1245184K
  class space    used 20048K, committed 20928K, reserved 1048576K
}
Event: 1374.535 GC heap after
{Heap after GC invocations=96 (full 0):
 garbage-first heap   total 577536K, used 178014K [0x00000000c0000000, 0x0000000100000000)
  region size 1024K, 4 young (4096K), 4 survivors (4096K)
 Metaspace       used 149355K, committed 151168K, reserved 1245184K
  class space    used 20048K, committed 20928K, reserved 1048576K
}
Event: 1375.482 GC heap before
{Heap before GC invocations=96 (full 0):
 garbage-first heap   total 577536K, used 201566K [0x00000000c0000000, 0x0000000100000000)
  region size 1024K, 28 young (28672K), 4 survivors (4096K)
 Metaspace       used 149387K, committed 151168K, reserved 1245184K
  class space    used 20049K, committed 20928K, reserved 1048576K
}
Event: 1375.752 GC heap after
{Heap after GC invocations=97 (full 0):
 garbage-first heap   total 577536K, used 180224K [0x00000000c0000000, 0x0000000100000000)
  region size 1024K, 3 young (3072K), 3 survivors (3072K)
 Metaspace       used 149387K, committed 151168K, reserved 1245184K
  class space    used 20049K, committed 20928K, reserved 1048576K
}
Event: 1422.755 GC heap before
{Heap before GC invocations=97 (full 0):
 garbage-first heap   total 577536K, used 205824K [0x00000000c0000000, 0x0000000100000000)
  region size 1024K, 28 young (28672K), 3 survivors (3072K)
 Metaspace       used 150078K, committed 151680K, reserved 1245184K
  class space    used 20203K, committed 20928K, reserved 1048576K
}
Event: 1422.843 GC heap after
{Heap after GC invocations=98 (full 0):
 garbage-first heap   total 596992K, used 182422K [0x00000000c0000000, 0x0000000100000000)
  region size 1024K, 3 young (3072K), 3 survivors (3072K)
 Metaspace       used 150078K, committed 151680K, reserved 1245184K
  class space    used 20203K, committed 20928K, reserved 1048576K
}

