# JRE version: OpenJDK Runtime Environment JBR-17.0.11+1-1312.2-nomod (17.0.11+1) (build 17.0.11+1-b1312.2)
# Java VM: OpenJDK 64-Bit Server VM JBR-17.0.11+1-1312.2-nomod (17.0.11+1-b1312.2, mixed mode, sharing, tiered, compressed oops, compressed class ptrs, g1 gc, windows-amd64)
GC Precious Log:
 CPUs: 4 total, 4 available
 Memory: 8067M
 Large Page Support: Disabled
 NUMA Support: Disabled
 Compressed Oops: Enabled (32-bit)
 Heap Region Size: 1M
 Heap Min Capacity: 8M
 Heap Initial Capacity: 128M
 Heap Max Capacity: 1G
 Pre-touch: Disabled
 Parallel Workers: 4
 Concurrent Workers: 1
 Concurrent Refinement Workers: 4
 Periodic GC: Disabled
Heap:
 garbage-first heap   total 304128K, used 227840K [0x00000000c0000000, 0x0000000100000000)
  region size 1024K, 3 young (3072K), 3 survivors (3072K)
 Metaspace       used 103879K, committed 104704K, reserved 1179648K
  class space    used 14505K, committed 14912K, reserved 1048576K
GC Heap History (20 events):
Event: 19.596 GC heap after
{Heap after GC invocations=48 (full 0):
 garbage-first heap   total 188416K, used 108166K [0x00000000c0000000, 0x0000000100000000)
  region size 1024K, 4 young (4096K), 4 survivors (4096K)
 Metaspace       used 88993K, committed 89664K, reserved 1179648K
  class space    used 12772K, committed 13120K, reserved 1048576K
}
Event: 20.280 GC heap before
{Heap before GC invocations=48 (full 0):
 garbage-first heap   total 188416K, used 156294K [0x00000000c0000000, 0x0000000100000000)
  region size 1024K, 50 young (51200K), 4 survivors (4096K)
 Metaspace       used 95806K, committed 96512K, reserved 1179648K
  class space    used 13626K, committed 13952K, reserved 1048576K
}
Event: 20.289 GC heap after
{Heap after GC invocations=49 (full 0):
 garbage-first heap   total 188416K, used 115066K [0x00000000c0000000, 0x0000000100000000)
  region size 1024K, 7 young (7168K), 7 survivors (7168K)
 Metaspace       used 95806K, committed 96512K, reserved 1179648K
  class space    used 13626K, committed 13952K, reserved 1048576K
}
Event: 21.122 GC heap before
{Heap before GC invocations=49 (full 0):
 garbage-first heap   total 188416K, used 157050K [0x00000000c0000000, 0x0000000100000000)
  region size 1024K, 47 young (48128K), 7 survivors (7168K)
 Metaspace       used 100209K, committed 100928K, reserved 1179648K
  class space    used 14006K, committed 14336K, reserved 1048576K
}
Event: 21.137 GC heap after
{Heap after GC invocations=50 (full 0):
 garbage-first heap   total 188416K, used 125893K [0x00000000c0000000, 0x0000000100000000)
  region size 1024K, 6 young (6144K), 6 survivors (6144K)
 Metaspace       used 100209K, committed 100928K, reserved 1179648K
  class space    used 14006K, committed 14336K, reserved 1048576K
}
Event: 21.395 GC heap before
{Heap before GC invocations=50 (full 0):
 garbage-first heap   total 188416K, used 153541K [0x00000000c0000000, 0x0000000100000000)
  region size 1024K, 33 young (33792K), 6 survivors (6144K)
 Metaspace       used 100371K, committed 101056K, reserved 1179648K
  class space    used 14021K, committed 14336K, reserved 1048576K
}
Event: 21.418 GC heap after
{Heap after GC invocations=51 (full 0):
 garbage-first heap   total 188416K, used 153600K [0x00000000c0000000, 0x0000000100000000)
  region size 1024K, 5 young (5120K), 5 survivors (5120K)
 Metaspace       used 100371K, committed 101056K, reserved 1179648K
  class space    used 14021K, committed 14336K, reserved 1048576K
}
Event: 21.447 GC heap before
{Heap before GC invocations=51 (full 0):
 garbage-first heap   total 188416K, used 157696K [0x00000000c0000000, 0x0000000100000000)
  region size 1024K, 9 young (9216K), 5 survivors (5120K)
 Metaspace       used 100373K, committed 101056K, reserved 1179648K
  class space    used 14021K, committed 14336K, reserved 1048576K
}
Event: 21.461 GC heap after
{Heap after GC invocations=52 (full 0):
 garbage-first heap   total 223232K, used 158720K [0x00000000c0000000, 0x0000000100000000)
  region size 1024K, 2 young (2048K), 2 survivors (2048K)
 Metaspace       used 100373K, committed 101056K, reserved 1179648K
  class space    used 14021K, committed 14336K, reserved 1048576K
}
Event: 21.568 GC heap before
{Heap before GC invocations=52 (full 0):
 garbage-first heap   total 223232K, used 172032K [0x00000000c0000000, 0x0000000100000000)
  region size 1024K, 15 young (15360K), 2 survivors (2048K)
 Metaspace       used 100373K, committed 101056K, reserved 1179648K
  class space    used 14021K, committed 14336K, reserved 1048576K
}
Event: 21.582 GC heap after
{Heap after GC invocations=53 (full 0):
 garbage-first heap   total 223232K, used 172544K [0x00000000c0000000, 0x0000000100000000)
  region size 1024K, 2 young (2048K), 2 survivors (2048K)
 Metaspace       used 100373K, committed 101056K, reserved 1179648K
  class space    used 14021K, committed 14336K, reserved 1048576K
}
Event: 21.695 GC heap before
{Heap before GC invocations=53 (full 0):
 garbage-first heap   total 223232K, used 180736K [0x00000000c0000000, 0x0000000100000000)
  region size 1024K, 10 young (10240K), 2 survivors (2048K)
 Metaspace       used 100907K, committed 101568K, reserved 1179648K
  class space    used 14084K, committed 14400K, reserved 1048576K
}
Event: 21.705 GC heap after
{Heap after GC invocations=54 (full 0):
 garbage-first heap   total 223232K, used 177152K [0x00000000c0000000, 0x0000000100000000)
  region size 1024K, 2 young (2048K), 2 survivors (2048K)
 Metaspace       used 100907K, committed 101568K, reserved 1179648K
  class space    used 14084K, committed 14400K, reserved 1048576K
}
Event: 21.835 GC heap before
{Heap before GC invocations=54 (full 0):
 garbage-first heap   total 304128K, used 184320K [0x00000000c0000000, 0x0000000100000000)
  region size 1024K, 10 young (10240K), 2 survivors (2048K)
 Metaspace       used 101686K, committed 102400K, reserved 1179648K
  class space    used 14186K, committed 14528K, reserved 1048576K
}
Event: 21.842 GC heap after
{Heap after GC invocations=55 (full 0):
 garbage-first heap   total 304128K, used 178689K [0x00000000c0000000, 0x0000000100000000)
  region size 1024K, 1 young (1024K), 1 survivors (1024K)
 Metaspace       used 101686K, committed 102400K, reserved 1179648K
  class space    used 14186K, committed 14528K, reserved 1048576K
}
Event: 22.315 GC heap before
{Heap before GC invocations=56 (full 0):
 garbage-first heap   total 304128K, used 212481K [0x00000000c0000000, 0x0000000100000000)
  region size 1024K, 34 young (34816K), 1 survivors (1024K)
 Metaspace       used 103878K, committed 104704K, reserved 1179648K
  class space    used 14505K, committed 14912K, reserved 1048576K
}
Event: 22.331 GC heap after
{Heap after GC invocations=57 (full 0):
 garbage-first heap   total 304128K, used 196341K [0x00000000c0000000, 0x0000000100000000)
  region size 1024K, 5 young (5120K), 5 survivors (5120K)
 Metaspace       used 103878K, committed 104704K, reserved 1179648K
  class space    used 14505K, committed 14912K, reserved 1048576K
}
Event: 22.373 GC heap before
{Heap before GC invocations=57 (full 0):
 garbage-first heap   total 304128K, used 205557K [0x00000000c0000000, 0x0000000100000000)
  region size 1024K, 14 young (14336K), 5 survivors (5120K)
 Metaspace       used 103879K, committed 104704K, reserved 1179648K
  class space    used 14505K, committed 14912K, reserved 1048576K
}
Event: 22.389 GC heap after
{Heap after GC invocations=58 (full 0):
 garbage-first heap   total 304128K, used 204800K [0x00000000c0000000, 0x0000000100000000)
  region size 1024K, 2 young (2048K), 2 survivors (2048K)
 Metaspace       used 103879K, committed 104704K, reserved 1179648K
  class space    used 14505K, committed 14912K, reserved 1048576K
}
Event: 22.467 GC heap before
{Heap before GC invocations=58 (full 0):
 garbage-first heap   total 304128K, used 227328K [0x00000000c0000000, 0x0000000100000000)
  region size 1024K, 24 young (24576K), 2 survivors (2048K)
 Metaspace       used 103879K, committed 104704K, reserved 1179648K
  class space    used 14505K, committed 14912K, reserved 1048576K
}

