# JRE version: OpenJDK Runtime Environment JBR-17.0.11+1-1312.2-nomod (17.0.11+1) (build 17.0.11+1-b1312.2)
# Java VM: OpenJDK 64-Bit Server VM JBR-17.0.11+1-1312.2-nomod (17.0.11+1-b1312.2, mixed mode, sharing, tiered, compressed oops, compressed class ptrs, g1 gc, windows-amd64)
GC Precious Log:
 CPUs: 4 total, 4 available
 Memory: 8067M
 Large Page Support: Disabled
 NUMA Support: Disabled
 Compressed Oops: Enabled (32-bit)
 Heap Region Size: 1M
 Heap Min Capacity: 8M
 Heap Initial Capacity: 128M
 Heap Max Capacity: 1G
 Pre-touch: Disabled
 Parallel Workers: 4
 Concurrent Workers: 1
 Concurrent Refinement Workers: 4
 Periodic GC: Disabled
Heap:
 garbage-first heap   total 137216K, used 91426K [0x00000000c0000000, 0x0000000100000000)
  region size 1024K, 15 young (15360K), 4 survivors (4096K)
 Metaspace       used 49477K, committed 50176K, reserved 1114112K
  class space    used 7111K, committed 7424K, reserved 1048576K
GC Heap History (20 events):
Event: 4.815 GC heap before
{Heap before GC invocations=6 (full 0):
 garbage-first heap   total 112640K, used 95112K [0x00000000c0000000, 0x0000000100000000)
  region size 1024K, 64 young (65536K), 4 survivors (4096K)
 Metaspace       used 29290K, committed 29696K, reserved 1114112K
  class space    used 4469K, committed 4608K, reserved 1048576K
}
Event: 4.823 GC heap after
{Heap after GC invocations=7 (full 0):
 garbage-first heap   total 112640K, used 40484K [0x00000000c0000000, 0x0000000100000000)
  region size 1024K, 9 young (9216K), 9 survivors (9216K)
 Metaspace       used 29290K, committed 29696K, reserved 1114112K
  class space    used 4469K, committed 4608K, reserved 1048576K
}
Event: 4.839 GC heap before
{Heap before GC invocations=7 (full 0):
 garbage-first heap   total 112640K, used 41508K [0x00000000c0000000, 0x0000000100000000)
  region size 1024K, 10 young (10240K), 9 survivors (9216K)
 Metaspace       used 29542K, committed 29952K, reserved 1114112K
  class space    used 4483K, committed 4672K, reserved 1048576K
}
Event: 4.847 GC heap after
{Heap after GC invocations=8 (full 0):
 garbage-first heap   total 112640K, used 40817K [0x00000000c0000000, 0x0000000100000000)
  region size 1024K, 1 young (1024K), 1 survivors (1024K)
 Metaspace       used 29542K, committed 29952K, reserved 1114112K
  class space    used 4483K, committed 4672K, reserved 1048576K
}
Event: 5.492 GC heap before
{Heap before GC invocations=8 (full 0):
 garbage-first heap   total 112640K, used 90993K [0x00000000c0000000, 0x0000000100000000)
  region size 1024K, 46 young (47104K), 1 survivors (1024K)
 Metaspace       used 35396K, committed 35840K, reserved 1114112K
  class space    used 5048K, committed 5248K, reserved 1048576K
}
Event: 5.497 GC heap after
{Heap after GC invocations=9 (full 0):
 garbage-first heap   total 112640K, used 44764K [0x00000000c0000000, 0x0000000100000000)
  region size 1024K, 5 young (5120K), 5 survivors (5120K)
 Metaspace       used 35396K, committed 35840K, reserved 1114112K
  class space    used 5048K, committed 5248K, reserved 1048576K
}
Event: 5.512 GC heap before
{Heap before GC invocations=9 (full 0):
 garbage-first heap   total 112640K, used 44764K [0x00000000c0000000, 0x0000000100000000)
  region size 1024K, 6 young (6144K), 5 survivors (5120K)
 Metaspace       used 35569K, committed 35968K, reserved 1114112K
  class space    used 5070K, committed 5248K, reserved 1048576K
}
Event: 5.517 GC heap after
{Heap after GC invocations=10 (full 0):
 garbage-first heap   total 112640K, used 44831K [0x00000000c0000000, 0x0000000100000000)
  region size 1024K, 1 young (1024K), 1 survivors (1024K)
 Metaspace       used 35569K, committed 35968K, reserved 1114112K
  class space    used 5070K, committed 5248K, reserved 1048576K
}
Event: 6.248 GC heap before
{Heap before GC invocations=11 (full 0):
 garbage-first heap   total 112640K, used 91935K [0x00000000c0000000, 0x0000000100000000)
  region size 1024K, 43 young (44032K), 1 survivors (1024K)
 Metaspace       used 39622K, committed 40128K, reserved 1114112K
  class space    used 5684K, committed 5888K, reserved 1048576K
}
Event: 6.255 GC heap after
{Heap after GC invocations=12 (full 0):
 garbage-first heap   total 112640K, used 53372K [0x00000000c0000000, 0x0000000100000000)
  region size 1024K, 4 young (4096K), 4 survivors (4096K)
 Metaspace       used 39622K, committed 40128K, reserved 1114112K
  class space    used 5684K, committed 5888K, reserved 1048576K
}
Event: 6.753 GC heap before
{Heap before GC invocations=13 (full 0):
 garbage-first heap   total 112640K, used 91260K [0x00000000c0000000, 0x0000000100000000)
  region size 1024K, 39 young (39936K), 4 survivors (4096K)
 Metaspace       used 42823K, committed 43456K, reserved 1114112K
  class space    used 6111K, committed 6400K, reserved 1048576K
}
Event: 6.759 GC heap after
{Heap after GC invocations=14 (full 0):
 garbage-first heap   total 112640K, used 55380K [0x00000000c0000000, 0x0000000100000000)
  region size 1024K, 2 young (2048K), 2 survivors (2048K)
 Metaspace       used 42823K, committed 43456K, reserved 1114112K
  class space    used 6111K, committed 6400K, reserved 1048576K
}
Event: 7.296 GC heap before
{Heap before GC invocations=14 (full 0):
 garbage-first heap   total 112640K, used 90196K [0x00000000c0000000, 0x0000000100000000)
  region size 1024K, 36 young (36864K), 2 survivors (2048K)
 Metaspace       used 45979K, committed 46592K, reserved 1114112K
  class space    used 6663K, committed 6912K, reserved 1048576K
}
Event: 7.301 GC heap after
{Heap after GC invocations=15 (full 0):
 garbage-first heap   total 112640K, used 57632K [0x00000000c0000000, 0x0000000100000000)
  region size 1024K, 5 young (5120K), 5 survivors (5120K)
 Metaspace       used 45979K, committed 46592K, reserved 1114112K
  class space    used 6663K, committed 6912K, reserved 1048576K
}
Event: 8.033 GC heap before
{Heap before GC invocations=16 (full 0):
 garbage-first heap   total 112640K, used 90400K [0x00000000c0000000, 0x0000000100000000)
  region size 1024K, 37 young (37888K), 5 survivors (5120K)
 Metaspace       used 48280K, committed 48896K, reserved 1114112K
  class space    used 6969K, committed 7232K, reserved 1048576K
}
Event: 8.042 GC heap after
{Heap after GC invocations=17 (full 0):
 garbage-first heap   total 112640K, used 60492K [0x00000000c0000000, 0x0000000100000000)
  region size 1024K, 5 young (5120K), 5 survivors (5120K)
 Metaspace       used 48280K, committed 48896K, reserved 1114112K
  class space    used 6969K, committed 7232K, reserved 1048576K
}
Event: 8.204 GC heap before
{Heap before GC invocations=17 (full 0):
 garbage-first heap   total 112640K, used 70732K [0x00000000c0000000, 0x0000000100000000)
  region size 1024K, 17 young (17408K), 5 survivors (5120K)
 Metaspace       used 48494K, committed 49152K, reserved 1114112K
  class space    used 6989K, committed 7296K, reserved 1048576K
}
Event: 8.211 GC heap after
{Heap after GC invocations=18 (full 0):
 garbage-first heap   total 112640K, used 62076K [0x00000000c0000000, 0x0000000100000000)
  region size 1024K, 2 young (2048K), 2 survivors (2048K)
 Metaspace       used 48494K, committed 49152K, reserved 1114112K
  class space    used 6989K, committed 7296K, reserved 1048576K
}
Event: 8.325 GC heap before
{Heap before GC invocations=19 (full 0):
 garbage-first heap   total 137216K, used 83580K [0x00000000c0000000, 0x0000000100000000)
  region size 1024K, 13 young (13312K), 2 survivors (2048K)
 Metaspace       used 48864K, committed 49472K, reserved 1114112K
  class space    used 7050K, committed 7296K, reserved 1048576K
}
Event: 8.328 GC heap after
{Heap after GC invocations=20 (full 0):
 garbage-first heap   total 137216K, used 80162K [0x00000000c0000000, 0x0000000100000000)
  region size 1024K, 4 young (4096K), 4 survivors (4096K)
 Metaspace       used 48864K, committed 49472K, reserved 1114112K
  class space    used 7050K, committed 7296K, reserved 1048576K
}

