# JRE version: OpenJDK Runtime Environment JBR-17.0.11+1-1312.2-nomod (17.0.11+1) (build 17.0.11+1-b1312.2)
# Java VM: OpenJDK 64-Bit Server VM JBR-17.0.11+1-1312.2-nomod (17.0.11+1-b1312.2, mixed mode, sharing, tiered, compressed oops, compressed class ptrs, g1 gc, windows-amd64)
GC Precious Log:
 CPUs: 4 total, 4 available
 Memory: 8067M
 Large Page Support: Disabled
 NUMA Support: Disabled
 Compressed Oops: Enabled (32-bit)
 Heap Region Size: 1M
 Heap Min Capacity: 8M
 Heap Initial Capacity: 128M
 Heap Max Capacity: 1G
 Pre-touch: Disabled
 Parallel Workers: 4
 Concurrent Workers: 1
 Concurrent Refinement Workers: 4
 Periodic GC: Disabled
Heap:
 garbage-first heap   total 409600K, used 187164K [0x00000000c0000000, 0x0000000100000000)
  region size 1024K, 3 young (3072K), 3 survivors (3072K)
 Metaspace       used 142747K, committed 143808K, reserved 1179648K
  class space    used 19441K, committed 19968K, reserved 1048576K
GC Heap History (20 events):
Event: 917.902 GC heap after
{Heap after GC invocations=84 (full 0):
 garbage-first heap   total 409600K, used 156102K [0x00000000c0000000, 0x0000000100000000)
  region size 1024K, 4 young (4096K), 4 survivors (4096K)
 Metaspace       used 132872K, committed 134016K, reserved 1179648K
  class space    used 18445K, committed 19008K, reserved 1048576K
}
Event: 918.277 GC heap before
{Heap before GC invocations=84 (full 0):
 garbage-first heap   total 409600K, used 171462K [0x00000000c0000000, 0x0000000100000000)
  region size 1024K, 20 young (20480K), 4 survivors (4096K)
 Metaspace       used 133455K, committed 134592K, reserved 1179648K
  class space    used 18507K, committed 19072K, reserved 1048576K
}
Event: 918.305 GC heap after
{Heap after GC invocations=85 (full 0):
 garbage-first heap   total 409600K, used 144482K [0x00000000c0000000, 0x0000000100000000)
  region size 1024K, 3 young (3072K), 3 survivors (3072K)
 Metaspace       used 133455K, committed 134592K, reserved 1179648K
  class space    used 18507K, committed 19072K, reserved 1048576K
}
Event: 919.711 GC heap before
{Heap before GC invocations=85 (full 0):
 garbage-first heap   total 409600K, used 208994K [0x00000000c0000000, 0x0000000100000000)
  region size 1024K, 68 young (69632K), 3 survivors (3072K)
 Metaspace       used 135903K, committed 137024K, reserved 1179648K
  class space    used 18772K, committed 19328K, reserved 1048576K
}
Event: 919.725 GC heap after
{Heap after GC invocations=86 (full 0):
 garbage-first heap   total 409600K, used 153970K [0x00000000c0000000, 0x0000000100000000)
  region size 1024K, 12 young (12288K), 12 survivors (12288K)
 Metaspace       used 135903K, committed 137024K, reserved 1179648K
  class space    used 18772K, committed 19328K, reserved 1048576K
}
Event: 920.329 GC heap before
{Heap before GC invocations=87 (full 0):
 garbage-first heap   total 409600K, used 191858K [0x00000000c0000000, 0x0000000100000000)
  region size 1024K, 40 young (40960K), 12 survivors (12288K)
 Metaspace       used 135992K, committed 137088K, reserved 1179648K
  class space    used 18772K, committed 19328K, reserved 1048576K
}
Event: 920.508 GC heap after
{Heap after GC invocations=88 (full 0):
 garbage-first heap   total 409600K, used 170918K [0x00000000c0000000, 0x0000000100000000)
  region size 1024K, 5 young (5120K), 5 survivors (5120K)
 Metaspace       used 135992K, committed 137088K, reserved 1179648K
  class space    used 18772K, committed 19328K, reserved 1048576K
}
Event: 920.843 GC heap before
{Heap before GC invocations=88 (full 0):
 garbage-first heap   total 409600K, used 186278K [0x00000000c0000000, 0x0000000100000000)
  region size 1024K, 20 young (20480K), 5 survivors (5120K)
 Metaspace       used 136300K, committed 137408K, reserved 1179648K
  class space    used 18805K, committed 19328K, reserved 1048576K
}
Event: 920.907 GC heap after
{Heap after GC invocations=89 (full 0):
 garbage-first heap   total 409600K, used 168242K [0x00000000c0000000, 0x0000000100000000)
  region size 1024K, 2 young (2048K), 2 survivors (2048K)
 Metaspace       used 136300K, committed 137408K, reserved 1179648K
  class space    used 18805K, committed 19328K, reserved 1048576K
}
Event: 920.992 GC heap before
{Heap before GC invocations=89 (full 0):
 garbage-first heap   total 409600K, used 171314K [0x00000000c0000000, 0x0000000100000000)
  region size 1024K, 6 young (6144K), 2 survivors (2048K)
 Metaspace       used 136434K, committed 137536K, reserved 1179648K
  class space    used 18817K, committed 19328K, reserved 1048576K
}
Event: 921.000 GC heap after
{Heap after GC invocations=90 (full 0):
 garbage-first heap   total 409600K, used 169156K [0x00000000c0000000, 0x0000000100000000)
  region size 1024K, 3 young (3072K), 3 survivors (3072K)
 Metaspace       used 136434K, committed 137536K, reserved 1179648K
  class space    used 18817K, committed 19328K, reserved 1048576K
}
Event: 922.607 GC heap before
{Heap before GC invocations=91 (full 0):
 garbage-first heap   total 409600K, used 224452K [0x00000000c0000000, 0x0000000100000000)
  region size 1024K, 49 young (50176K), 3 survivors (3072K)
 Metaspace       used 139127K, committed 140224K, reserved 1179648K
  class space    used 19144K, committed 19648K, reserved 1048576K
}
Event: 922.624 GC heap after
{Heap after GC invocations=92 (full 0):
 garbage-first heap   total 409600K, used 173056K [0x00000000c0000000, 0x0000000100000000)
  region size 1024K, 6 young (6144K), 6 survivors (6144K)
 Metaspace       used 139127K, committed 140224K, reserved 1179648K
  class space    used 19144K, committed 19648K, reserved 1048576K
}
Event: 922.958 GC heap before
{Heap before GC invocations=92 (full 0):
 garbage-first heap   total 409600K, used 187392K [0x00000000c0000000, 0x0000000100000000)
  region size 1024K, 20 young (20480K), 6 survivors (6144K)
 Metaspace       used 139215K, committed 140288K, reserved 1179648K
  class space    used 19152K, committed 19648K, reserved 1048576K
}
Event: 922.983 GC heap after
{Heap after GC invocations=93 (full 0):
 garbage-first heap   total 409600K, used 174233K [0x00000000c0000000, 0x0000000100000000)
  region size 1024K, 3 young (3072K), 3 survivors (3072K)
 Metaspace       used 139215K, committed 140288K, reserved 1179648K
  class space    used 19152K, committed 19648K, reserved 1048576K
}
Event: 922.998 GC heap before
{Heap before GC invocations=93 (full 0):
 garbage-first heap   total 409600K, used 175257K [0x00000000c0000000, 0x0000000100000000)
  region size 1024K, 5 young (5120K), 3 survivors (3072K)
 Metaspace       used 139215K, committed 140288K, reserved 1179648K
  class space    used 19152K, committed 19648K, reserved 1048576K
}
Event: 923.006 GC heap after
{Heap after GC invocations=94 (full 0):
 garbage-first heap   total 409600K, used 175432K [0x00000000c0000000, 0x0000000100000000)
  region size 1024K, 5 young (5120K), 5 survivors (5120K)
 Metaspace       used 139215K, committed 140288K, reserved 1179648K
  class space    used 19152K, committed 19648K, reserved 1048576K
}
Event: 924.532 GC heap before
{Heap before GC invocations=95 (full 0):
 garbage-first heap   total 409600K, used 287048K [0x00000000c0000000, 0x0000000100000000)
  region size 1024K, 98 young (100352K), 5 survivors (5120K)
 Metaspace       used 142612K, committed 143616K, reserved 1179648K
  class space    used 19432K, committed 19904K, reserved 1048576K
}
Event: 924.654 GC heap after
{Heap after GC invocations=96 (full 0):
 garbage-first heap   total 409600K, used 187819K [0x00000000c0000000, 0x0000000100000000)
  region size 1024K, 13 young (13312K), 13 survivors (13312K)
 Metaspace       used 142612K, committed 143616K, reserved 1179648K
  class space    used 19432K, committed 19904K, reserved 1048576K
}
Event: 924.717 GC heap before
{Heap before GC invocations=96 (full 0):
 garbage-first heap   total 409600K, used 194987K [0x00000000c0000000, 0x0000000100000000)
  region size 1024K, 20 young (20480K), 13 survivors (13312K)
 Metaspace       used 142747K, committed 143808K, reserved 1179648K
  class space    used 19441K, committed 19968K, reserved 1048576K
}

