# JRE version: OpenJDK Runtime Environment JBR-17.0.11+1-1312.2-nomod (17.0.11+1) (build 17.0.11+1-b1312.2)
# Java VM: OpenJDK 64-Bit Server VM JBR-17.0.11+1-1312.2-nomod (17.0.11+1-b1312.2, mixed mode, sharing, tiered, compressed oops, compressed class ptrs, g1 gc, windows-amd64)
GC Precious Log:
 CPUs: 4 total, 4 available
 Memory: 8067M
 Large Page Support: Disabled
 NUMA Support: Disabled
 Compressed Oops: Enabled (32-bit)
 Heap Region Size: 1M
 Heap Min Capacity: 8M
 Heap Initial Capacity: 128M
 Heap Max Capacity: 1G
 Pre-touch: Disabled
 Parallel Workers: 4
 Concurrent Workers: 1
 Concurrent Refinement Workers: 4
 Periodic GC: Disabled
Heap:
 garbage-first heap   total 301056K, used 202387K [0x00000000c0000000, 0x0000000100000000)
  region size 1024K, 29 young (29696K), 11 survivors (11264K)
 Metaspace       used 111259K, committed 112192K, reserved 1179648K
  class space    used 15268K, committed 15744K, reserved 1048576K
GC Heap History (20 events):
Event: 22.353 GC heap before
{Heap before GC invocations=42 (full 0):
 garbage-first heap   total 301056K, used 95568K [0x00000000c0000000, 0x0000000100000000)
  region size 1024K, 14 young (14336K), 12 survivors (12288K)
 Metaspace       used 83377K, committed 84032K, reserved 1179648K
  class space    used 12105K, committed 12416K, reserved 1048576K
}
Event: 22.370 GC heap after
{Heap after GC invocations=43 (full 0):
 garbage-first heap   total 301056K, used 94434K [0x00000000c0000000, 0x0000000100000000)
  region size 1024K, 2 young (2048K), 2 survivors (2048K)
 Metaspace       used 83377K, committed 84032K, reserved 1179648K
  class space    used 12105K, committed 12416K, reserved 1048576K
}
Event: 24.598 GC heap before
{Heap before GC invocations=43 (full 0):
 garbage-first heap   total 301056K, used 236770K [0x00000000c0000000, 0x0000000100000000)
  region size 1024K, 137 young (140288K), 2 survivors (2048K)
 Metaspace       used 90708K, committed 91456K, reserved 1179648K
  class space    used 12975K, committed 13312K, reserved 1048576K
}
Event: 24.615 GC heap after
{Heap after GC invocations=44 (full 0):
 garbage-first heap   total 301056K, used 105236K [0x00000000c0000000, 0x0000000100000000)
  region size 1024K, 12 young (12288K), 12 survivors (12288K)
 Metaspace       used 90708K, committed 91456K, reserved 1179648K
  class space    used 12975K, committed 13312K, reserved 1048576K
}
Event: 27.477 GC heap before
{Heap before GC invocations=44 (full 0):
 garbage-first heap   total 301056K, used 251668K [0x00000000c0000000, 0x0000000100000000)
  region size 1024K, 139 young (142336K), 12 survivors (12288K)
 Metaspace       used 94408K, committed 95168K, reserved 1179648K
  class space    used 13357K, committed 13760K, reserved 1048576K
}
Event: 27.516 GC heap after
{Heap after GC invocations=45 (full 0):
 garbage-first heap   total 301056K, used 137754K [0x00000000c0000000, 0x0000000100000000)
  region size 1024K, 18 young (18432K), 18 survivors (18432K)
 Metaspace       used 94408K, committed 95168K, reserved 1179648K
  class space    used 13357K, committed 13760K, reserved 1048576K
}
Event: 29.101 GC heap before
{Heap before GC invocations=45 (full 0):
 garbage-first heap   total 301056K, used 241178K [0x00000000c0000000, 0x0000000100000000)
  region size 1024K, 103 young (105472K), 18 survivors (18432K)
 Metaspace       used 98722K, committed 99456K, reserved 1179648K
  class space    used 13818K, committed 14208K, reserved 1048576K
}
Event: 29.127 GC heap after
{Heap after GC invocations=46 (full 0):
 garbage-first heap   total 301056K, used 146431K [0x00000000c0000000, 0x0000000100000000)
  region size 1024K, 10 young (10240K), 10 survivors (10240K)
 Metaspace       used 98722K, committed 99456K, reserved 1179648K
  class space    used 13818K, committed 14208K, reserved 1048576K
}
Event: 30.714 GC heap before
{Heap before GC invocations=47 (full 0):
 garbage-first heap   total 301056K, used 229375K [0x00000000c0000000, 0x0000000100000000)
  region size 1024K, 92 young (94208K), 10 survivors (10240K)
 Metaspace       used 101354K, committed 102080K, reserved 1179648K
  class space    used 14038K, committed 14400K, reserved 1048576K
}
Event: 30.721 GC heap after
{Heap after GC invocations=48 (full 0):
 garbage-first heap   total 301056K, used 147967K [0x00000000c0000000, 0x0000000100000000)
  region size 1024K, 2 young (2048K), 2 survivors (2048K)
 Metaspace       used 101354K, committed 102080K, reserved 1179648K
  class space    used 14038K, committed 14400K, reserved 1048576K
}
Event: 31.060 GC heap before
{Heap before GC invocations=48 (full 0):
 garbage-first heap   total 301056K, used 160255K [0x00000000c0000000, 0x0000000100000000)
  region size 1024K, 14 young (14336K), 2 survivors (2048K)
 Metaspace       used 101358K, committed 102080K, reserved 1179648K
  class space    used 14038K, committed 14400K, reserved 1048576K
}
Event: 31.076 GC heap after
{Heap after GC invocations=49 (full 0):
 garbage-first heap   total 301056K, used 144729K [0x00000000c0000000, 0x0000000100000000)
  region size 1024K, 1 young (1024K), 1 survivors (1024K)
 Metaspace       used 101358K, committed 102080K, reserved 1179648K
  class space    used 14038K, committed 14400K, reserved 1048576K
}
Event: 33.399 GC heap before
{Heap before GC invocations=49 (full 0):
 garbage-first heap   total 301056K, used 235865K [0x00000000c0000000, 0x0000000100000000)
  region size 1024K, 91 young (93184K), 1 survivors (1024K)
 Metaspace       used 103237K, committed 104000K, reserved 1179648K
  class space    used 14211K, committed 14592K, reserved 1048576K
}
Event: 33.406 GC heap after
{Heap after GC invocations=50 (full 0):
 garbage-first heap   total 301056K, used 148436K [0x00000000c0000000, 0x0000000100000000)
  region size 1024K, 5 young (5120K), 5 survivors (5120K)
 Metaspace       used 103237K, committed 104000K, reserved 1179648K
  class space    used 14211K, committed 14592K, reserved 1048576K
}
Event: 37.692 GC heap before
{Heap before GC invocations=50 (full 0):
 garbage-first heap   total 301056K, used 240596K [0x00000000c0000000, 0x0000000100000000)
  region size 1024K, 95 young (97280K), 5 survivors (5120K)
 Metaspace       used 106127K, committed 106944K, reserved 1179648K
  class space    used 14549K, committed 14912K, reserved 1048576K
}
Event: 37.705 GC heap after
{Heap after GC invocations=51 (full 0):
 garbage-first heap   total 301056K, used 154631K [0x00000000c0000000, 0x0000000100000000)
  region size 1024K, 11 young (11264K), 11 survivors (11264K)
 Metaspace       used 106127K, committed 106944K, reserved 1179648K
  class space    used 14549K, committed 14912K, reserved 1048576K
}
Event: 38.511 GC heap before
{Heap before GC invocations=51 (full 0):
 garbage-first heap   total 301056K, used 241671K [0x00000000c0000000, 0x0000000100000000)
  region size 1024K, 97 young (99328K), 11 survivors (11264K)
 Metaspace       used 106946K, committed 107776K, reserved 1179648K
  class space    used 14656K, committed 15040K, reserved 1048576K
}
Event: 38.529 GC heap after
{Heap after GC invocations=52 (full 0):
 garbage-first heap   total 301056K, used 159921K [0x00000000c0000000, 0x0000000100000000)
  region size 1024K, 7 young (7168K), 7 survivors (7168K)
 Metaspace       used 106946K, committed 107776K, reserved 1179648K
  class space    used 14656K, committed 15040K, reserved 1048576K
}
Event: 39.716 GC heap before
{Heap before GC invocations=52 (full 0):
 garbage-first heap   total 301056K, used 242865K [0x00000000c0000000, 0x0000000100000000)
  region size 1024K, 73 young (74752K), 7 survivors (7168K)
 Metaspace       used 110962K, committed 111872K, reserved 1179648K
  class space    used 15224K, committed 15680K, reserved 1048576K
}
Event: 39.735 GC heap after
{Heap after GC invocations=53 (full 0):
 garbage-first heap   total 301056K, used 183955K [0x00000000c0000000, 0x0000000100000000)
  region size 1024K, 11 young (11264K), 11 survivors (11264K)
 Metaspace       used 110962K, committed 111872K, reserved 1179648K
  class space    used 15224K, committed 15680K, reserved 1048576K
}

