# JRE version: OpenJDK Runtime Environment JBR-17.0.11+1-1312.2-nomod (17.0.11+1) (build 17.0.11+1-b1312.2)
# Java VM: OpenJDK 64-Bit Server VM JBR-17.0.11+1-1312.2-nomod (17.0.11+1-b1312.2, mixed mode, sharing, tiered, compressed oops, compressed class ptrs, g1 gc, windows-amd64)
GC Precious Log:
 CPUs: 4 total, 4 available
 Memory: 8067M
 Large Page Support: Disabled
 NUMA Support: Disabled
 Compressed Oops: Enabled (32-bit)
 Heap Region Size: 1M
 Heap Min Capacity: 8M
 Heap Initial Capacity: 128M
 Heap Max Capacity: 1G
 Pre-touch: Disabled
 Parallel Workers: 4
 Concurrent Workers: 1
 Concurrent Refinement Workers: 4
 Periodic GC: Disabled
Heap:
 garbage-first heap   total 290816K, used 204288K [0x00000000c0000000, 0x0000000100000000)
  region size 1024K, 5 young (5120K), 5 survivors (5120K)
 Metaspace       used 138221K, committed 139328K, reserved 1179648K
  class space    used 18990K, committed 19520K, reserved 1048576K
GC Heap History (20 events):
Event: 788.366 GC heap after
{Heap after GC invocations=87 (full 0):
 garbage-first heap   total 283648K, used 177152K [0x00000000c0000000, 0x0000000100000000)
  region size 1024K, 11 young (11264K), 11 survivors (11264K)
 Metaspace       used 119145K, committed 120192K, reserved 1179648K
  class space    used 16822K, committed 17344K, reserved 1048576K
}
Event: 788.393 GC heap before
{Heap before GC invocations=87 (full 0):
 garbage-first heap   total 283648K, used 179200K [0x00000000c0000000, 0x0000000100000000)
  region size 1024K, 13 young (13312K), 11 survivors (11264K)
 Metaspace       used 119147K, committed 120192K, reserved 1179648K
  class space    used 16822K, committed 17344K, reserved 1048576K
}
Event: 788.415 GC heap after
{Heap after GC invocations=88 (full 0):
 garbage-first heap   total 283648K, used 159232K [0x00000000c0000000, 0x0000000100000000)
  region size 1024K, 2 young (2048K), 2 survivors (2048K)
 Metaspace       used 119147K, committed 120192K, reserved 1179648K
  class space    used 16822K, committed 17344K, reserved 1048576K
}
Event: 789.676 GC heap before
{Heap before GC invocations=88 (full 0):
 garbage-first heap   total 283648K, used 237056K [0x00000000c0000000, 0x0000000100000000)
  region size 1024K, 62 young (63488K), 2 survivors (2048K)
 Metaspace       used 121750K, committed 122816K, reserved 1179648K
  class space    used 17092K, committed 17600K, reserved 1048576K
}
Event: 789.696 GC heap after
{Heap after GC invocations=89 (full 0):
 garbage-first heap   total 283648K, used 169472K [0x00000000c0000000, 0x0000000100000000)
  region size 1024K, 8 young (8192K), 8 survivors (8192K)
 Metaspace       used 121750K, committed 122816K, reserved 1179648K
  class space    used 17092K, committed 17600K, reserved 1048576K
}
Event: 789.898 GC heap before
{Heap before GC invocations=89 (full 0):
 garbage-first heap   total 283648K, used 179712K [0x00000000c0000000, 0x0000000100000000)
  region size 1024K, 19 young (19456K), 8 survivors (8192K)
 Metaspace       used 122737K, committed 123776K, reserved 1179648K
  class space    used 17214K, committed 17728K, reserved 1048576K
}
Event: 789.912 GC heap after
{Heap after GC invocations=90 (full 0):
 garbage-first heap   total 283648K, used 171718K [0x00000000c0000000, 0x0000000100000000)
  region size 1024K, 2 young (2048K), 2 survivors (2048K)
 Metaspace       used 122737K, committed 123776K, reserved 1179648K
  class space    used 17214K, committed 17728K, reserved 1048576K
}
Event: 792.596 GC heap before
{Heap before GC invocations=91 (full 0):
 garbage-first heap   total 290816K, used 225990K [0x00000000c0000000, 0x0000000100000000)
  region size 1024K, 59 young (60416K), 2 survivors (2048K)
 Metaspace       used 124409K, committed 125504K, reserved 1179648K
  class space    used 17384K, committed 17920K, reserved 1048576K
}
Event: 792.602 GC heap after
{Heap after GC invocations=92 (full 0):
 garbage-first heap   total 290816K, used 167480K [0x00000000c0000000, 0x0000000100000000)
  region size 1024K, 2 young (2048K), 2 survivors (2048K)
 Metaspace       used 124409K, committed 125504K, reserved 1179648K
  class space    used 17384K, committed 17920K, reserved 1048576K
}
Event: 792.652 GC heap before
{Heap before GC invocations=92 (full 0):
 garbage-first heap   total 290816K, used 178744K [0x00000000c0000000, 0x0000000100000000)
  region size 1024K, 14 young (14336K), 2 survivors (2048K)
 Metaspace       used 124439K, committed 125568K, reserved 1179648K
  class space    used 17386K, committed 17920K, reserved 1048576K
}
Event: 792.669 GC heap after
{Heap after GC invocations=93 (full 0):
 garbage-first heap   total 290816K, used 152576K [0x00000000c0000000, 0x0000000100000000)
  region size 1024K, 1 young (1024K), 1 survivors (1024K)
 Metaspace       used 124439K, committed 125568K, reserved 1179648K
  class space    used 17386K, committed 17920K, reserved 1048576K
}
Event: 797.317 GC heap before
{Heap before GC invocations=93 (full 0):
 garbage-first heap   total 290816K, used 226304K [0x00000000c0000000, 0x0000000100000000)
  region size 1024K, 74 young (75776K), 1 survivors (1024K)
 Metaspace       used 125591K, committed 126656K, reserved 1179648K
  class space    used 17535K, committed 18048K, reserved 1048576K
}
Event: 797.322 GC heap after
{Heap after GC invocations=94 (full 0):
 garbage-first heap   total 290816K, used 154078K [0x00000000c0000000, 0x0000000100000000)
  region size 1024K, 3 young (3072K), 3 survivors (3072K)
 Metaspace       used 125591K, committed 126656K, reserved 1179648K
  class space    used 17535K, committed 18048K, reserved 1048576K
}
Event: 798.088 GC heap before
{Heap before GC invocations=94 (full 0):
 garbage-first heap   total 290816K, used 186846K [0x00000000c0000000, 0x0000000100000000)
  region size 1024K, 37 young (37888K), 3 survivors (3072K)
 Metaspace       used 131761K, committed 132864K, reserved 1179648K
  class space    used 18302K, committed 18816K, reserved 1048576K
}
Event: 798.094 GC heap after
{Heap after GC invocations=95 (full 0):
 garbage-first heap   total 290816K, used 156026K [0x00000000c0000000, 0x0000000100000000)
  region size 1024K, 4 young (4096K), 4 survivors (4096K)
 Metaspace       used 131761K, committed 132864K, reserved 1179648K
  class space    used 18302K, committed 18816K, reserved 1048576K
}
Event: 799.417 GC heap before
{Heap before GC invocations=96 (full 0):
 garbage-first heap   total 290816K, used 234874K [0x00000000c0000000, 0x0000000100000000)
  region size 1024K, 81 young (82944K), 4 survivors (4096K)
 Metaspace       used 136211K, committed 137280K, reserved 1179648K
  class space    used 18689K, committed 19200K, reserved 1048576K
}
Event: 799.458 GC heap after
{Heap after GC invocations=97 (full 0):
 garbage-first heap   total 290816K, used 194266K [0x00000000c0000000, 0x0000000100000000)
  region size 1024K, 11 young (11264K), 11 survivors (11264K)
 Metaspace       used 136211K, committed 137280K, reserved 1179648K
  class space    used 18689K, committed 19200K, reserved 1048576K
}
Event: 799.492 GC heap before
{Heap before GC invocations=97 (full 0):
 garbage-first heap   total 290816K, used 197338K [0x00000000c0000000, 0x0000000100000000)
  region size 1024K, 14 young (14336K), 11 survivors (11264K)
 Metaspace       used 136213K, committed 137280K, reserved 1179648K
  class space    used 18689K, committed 19200K, reserved 1048576K
}
Event: 799.514 GC heap after
{Heap after GC invocations=98 (full 0):
 garbage-first heap   total 290816K, used 182784K [0x00000000c0000000, 0x0000000100000000)
  region size 1024K, 2 young (2048K), 2 survivors (2048K)
 Metaspace       used 136213K, committed 137280K, reserved 1179648K
  class space    used 18689K, committed 19200K, reserved 1048576K
}
Event: 799.818 GC heap before
{Heap before GC invocations=98 (full 0):
 garbage-first heap   total 290816K, used 219648K [0x00000000c0000000, 0x0000000100000000)
  region size 1024K, 38 young (38912K), 2 survivors (2048K)
 Metaspace       used 138221K, committed 139328K, reserved 1179648K
  class space    used 18990K, committed 19520K, reserved 1048576K
}

