# JRE version: OpenJDK Runtime Environment JBR-17.0.11+1-1312.2-nomod (17.0.11+1) (build 17.0.11+1-b1312.2)
# Java VM: OpenJDK 64-Bit Server VM JBR-17.0.11+1-1312.2-nomod (17.0.11+1-b1312.2, mixed mode, sharing, tiered, compressed oops, compressed class ptrs, g1 gc, windows-amd64)
GC Precious Log:
 CPUs: 4 total, 4 available
 Memory: 8067M
 Large Page Support: Disabled
 NUMA Support: Disabled
 Compressed Oops: Enabled (32-bit)
 Heap Region Size: 1M
 Heap Min Capacity: 8M
 Heap Initial Capacity: 128M
 Heap Max Capacity: 1G
 Pre-touch: Disabled
 Parallel Workers: 4
 Concurrent Workers: 1
 Concurrent Refinement Workers: 4
 Periodic GC: Disabled
Heap:
 garbage-first heap   total 388096K, used 219280K [0x00000000c0000000, 0x0000000100000000)
  region size 1024K, 23 young (23552K), 2 survivors (2048K)
 Metaspace       used 113769K, committed 114752K, reserved 1179648K
  class space    used 15791K, committed 16256K, reserved 1048576K
GC Heap History (20 events):
Event: 46.621 GC heap before
{Heap before GC invocations=57 (full 0):
 garbage-first heap   total 288768K, used 232242K [0x00000000c0000000, 0x0000000100000000)
  region size 1024K, 55 young (56320K), 2 survivors (2048K)
 Metaspace       used 112180K, committed 113088K, reserved 1179648K
  class space    used 15584K, committed 16000K, reserved 1048576K
}
Event: 46.627 GC heap after
{Heap after GC invocations=58 (full 0):
 garbage-first heap   total 288768K, used 180361K [0x00000000c0000000, 0x0000000100000000)
  region size 1024K, 5 young (5120K), 5 survivors (5120K)
 Metaspace       used 112180K, committed 113088K, reserved 1179648K
  class space    used 15584K, committed 16000K, reserved 1048576K
}
Event: 47.687 GC heap before
{Heap before GC invocations=58 (full 0):
 garbage-first heap   total 288768K, used 234633K [0x00000000c0000000, 0x0000000100000000)
  region size 1024K, 58 young (59392K), 5 survivors (5120K)
 Metaspace       used 112182K, committed 113088K, reserved 1179648K
  class space    used 15584K, committed 16000K, reserved 1048576K
}
Event: 47.694 GC heap after
{Heap after GC invocations=59 (full 0):
 garbage-first heap   total 288768K, used 182272K [0x00000000c0000000, 0x0000000100000000)
  region size 1024K, 6 young (6144K), 6 survivors (6144K)
 Metaspace       used 112182K, committed 113088K, reserved 1179648K
  class space    used 15584K, committed 16000K, reserved 1048576K
}
Event: 49.051 GC heap before
{Heap before GC invocations=59 (full 0):
 garbage-first heap   total 288768K, used 238592K [0x00000000c0000000, 0x0000000100000000)
  region size 1024K, 61 young (62464K), 6 survivors (6144K)
 Metaspace       used 112182K, committed 113088K, reserved 1179648K
  class space    used 15584K, committed 16000K, reserved 1048576K
}
Event: 49.058 GC heap after
{Heap after GC invocations=60 (full 0):
 garbage-first heap   total 288768K, used 184320K [0x00000000c0000000, 0x0000000100000000)
  region size 1024K, 6 young (6144K), 6 survivors (6144K)
 Metaspace       used 112182K, committed 113088K, reserved 1179648K
  class space    used 15584K, committed 16000K, reserved 1048576K
}
Event: 49.743 GC heap before
{Heap before GC invocations=61 (full 0):
 garbage-first heap   total 332800K, used 240640K [0x00000000c0000000, 0x0000000100000000)
  region size 1024K, 61 young (62464K), 6 survivors (6144K)
 Metaspace       used 112184K, committed 113088K, reserved 1179648K
  class space    used 15584K, committed 16000K, reserved 1048576K
}
Event: 49.750 GC heap after
{Heap after GC invocations=62 (full 0):
 garbage-first heap   total 332800K, used 186548K [0x00000000c0000000, 0x0000000100000000)
  region size 1024K, 7 young (7168K), 7 survivors (7168K)
 Metaspace       used 112184K, committed 113088K, reserved 1179648K
  class space    used 15584K, committed 16000K, reserved 1048576K
}
Event: 49.830 GC heap before
{Heap before GC invocations=62 (full 0):
 garbage-first heap   total 332800K, used 194740K [0x00000000c0000000, 0x0000000100000000)
  region size 1024K, 16 young (16384K), 7 survivors (7168K)
 Metaspace       used 112184K, committed 113088K, reserved 1179648K
  class space    used 15584K, committed 16000K, reserved 1048576K
}
Event: 49.837 GC heap after
{Heap after GC invocations=63 (full 0):
 garbage-first heap   total 332800K, used 184853K [0x00000000c0000000, 0x0000000100000000)
  region size 1024K, 2 young (2048K), 2 survivors (2048K)
 Metaspace       used 112184K, committed 113088K, reserved 1179648K
  class space    used 15584K, committed 16000K, reserved 1048576K
}
Event: 50.521 GC heap before
{Heap before GC invocations=63 (full 0):
 garbage-first heap   total 332800K, used 272917K [0x00000000c0000000, 0x0000000100000000)
  region size 1024K, 88 young (90112K), 2 survivors (2048K)
 Metaspace       used 112184K, committed 113088K, reserved 1179648K
  class space    used 15584K, committed 16000K, reserved 1048576K
}
Event: 50.527 GC heap after
{Heap after GC invocations=64 (full 0):
 garbage-first heap   total 332800K, used 188327K [0x00000000c0000000, 0x0000000100000000)
  region size 1024K, 6 young (6144K), 6 survivors (6144K)
 Metaspace       used 112184K, committed 113088K, reserved 1179648K
  class space    used 15584K, committed 16000K, reserved 1048576K
}
Event: 50.796 GC heap before
{Heap before GC invocations=64 (full 0):
 garbage-first heap   total 332800K, used 215975K [0x00000000c0000000, 0x0000000100000000)
  region size 1024K, 30 young (30720K), 6 survivors (6144K)
 Metaspace       used 112184K, committed 113088K, reserved 1179648K
  class space    used 15584K, committed 16000K, reserved 1048576K
}
Event: 50.802 GC heap after
{Heap after GC invocations=65 (full 0):
 garbage-first heap   total 332800K, used 193745K [0x00000000c0000000, 0x0000000100000000)
  region size 1024K, 7 young (7168K), 7 survivors (7168K)
 Metaspace       used 112184K, committed 113088K, reserved 1179648K
  class space    used 15584K, committed 16000K, reserved 1048576K
}
Event: 50.807 GC heap before
{Heap before GC invocations=65 (full 0):
 garbage-first heap   total 332800K, used 197841K [0x00000000c0000000, 0x0000000100000000)
  region size 1024K, 8 young (8192K), 7 survivors (7168K)
 Metaspace       used 112184K, committed 113088K, reserved 1179648K
  class space    used 15584K, committed 16000K, reserved 1048576K
}
Event: 50.813 GC heap after
{Heap after GC invocations=66 (full 0):
 garbage-first heap   total 332800K, used 197560K [0x00000000c0000000, 0x0000000100000000)
  region size 1024K, 3 young (3072K), 3 survivors (3072K)
 Metaspace       used 112184K, committed 113088K, reserved 1179648K
  class space    used 15584K, committed 16000K, reserved 1048576K
}
Event: 109.314 GC heap before
{Heap before GC invocations=67 (full 0):
 garbage-first heap   total 388096K, used 284600K [0x00000000c0000000, 0x0000000100000000)
  region size 1024K, 81 young (82944K), 3 survivors (3072K)
 Metaspace       used 113410K, committed 114368K, reserved 1179648K
  class space    used 15757K, committed 16192K, reserved 1048576K
}
Event: 109.341 GC heap after
{Heap after GC invocations=68 (full 0):
 garbage-first heap   total 388096K, used 198346K [0x00000000c0000000, 0x0000000100000000)
  region size 1024K, 11 young (11264K), 11 survivors (11264K)
 Metaspace       used 113410K, committed 114368K, reserved 1179648K
  class space    used 15757K, committed 16192K, reserved 1048576K
}
Event: 109.543 GC heap before
{Heap before GC invocations=68 (full 0):
 garbage-first heap   total 388096K, used 204490K [0x00000000c0000000, 0x0000000100000000)
  region size 1024K, 18 young (18432K), 11 survivors (11264K)
 Metaspace       used 113427K, committed 114368K, reserved 1179648K
  class space    used 15757K, committed 16192K, reserved 1048576K
}
Event: 109.564 GC heap after
{Heap after GC invocations=69 (full 0):
 garbage-first heap   total 388096K, used 198800K [0x00000000c0000000, 0x0000000100000000)
  region size 1024K, 2 young (2048K), 2 survivors (2048K)
 Metaspace       used 113427K, committed 114368K, reserved 1179648K
  class space    used 15757K, committed 16192K, reserved 1048576K
}

