# JRE version: OpenJDK Runtime Environment JBR-17.0.11+1-1312.2-nomod (17.0.11+1) (build 17.0.11+1-b1312.2)
# Java VM: OpenJDK 64-Bit Server VM JBR-17.0.11+1-1312.2-nomod (17.0.11+1-b1312.2, mixed mode, sharing, tiered, compressed oops, compressed class ptrs, g1 gc, windows-amd64)
GC Precious Log:
 CPUs: 4 total, 4 available
 Memory: 8067M
 Large Page Support: Disabled
 NUMA Support: Disabled
 Compressed Oops: Enabled (32-bit)
 Heap Region Size: 1M
 Heap Min Capacity: 8M
 Heap Initial Capacity: 128M
 Heap Max Capacity: 1G
 Pre-touch: Disabled
 Parallel Workers: 4
 Concurrent Workers: 1
 Concurrent Refinement Workers: 4
 Periodic GC: Disabled
Heap:
 garbage-first heap   total 321536K, used 284478K [0x00000000c0000000, 0x0000000100000000)
  region size 1024K, 5 young (5120K), 2 survivors (2048K)
 Metaspace       used 179507K, committed 180672K, reserved 1245184K
  class space    used 23834K, committed 24448K, reserved 1048576K
GC Heap History (20 events):
Event: 74.993 GC heap before
{Heap before GC invocations=72 (full 0):
 garbage-first heap   total 321536K, used 284017K [0x00000000c0000000, 0x0000000100000000)
  region size 1024K, 15 young (15360K), 1 survivors (1024K)
 Metaspace       used 175190K, committed 176256K, reserved 1245184K
  class space    used 23296K, committed 23808K, reserved 1048576K
}
Event: 74.996 GC heap after
{Heap after GC invocations=73 (full 0):
 garbage-first heap   total 321536K, used 270783K [0x00000000c0000000, 0x0000000100000000)
  region size 1024K, 2 young (2048K), 2 survivors (2048K)
 Metaspace       used 175190K, committed 176256K, reserved 1245184K
  class space    used 23296K, committed 23808K, reserved 1048576K
}
Event: 75.188 GC heap before
{Heap before GC invocations=73 (full 0):
 garbage-first heap   total 321536K, used 283071K [0x00000000c0000000, 0x0000000100000000)
  region size 1024K, 15 young (15360K), 2 survivors (2048K)
 Metaspace       used 175242K, committed 176320K, reserved 1245184K
  class space    used 23296K, committed 23808K, reserved 1048576K
}
Event: 75.192 GC heap after
{Heap after GC invocations=74 (full 0):
 garbage-first heap   total 321536K, used 272322K [0x00000000c0000000, 0x0000000100000000)
  region size 1024K, 2 young (2048K), 2 survivors (2048K)
 Metaspace       used 175242K, committed 176320K, reserved 1245184K
  class space    used 23296K, committed 23808K, reserved 1048576K
}
Event: 75.659 GC heap before
{Heap before GC invocations=74 (full 0):
 garbage-first heap   total 321536K, used 285634K [0x00000000c0000000, 0x0000000100000000)
  region size 1024K, 15 young (15360K), 2 survivors (2048K)
 Metaspace       used 175592K, committed 176640K, reserved 1245184K
  class space    used 23330K, committed 23808K, reserved 1048576K
}
Event: 75.665 GC heap after
{Heap after GC invocations=75 (full 0):
 garbage-first heap   total 321536K, used 273682K [0x00000000c0000000, 0x0000000100000000)
  region size 1024K, 2 young (2048K), 2 survivors (2048K)
 Metaspace       used 175592K, committed 176640K, reserved 1245184K
  class space    used 23330K, committed 23808K, reserved 1048576K
}
Event: 75.954 GC heap before
{Heap before GC invocations=75 (full 0):
 garbage-first heap   total 321536K, used 286994K [0x00000000c0000000, 0x0000000100000000)
  region size 1024K, 15 young (15360K), 2 survivors (2048K)
 Metaspace       used 175844K, committed 176896K, reserved 1245184K
  class space    used 23359K, committed 23872K, reserved 1048576K
}
Event: 75.960 GC heap after
{Heap after GC invocations=76 (full 0):
 garbage-first heap   total 321536K, used 276225K [0x00000000c0000000, 0x0000000100000000)
  region size 1024K, 2 young (2048K), 2 survivors (2048K)
 Metaspace       used 175844K, committed 176896K, reserved 1245184K
  class space    used 23359K, committed 23872K, reserved 1048576K
}
Event: 76.142 GC heap before
{Heap before GC invocations=76 (full 0):
 garbage-first heap   total 321536K, used 289537K [0x00000000c0000000, 0x0000000100000000)
  region size 1024K, 15 young (15360K), 2 survivors (2048K)
 Metaspace       used 176140K, committed 177152K, reserved 1245184K
  class space    used 23389K, committed 23872K, reserved 1048576K
}
Event: 76.148 GC heap after
{Heap after GC invocations=77 (full 0):
 garbage-first heap   total 321536K, used 278426K [0x00000000c0000000, 0x0000000100000000)
  region size 1024K, 2 young (2048K), 2 survivors (2048K)
 Metaspace       used 176140K, committed 177152K, reserved 1245184K
  class space    used 23389K, committed 23872K, reserved 1048576K
}
Event: 76.358 GC heap before
{Heap before GC invocations=77 (full 0):
 garbage-first heap   total 321536K, used 291738K [0x00000000c0000000, 0x0000000100000000)
  region size 1024K, 15 young (15360K), 2 survivors (2048K)
 Metaspace       used 176537K, committed 177600K, reserved 1245184K
  class space    used 23463K, committed 23936K, reserved 1048576K
}
Event: 76.364 GC heap after
{Heap after GC invocations=78 (full 0):
 garbage-first heap   total 321536K, used 280500K [0x00000000c0000000, 0x0000000100000000)
  region size 1024K, 2 young (2048K), 2 survivors (2048K)
 Metaspace       used 176537K, committed 177600K, reserved 1245184K
  class space    used 23463K, committed 23936K, reserved 1048576K
}
Event: 76.690 GC heap before
{Heap before GC invocations=78 (full 0):
 garbage-first heap   total 321536K, used 292788K [0x00000000c0000000, 0x0000000100000000)
  region size 1024K, 15 young (15360K), 2 survivors (2048K)
 Metaspace       used 176613K, committed 177664K, reserved 1245184K
  class space    used 23465K, committed 23936K, reserved 1048576K
}
Event: 76.695 GC heap after
{Heap after GC invocations=79 (full 0):
 garbage-first heap   total 321536K, used 281791K [0x00000000c0000000, 0x0000000100000000)
  region size 1024K, 2 young (2048K), 2 survivors (2048K)
 Metaspace       used 176613K, committed 177664K, reserved 1245184K
  class space    used 23465K, committed 23936K, reserved 1048576K
}
Event: 76.912 GC heap before
{Heap before GC invocations=79 (full 0):
 garbage-first heap   total 321536K, used 294079K [0x00000000c0000000, 0x0000000100000000)
  region size 1024K, 15 young (15360K), 2 survivors (2048K)
 Metaspace       used 176992K, committed 178048K, reserved 1245184K
  class space    used 23532K, committed 24064K, reserved 1048576K
}
Event: 76.917 GC heap after
{Heap after GC invocations=80 (full 0):
 garbage-first heap   total 321536K, used 283067K [0x00000000c0000000, 0x0000000100000000)
  region size 1024K, 2 young (2048K), 2 survivors (2048K)
 Metaspace       used 176992K, committed 178048K, reserved 1245184K
  class space    used 23532K, committed 24064K, reserved 1048576K
}
Event: 77.498 GC heap before
{Heap before GC invocations=80 (full 0):
 garbage-first heap   total 321536K, used 295355K [0x00000000c0000000, 0x0000000100000000)
  region size 1024K, 15 young (15360K), 2 survivors (2048K)
 Metaspace       used 177628K, committed 178752K, reserved 1245184K
  class space    used 23599K, committed 24128K, reserved 1048576K
}
Event: 77.502 GC heap after
{Heap after GC invocations=81 (full 0):
 garbage-first heap   total 321536K, used 284056K [0x00000000c0000000, 0x0000000100000000)
  region size 1024K, 1 young (1024K), 1 survivors (1024K)
 Metaspace       used 177628K, committed 178752K, reserved 1245184K
  class space    used 23599K, committed 24128K, reserved 1048576K
}
Event: 77.850 GC heap before
{Heap before GC invocations=81 (full 0):
 garbage-first heap   total 321536K, used 297368K [0x00000000c0000000, 0x0000000100000000)
  region size 1024K, 15 young (15360K), 1 survivors (1024K)
 Metaspace       used 179420K, committed 180608K, reserved 1245184K
  class space    used 23833K, committed 24448K, reserved 1048576K
}
Event: 77.855 GC heap after
{Heap after GC invocations=82 (full 0):
 garbage-first heap   total 321536K, used 284478K [0x00000000c0000000, 0x0000000100000000)
  region size 1024K, 2 young (2048K), 2 survivors (2048K)
 Metaspace       used 179420K, committed 180608K, reserved 1245184K
  class space    used 23833K, committed 24448K, reserved 1048576K
}

