# JRE version: OpenJDK Runtime Environment JBR-17.0.11+1-1312.2-nomod (17.0.11+1) (build 17.0.11+1-b1312.2)
# Java VM: OpenJDK 64-Bit Server VM JBR-17.0.11+1-1312.2-nomod (17.0.11+1-b1312.2, mixed mode, sharing, tiered, compressed oops, compressed class ptrs, g1 gc, windows-amd64)
GC Precious Log:
 CPUs: 4 total, 4 available
 Memory: 8067M
 Large Page Support: Disabled
 NUMA Support: Disabled
 Compressed Oops: Enabled (32-bit)
 Heap Region Size: 1M
 Heap Min Capacity: 8M
 Heap Initial Capacity: 128M
 Heap Max Capacity: 1G
 Pre-touch: Disabled
 Parallel Workers: 4
 Concurrent Workers: 1
 Concurrent Refinement Workers: 4
 Periodic GC: Disabled
Heap:
 garbage-first heap   total 389120K, used 259808K [0x00000000c0000000, 0x0000000100000000)
  region size 1024K, 7 young (7168K), 7 survivors (7168K)
 Metaspace       used 136553K, committed 137472K, reserved 1179648K
  class space    used 18727K, committed 19200K, reserved 1048576K
GC Heap History (20 events):
Event: 34.683 GC heap after
{Heap after GC invocations=66 (full 0):
 garbage-first heap   total 267264K, used 171266K [0x00000000c0000000, 0x0000000100000000)
  region size 1024K, 4 young (4096K), 4 survivors (4096K)
 Metaspace       used 124183K, committed 124992K, reserved 1179648K
  class space    used 17248K, committed 17664K, reserved 1048576K
}
Event: 35.631 GC heap before
{Heap before GC invocations=66 (full 0):
 garbage-first heap   total 267264K, used 227586K [0x00000000c0000000, 0x0000000100000000)
  region size 1024K, 59 young (60416K), 4 survivors (4096K)
 Metaspace       used 127894K, committed 128768K, reserved 1179648K
  class space    used 17773K, committed 18176K, reserved 1048576K
}
Event: 35.638 GC heap after
{Heap after GC invocations=67 (full 0):
 garbage-first heap   total 267264K, used 171192K [0x00000000c0000000, 0x0000000100000000)
  region size 1024K, 4 young (4096K), 4 survivors (4096K)
 Metaspace       used 127894K, committed 128768K, reserved 1179648K
  class space    used 17773K, committed 18176K, reserved 1048576K
}
Event: 36.403 GC heap before
{Heap before GC invocations=67 (full 0):
 garbage-first heap   total 267264K, used 228536K [0x00000000c0000000, 0x0000000100000000)
  region size 1024K, 61 young (62464K), 4 survivors (4096K)
 Metaspace       used 128568K, committed 129472K, reserved 1179648K
  class space    used 17805K, committed 18240K, reserved 1048576K
}
Event: 36.414 GC heap after
{Heap after GC invocations=68 (full 0):
 garbage-first heap   total 267264K, used 175469K [0x00000000c0000000, 0x0000000100000000)
  region size 1024K, 8 young (8192K), 8 survivors (8192K)
 Metaspace       used 128568K, committed 129472K, reserved 1179648K
  class space    used 17805K, committed 18240K, reserved 1048576K
}
Event: 36.995 GC heap before
{Heap before GC invocations=68 (full 0):
 garbage-first heap   total 267264K, used 227693K [0x00000000c0000000, 0x0000000100000000)
  region size 1024K, 60 young (61440K), 8 survivors (8192K)
 Metaspace       used 128997K, committed 129856K, reserved 1179648K
  class space    used 17812K, committed 18240K, reserved 1048576K
}
Event: 37.001 GC heap after
{Heap after GC invocations=69 (full 0):
 garbage-first heap   total 267264K, used 173558K [0x00000000c0000000, 0x0000000100000000)
  region size 1024K, 2 young (2048K), 2 survivors (2048K)
 Metaspace       used 128997K, committed 129856K, reserved 1179648K
  class space    used 17812K, committed 18240K, reserved 1048576K
}
Event: 37.431 GC heap before
{Heap before GC invocations=69 (full 0):
 garbage-first heap   total 267264K, used 220662K [0x00000000c0000000, 0x0000000100000000)
  region size 1024K, 39 young (39936K), 2 survivors (2048K)
 Metaspace       used 129870K, committed 130752K, reserved 1179648K
  class space    used 17936K, committed 18368K, reserved 1048576K
}
Event: 37.436 GC heap after
{Heap after GC invocations=70 (full 0):
 garbage-first heap   total 267264K, used 191177K [0x00000000c0000000, 0x0000000100000000)
  region size 1024K, 7 young (7168K), 7 survivors (7168K)
 Metaspace       used 129870K, committed 130752K, reserved 1179648K
  class space    used 17936K, committed 18368K, reserved 1048576K
}
Event: 37.804 GC heap before
{Heap before GC invocations=70 (full 0):
 garbage-first heap   total 389120K, used 238281K [0x00000000c0000000, 0x0000000100000000)
  region size 1024K, 43 young (44032K), 7 survivors (7168K)
 Metaspace       used 129971K, committed 130880K, reserved 1179648K
  class space    used 17934K, committed 18368K, reserved 1048576K
}
Event: 37.821 GC heap after
{Heap after GC invocations=71 (full 0):
 garbage-first heap   total 389120K, used 197235K [0x00000000c0000000, 0x0000000100000000)
  region size 1024K, 6 young (6144K), 6 survivors (6144K)
 Metaspace       used 129971K, committed 130880K, reserved 1179648K
  class space    used 17934K, committed 18368K, reserved 1048576K
}
Event: 38.698 GC heap before
{Heap before GC invocations=72 (full 0):
 garbage-first heap   total 389120K, used 322163K [0x00000000c0000000, 0x0000000100000000)
  region size 1024K, 127 young (130048K), 6 survivors (6144K)
 Metaspace       used 132096K, committed 132928K, reserved 1179648K
  class space    used 18164K, committed 18560K, reserved 1048576K
}
Event: 38.729 GC heap after
{Heap after GC invocations=73 (full 0):
 garbage-first heap   total 389120K, used 214729K [0x00000000c0000000, 0x0000000100000000)
  region size 1024K, 16 young (16384K), 16 survivors (16384K)
 Metaspace       used 132096K, committed 132928K, reserved 1179648K
  class space    used 18164K, committed 18560K, reserved 1048576K
}
Event: 38.767 GC heap before
{Heap before GC invocations=73 (full 0):
 garbage-first heap   total 389120K, used 217801K [0x00000000c0000000, 0x0000000100000000)
  region size 1024K, 19 young (19456K), 16 survivors (16384K)
 Metaspace       used 132243K, committed 133056K, reserved 1179648K
  class space    used 18177K, committed 18560K, reserved 1048576K
}
Event: 38.792 GC heap after
{Heap after GC invocations=74 (full 0):
 garbage-first heap   total 389120K, used 198010K [0x00000000c0000000, 0x0000000100000000)
  region size 1024K, 2 young (2048K), 2 survivors (2048K)
 Metaspace       used 132243K, committed 133056K, reserved 1179648K
  class space    used 18177K, committed 18560K, reserved 1048576K
}
Event: 39.480 GC heap before
{Heap before GC invocations=74 (full 0):
 garbage-first heap   total 389120K, used 304506K [0x00000000c0000000, 0x0000000100000000)
  region size 1024K, 107 young (109568K), 2 survivors (2048K)
 Metaspace       used 132718K, committed 133504K, reserved 1179648K
  class space    used 18226K, committed 18624K, reserved 1048576K
}
Event: 39.543 GC heap after
{Heap after GC invocations=75 (full 0):
 garbage-first heap   total 389120K, used 244937K [0x00000000c0000000, 0x0000000100000000)
  region size 1024K, 14 young (14336K), 14 survivors (14336K)
 Metaspace       used 132718K, committed 133504K, reserved 1179648K
  class space    used 18226K, committed 18624K, reserved 1048576K
}
Event: 40.242 GC heap before
{Heap before GC invocations=75 (full 0):
 garbage-first heap   total 389120K, used 304329K [0x00000000c0000000, 0x0000000100000000)
  region size 1024K, 73 young (74752K), 14 survivors (14336K)
 Metaspace       used 134977K, committed 135872K, reserved 1179648K
  class space    used 18505K, committed 18944K, reserved 1048576K
}
Event: 40.288 GC heap after
{Heap after GC invocations=76 (full 0):
 garbage-first heap   total 389120K, used 254153K [0x00000000c0000000, 0x0000000100000000)
  region size 1024K, 8 young (8192K), 8 survivors (8192K)
 Metaspace       used 134977K, committed 135872K, reserved 1179648K
  class space    used 18505K, committed 18944K, reserved 1048576K
}
Event: 40.802 GC heap before
{Heap before GC invocations=76 (full 0):
 garbage-first heap   total 389120K, used 311497K [0x00000000c0000000, 0x0000000100000000)
  region size 1024K, 65 young (66560K), 8 survivors (8192K)
 Metaspace       used 136553K, committed 137472K, reserved 1179648K
  class space    used 18727K, committed 19200K, reserved 1048576K
}

