# JRE version: OpenJDK Runtime Environment JBR-17.0.11+1-1312.2-nomod (17.0.11+1) (build 17.0.11+1-b1312.2)
# Java VM: OpenJDK 64-Bit Server VM JBR-17.0.11+1-1312.2-nomod (17.0.11+1-b1312.2, mixed mode, sharing, tiered, compressed oops, compressed class ptrs, g1 gc, windows-amd64)
GC Precious Log:
 CPUs: 4 total, 4 available
 Memory: 8067M
 Large Page Support: Disabled
 NUMA Support: Disabled
 Compressed Oops: Enabled (32-bit)
 Heap Region Size: 1M
 Heap Min Capacity: 8M
 Heap Initial Capacity: 128M
 Heap Max Capacity: 1G
 Pre-touch: Disabled
 Parallel Workers: 4
 Concurrent Workers: 1
 Concurrent Refinement Workers: 4
 Periodic GC: Disabled
Heap:
 garbage-first heap   total 268288K, used 192029K [0x00000000c0000000, 0x0000000100000000)
  region size 1024K, 23 young (23552K), 1 survivors (1024K)
 Metaspace       used 110891K, committed 111872K, reserved 1179648K
  class space    used 15143K, committed 15616K, reserved 1048576K
GC Heap History (20 events):
Event: 582.946 GC heap before
{Heap before GC invocations=64 (full 0):
 garbage-first heap   total 268288K, used 155415K [0x00000000c0000000, 0x0000000100000000)
  region size 1024K, 35 young (35840K), 8 survivors (8192K)
 Metaspace       used 95687K, committed 96448K, reserved 1179648K
  class space    used 13403K, committed 13760K, reserved 1048576K
}
Event: 582.973 GC heap after
{Heap after GC invocations=65 (full 0):
 garbage-first heap   total 268288K, used 137763K [0x00000000c0000000, 0x0000000100000000)
  region size 1024K, 9 young (9216K), 9 survivors (9216K)
 Metaspace       used 95687K, committed 96448K, reserved 1179648K
  class space    used 13403K, committed 13760K, reserved 1048576K
}
Event: 584.984 GC heap before
{Heap before GC invocations=66 (full 0):
 garbage-first heap   total 268288K, used 229923K [0x00000000c0000000, 0x0000000100000000)
  region size 1024K, 87 young (89088K), 9 survivors (9216K)
 Metaspace       used 98240K, committed 99008K, reserved 1179648K
  class space    used 13729K, committed 14080K, reserved 1048576K
}
Event: 585.014 GC heap after
{Heap after GC invocations=67 (full 0):
 garbage-first heap   total 268288K, used 156960K [0x00000000c0000000, 0x0000000100000000)
  region size 1024K, 11 young (11264K), 11 survivors (11264K)
 Metaspace       used 98240K, committed 99008K, reserved 1179648K
  class space    used 13729K, committed 14080K, reserved 1048576K
}
Event: 585.079 GC heap before
{Heap before GC invocations=67 (full 0):
 garbage-first heap   total 268288K, used 157984K [0x00000000c0000000, 0x0000000100000000)
  region size 1024K, 13 young (13312K), 11 survivors (11264K)
 Metaspace       used 98458K, committed 99264K, reserved 1179648K
  class space    used 13752K, committed 14144K, reserved 1048576K
}
Event: 585.094 GC heap after
{Heap after GC invocations=68 (full 0):
 garbage-first heap   total 268288K, used 152574K [0x00000000c0000000, 0x0000000100000000)
  region size 1024K, 2 young (2048K), 2 survivors (2048K)
 Metaspace       used 98458K, committed 99264K, reserved 1179648K
  class space    used 13752K, committed 14144K, reserved 1048576K
}
Event: 586.325 GC heap before
{Heap before GC invocations=68 (full 0):
 garbage-first heap   total 268288K, used 232446K [0x00000000c0000000, 0x0000000100000000)
  region size 1024K, 64 young (65536K), 2 survivors (2048K)
 Metaspace       used 99592K, committed 100352K, reserved 1179648K
  class space    used 13837K, committed 14208K, reserved 1048576K
}
Event: 586.337 GC heap after
{Heap after GC invocations=69 (full 0):
 garbage-first heap   total 268288K, used 157202K [0x00000000c0000000, 0x0000000100000000)
  region size 1024K, 7 young (7168K), 7 survivors (7168K)
 Metaspace       used 99592K, committed 100352K, reserved 1179648K
  class space    used 13837K, committed 14208K, reserved 1048576K
}
Event: 587.286 GC heap before
{Heap before GC invocations=69 (full 0):
 garbage-first heap   total 268288K, used 216594K [0x00000000c0000000, 0x0000000100000000)
  region size 1024K, 66 young (67584K), 7 survivors (7168K)
 Metaspace       used 102919K, committed 103744K, reserved 1179648K
  class space    used 14116K, committed 14528K, reserved 1048576K
}
Event: 587.296 GC heap after
{Heap after GC invocations=70 (full 0):
 garbage-first heap   total 268288K, used 164219K [0x00000000c0000000, 0x0000000100000000)
  region size 1024K, 7 young (7168K), 7 survivors (7168K)
 Metaspace       used 102919K, committed 103744K, reserved 1179648K
  class space    used 14116K, committed 14528K, reserved 1048576K
}
Event: 588.524 GC heap before
{Heap before GC invocations=70 (full 0):
 garbage-first heap   total 268288K, used 219515K [0x00000000c0000000, 0x0000000100000000)
  region size 1024K, 62 young (63488K), 7 survivors (7168K)
 Metaspace       used 103409K, committed 104256K, reserved 1179648K
  class space    used 14152K, committed 14592K, reserved 1048576K
}
Event: 588.527 GC heap after
{Heap after GC invocations=71 (full 0):
 garbage-first heap   total 268288K, used 159744K [0x00000000c0000000, 0x0000000100000000)
  region size 1024K, 1 young (1024K), 1 survivors (1024K)
 Metaspace       used 103409K, committed 104256K, reserved 1179648K
  class space    used 14152K, committed 14592K, reserved 1048576K
}
Event: 591.169 GC heap before
{Heap before GC invocations=72 (full 0):
 garbage-first heap   total 268288K, used 204800K [0x00000000c0000000, 0x0000000100000000)
  region size 1024K, 63 young (64512K), 1 survivors (1024K)
 Metaspace       used 105612K, committed 106496K, reserved 1179648K
  class space    used 14398K, committed 14848K, reserved 1048576K
}
Event: 591.175 GC heap after
{Heap after GC invocations=73 (full 0):
 garbage-first heap   total 268288K, used 143984K [0x00000000c0000000, 0x0000000100000000)
  region size 1024K, 3 young (3072K), 3 survivors (3072K)
 Metaspace       used 105612K, committed 106496K, reserved 1179648K
  class space    used 14398K, committed 14848K, reserved 1048576K
}
Event: 591.413 GC heap before
{Heap before GC invocations=73 (full 0):
 garbage-first heap   total 268288K, used 153200K [0x00000000c0000000, 0x0000000100000000)
  region size 1024K, 13 young (13312K), 3 survivors (3072K)
 Metaspace       used 106092K, committed 106944K, reserved 1179648K
  class space    used 14452K, committed 14848K, reserved 1048576K
}
Event: 591.418 GC heap after
{Heap after GC invocations=74 (full 0):
 garbage-first heap   total 268288K, used 129207K [0x00000000c0000000, 0x0000000100000000)
  region size 1024K, 1 young (1024K), 1 survivors (1024K)
 Metaspace       used 106092K, committed 106944K, reserved 1179648K
  class space    used 14452K, committed 14848K, reserved 1048576K
}
Event: 593.294 GC heap before
{Heap before GC invocations=74 (full 0):
 garbage-first heap   total 268288K, used 244919K [0x00000000c0000000, 0x0000000100000000)
  region size 1024K, 82 young (83968K), 1 survivors (1024K)
 Metaspace       used 110587K, committed 111552K, reserved 1179648K
  class space    used 15098K, committed 15552K, reserved 1048576K
}
Event: 593.302 GC heap after
{Heap after GC invocations=75 (full 0):
 garbage-first heap   total 268288K, used 164530K [0x00000000c0000000, 0x0000000100000000)
  region size 1024K, 11 young (11264K), 11 survivors (11264K)
 Metaspace       used 110587K, committed 111552K, reserved 1179648K
  class space    used 15098K, committed 15552K, reserved 1048576K
}
Event: 593.302 GC heap before
{Heap before GC invocations=75 (full 0):
 garbage-first heap   total 268288K, used 167602K [0x00000000c0000000, 0x0000000100000000)
  region size 1024K, 13 young (13312K), 11 survivors (11264K)
 Metaspace       used 110587K, committed 111552K, reserved 1179648K
  class space    used 15098K, committed 15552K, reserved 1048576K
}
Event: 593.309 GC heap after
{Heap after GC invocations=76 (full 0):
 garbage-first heap   total 268288K, used 168477K [0x00000000c0000000, 0x0000000100000000)
  region size 1024K, 1 young (1024K), 1 survivors (1024K)
 Metaspace       used 110587K, committed 111552K, reserved 1179648K
  class space    used 15098K, committed 15552K, reserved 1048576K
}

