# JRE version: OpenJDK Runtime Environment JBR-17.0.11+1-1312.2-nomod (17.0.11+1) (build 17.0.11+1-b1312.2)
# Java VM: OpenJDK 64-Bit Server VM JBR-17.0.11+1-1312.2-nomod (17.0.11+1-b1312.2, mixed mode, sharing, tiered, compressed oops, compressed class ptrs, g1 gc, windows-amd64)
GC Precious Log:
 CPUs: 4 total, 4 available
 Memory: 8067M
 Large Page Support: Disabled
 NUMA Support: Disabled
 Compressed Oops: Enabled (32-bit)
 Heap Region Size: 1M
 Heap Min Capacity: 8M
 Heap Initial Capacity: 128M
 Heap Max Capacity: 1G
 Pre-touch: Disabled
 Parallel Workers: 4
 Concurrent Workers: 1
 Concurrent Refinement Workers: 4
 Periodic GC: Disabled
Heap:
 garbage-first heap   total 348160K, used 220141K [0x00000000c0000000, 0x0000000100000000)
  region size 1024K, 3 young (3072K), 3 survivors (3072K)
 Metaspace       used 119692K, committed 120640K, reserved 1179648K
  class space    used 16327K, committed 16768K, reserved 1048576K
GC Heap History (20 events):
Event: 908.934 GC heap after
{Heap after GC invocations=43 (full 0):
 garbage-first heap   total 256000K, used 170848K [0x00000000c0000000, 0x0000000100000000)
  region size 1024K, 9 young (9216K), 9 survivors (9216K)
 Metaspace       used 100260K, committed 101184K, reserved 1179648K
  class space    used 14076K, committed 14528K, reserved 1048576K
}
Event: 909.068 GC heap before
{Heap before GC invocations=43 (full 0):
 garbage-first heap   total 256000K, used 189280K [0x00000000c0000000, 0x0000000100000000)
  region size 1024K, 12 young (12288K), 9 survivors (9216K)
 Metaspace       used 100404K, committed 101312K, reserved 1179648K
  class space    used 14085K, committed 14528K, reserved 1048576K
}
Event: 909.098 GC heap after
{Heap after GC invocations=44 (full 0):
 garbage-first heap   total 256000K, used 159118K [0x00000000c0000000, 0x0000000100000000)
  region size 1024K, 2 young (2048K), 2 survivors (2048K)
 Metaspace       used 100404K, committed 101312K, reserved 1179648K
  class space    used 14085K, committed 14528K, reserved 1048576K
}
Event: 910.260 GC heap before
{Heap before GC invocations=44 (full 0):
 garbage-first heap   total 256000K, used 203150K [0x00000000c0000000, 0x0000000100000000)
  region size 1024K, 46 young (47104K), 2 survivors (2048K)
 Metaspace       used 102922K, committed 103744K, reserved 1179648K
  class space    used 14363K, committed 14784K, reserved 1048576K
}
Event: 910.269 GC heap after
{Heap after GC invocations=45 (full 0):
 garbage-first heap   total 256000K, used 162204K [0x00000000c0000000, 0x0000000100000000)
  region size 1024K, 5 young (5120K), 5 survivors (5120K)
 Metaspace       used 102922K, committed 103744K, reserved 1179648K
  class space    used 14363K, committed 14784K, reserved 1048576K
}
Event: 912.447 GC heap before
{Heap before GC invocations=46 (full 0):
 garbage-first heap   total 281600K, used 198044K [0x00000000c0000000, 0x0000000100000000)
  region size 1024K, 48 young (49152K), 5 survivors (5120K)
 Metaspace       used 104619K, committed 105472K, reserved 1179648K
  class space    used 14558K, committed 14976K, reserved 1048576K
}
Event: 912.458 GC heap after
{Heap after GC invocations=47 (full 0):
 garbage-first heap   total 281600K, used 159652K [0x00000000c0000000, 0x0000000100000000)
  region size 1024K, 6 young (6144K), 6 survivors (6144K)
 Metaspace       used 104619K, committed 105472K, reserved 1179648K
  class space    used 14558K, committed 14976K, reserved 1048576K
}
Event: 912.516 GC heap before
{Heap before GC invocations=47 (full 0):
 garbage-first heap   total 281600K, used 165796K [0x00000000c0000000, 0x0000000100000000)
  region size 1024K, 13 young (13312K), 6 survivors (6144K)
 Metaspace       used 104656K, committed 105536K, reserved 1179648K
  class space    used 14559K, committed 14976K, reserved 1048576K
}
Event: 912.535 GC heap after
{Heap after GC invocations=48 (full 0):
 garbage-first heap   total 281600K, used 140035K [0x00000000c0000000, 0x0000000100000000)
  region size 1024K, 1 young (1024K), 1 survivors (1024K)
 Metaspace       used 104656K, committed 105536K, reserved 1179648K
  class space    used 14559K, committed 14976K, reserved 1048576K
}
Event: 913.447 GC heap before
{Heap before GC invocations=48 (full 0):
 garbage-first heap   total 281600K, used 186115K [0x00000000c0000000, 0x0000000100000000)
  region size 1024K, 48 young (49152K), 1 survivors (1024K)
 Metaspace       used 111721K, committed 112704K, reserved 1179648K
  class space    used 15469K, committed 15936K, reserved 1048576K
}
Event: 913.452 GC heap after
{Heap after GC invocations=49 (full 0):
 garbage-first heap   total 281600K, used 141528K [0x00000000c0000000, 0x0000000100000000)
  region size 1024K, 3 young (3072K), 3 survivors (3072K)
 Metaspace       used 111721K, committed 112704K, reserved 1179648K
  class space    used 15469K, committed 15936K, reserved 1048576K
}
Event: 914.772 GC heap before
{Heap before GC invocations=50 (full 0):
 garbage-first heap   total 281600K, used 215256K [0x00000000c0000000, 0x0000000100000000)
  region size 1024K, 76 young (77824K), 3 survivors (3072K)
 Metaspace       used 116188K, committed 117120K, reserved 1179648K
  class space    used 15857K, committed 16320K, reserved 1048576K
}
Event: 914.802 GC heap after
{Heap after GC invocations=51 (full 0):
 garbage-first heap   total 281600K, used 177126K [0x00000000c0000000, 0x0000000100000000)
  region size 1024K, 10 young (10240K), 10 survivors (10240K)
 Metaspace       used 116188K, committed 117120K, reserved 1179648K
  class space    used 15857K, committed 16320K, reserved 1048576K
}
Event: 914.822 GC heap before
{Heap before GC invocations=51 (full 0):
 garbage-first heap   total 281600K, used 180198K [0x00000000c0000000, 0x0000000100000000)
  region size 1024K, 13 young (13312K), 10 survivors (10240K)
 Metaspace       used 116188K, committed 117120K, reserved 1179648K
  class space    used 15857K, committed 16320K, reserved 1048576K
}
Event: 914.847 GC heap after
{Heap after GC invocations=52 (full 0):
 garbage-first heap   total 281600K, used 175085K [0x00000000c0000000, 0x0000000100000000)
  region size 1024K, 2 young (2048K), 2 survivors (2048K)
 Metaspace       used 116188K, committed 117120K, reserved 1179648K
  class space    used 15857K, committed 16320K, reserved 1048576K
}
Event: 915.188 GC heap before
{Heap before GC invocations=52 (full 0):
 garbage-first heap   total 281600K, used 209901K [0x00000000c0000000, 0x0000000100000000)
  region size 1024K, 37 young (37888K), 2 survivors (2048K)
 Metaspace       used 117928K, committed 118848K, reserved 1179648K
  class space    used 16093K, committed 16576K, reserved 1048576K
}
Event: 915.208 GC heap after
{Heap after GC invocations=53 (full 0):
 garbage-first heap   total 281600K, used 197613K [0x00000000c0000000, 0x0000000100000000)
  region size 1024K, 5 young (5120K), 5 survivors (5120K)
 Metaspace       used 117928K, committed 118848K, reserved 1179648K
  class space    used 16093K, committed 16576K, reserved 1048576K
}
Event: 915.756 GC heap before
{Heap before GC invocations=54 (full 0):
 garbage-first heap   total 348160K, used 220141K [0x00000000c0000000, 0x0000000100000000)
  region size 1024K, 27 young (27648K), 5 survivors (5120K)
 Metaspace       used 119692K, committed 120640K, reserved 1179648K
  class space    used 16327K, committed 16768K, reserved 1048576K
}
Event: 915.769 GC heap after
{Heap after GC invocations=55 (full 0):
 garbage-first heap   total 348160K, used 208365K [0x00000000c0000000, 0x0000000100000000)
  region size 1024K, 4 young (4096K), 4 survivors (4096K)
 Metaspace       used 119692K, committed 120640K, reserved 1179648K
  class space    used 16327K, committed 16768K, reserved 1048576K
}
Event: 915.839 GC heap before
{Heap before GC invocations=55 (full 0):
 garbage-first heap   total 348160K, used 221677K [0x00000000c0000000, 0x0000000100000000)
  region size 1024K, 17 young (17408K), 4 survivors (4096K)
 Metaspace       used 119692K, committed 120640K, reserved 1179648K
  class space    used 16327K, committed 16768K, reserved 1048576K
}

