# JRE version: OpenJDK Runtime Environment JBR-17.0.11+1-1312.2-nomod (17.0.11+1) (build 17.0.11+1-b1312.2)
# Java VM: OpenJDK 64-Bit Server VM JBR-17.0.11+1-1312.2-nomod (17.0.11+1-b1312.2, mixed mode, sharing, tiered, compressed oops, compressed class ptrs, g1 gc, windows-amd64)
GC Precious Log:
 CPUs: 4 total, 4 available
 Memory: 8067M
 Large Page Support: Disabled
 NUMA Support: Disabled
 Compressed Oops: Enabled (32-bit)
 Heap Region Size: 1M
 Heap Min Capacity: 8M
 Heap Initial Capacity: 128M
 Heap Max Capacity: 1G
 Pre-touch: Disabled
 Parallel Workers: 4
 Concurrent Workers: 1
 Concurrent Refinement Workers: 4
 Periodic GC: Disabled
Heap:
 garbage-first heap   total 242688K, used 150594K [0x00000000c0000000, 0x0000000100000000)
  region size 1024K, 2 young (2048K), 2 survivors (2048K)
 Metaspace       used 93585K, committed 94272K, reserved 1179648K
  class space    used 13377K, committed 13696K, reserved 1048576K
GC Heap History (20 events):
Event: 15.628 GC heap after
{Heap after GC invocations=44 (full 0):
 garbage-first heap   total 155648K, used 94627K [0x00000000c0000000, 0x0000000100000000)
  region size 1024K, 6 young (6144K), 6 survivors (6144K)
 Metaspace       used 86606K, committed 87296K, reserved 1179648K
  class space    used 12569K, committed 12864K, reserved 1048576K
}
Event: 16.155 GC heap before
{Heap before GC invocations=45 (full 0):
 garbage-first heap   total 174080K, used 128419K [0x00000000c0000000, 0x0000000100000000)
  region size 1024K, 40 young (40960K), 6 survivors (6144K)
 Metaspace       used 86741K, committed 87424K, reserved 1179648K
  class space    used 12571K, committed 12864K, reserved 1048576K
}
Event: 16.167 GC heap after
{Heap after GC invocations=46 (full 0):
 garbage-first heap   total 174080K, used 99178K [0x00000000c0000000, 0x0000000100000000)
  region size 1024K, 5 young (5120K), 5 survivors (5120K)
 Metaspace       used 86741K, committed 87424K, reserved 1179648K
  class space    used 12571K, committed 12864K, reserved 1048576K
}
Event: 16.896 GC heap before
{Heap before GC invocations=46 (full 0):
 garbage-first heap   total 174080K, used 143210K [0x00000000c0000000, 0x0000000100000000)
  region size 1024K, 49 young (50176K), 5 survivors (5120K)
 Metaspace       used 87324K, committed 88064K, reserved 1179648K
  class space    used 12607K, committed 12928K, reserved 1048576K
}
Event: 16.903 GC heap after
{Heap after GC invocations=47 (full 0):
 garbage-first heap   total 174080K, used 102743K [0x00000000c0000000, 0x0000000100000000)
  region size 1024K, 5 young (5120K), 5 survivors (5120K)
 Metaspace       used 87324K, committed 88064K, reserved 1179648K
  class space    used 12607K, committed 12928K, reserved 1048576K
}
Event: 17.695 GC heap before
{Heap before GC invocations=48 (full 0):
 garbage-first heap   total 188416K, used 143703K [0x00000000c0000000, 0x0000000100000000)
  region size 1024K, 46 young (47104K), 5 survivors (5120K)
 Metaspace       used 87572K, committed 88256K, reserved 1179648K
  class space    used 12621K, committed 12928K, reserved 1048576K
}
Event: 17.704 GC heap after
{Heap after GC invocations=49 (full 0):
 garbage-first heap   total 188416K, used 105965K [0x00000000c0000000, 0x0000000100000000)
  region size 1024K, 5 young (5120K), 5 survivors (5120K)
 Metaspace       used 87572K, committed 88256K, reserved 1179648K
  class space    used 12621K, committed 12928K, reserved 1048576K
}
Event: 17.725 GC heap before
{Heap before GC invocations=49 (full 0):
 garbage-first heap   total 188416K, used 110061K [0x00000000c0000000, 0x0000000100000000)
  region size 1024K, 9 young (9216K), 5 survivors (5120K)
 Metaspace       used 87573K, committed 88256K, reserved 1179648K
  class space    used 12621K, committed 12928K, reserved 1048576K
}
Event: 17.730 GC heap after
{Heap after GC invocations=50 (full 0):
 garbage-first heap   total 188416K, used 105686K [0x00000000c0000000, 0x0000000100000000)
  region size 1024K, 1 young (1024K), 1 survivors (1024K)
 Metaspace       used 87573K, committed 88256K, reserved 1179648K
  class space    used 12621K, committed 12928K, reserved 1048576K
}
Event: 17.870 GC heap before
{Heap before GC invocations=50 (full 0):
 garbage-first heap   total 188416K, used 127190K [0x00000000c0000000, 0x0000000100000000)
  region size 1024K, 24 young (24576K), 1 survivors (1024K)
 Metaspace       used 87801K, committed 88448K, reserved 1179648K
  class space    used 12672K, committed 12992K, reserved 1048576K
}
Event: 17.875 GC heap after
{Heap after GC invocations=51 (full 0):
 garbage-first heap   total 188416K, used 108224K [0x00000000c0000000, 0x0000000100000000)
  region size 1024K, 4 young (4096K), 4 survivors (4096K)
 Metaspace       used 87801K, committed 88448K, reserved 1179648K
  class space    used 12672K, committed 12992K, reserved 1048576K
}
Event: 18.817 GC heap before
{Heap before GC invocations=52 (full 0):
 garbage-first heap   total 204800K, used 158400K [0x00000000c0000000, 0x0000000100000000)
  region size 1024K, 49 young (50176K), 4 survivors (4096K)
 Metaspace       used 89844K, committed 90496K, reserved 1179648K
  class space    used 12847K, committed 13184K, reserved 1048576K
}
Event: 18.827 GC heap after
{Heap after GC invocations=53 (full 0):
 garbage-first heap   total 204800K, used 111925K [0x00000000c0000000, 0x0000000100000000)
  region size 1024K, 7 young (7168K), 7 survivors (7168K)
 Metaspace       used 89844K, committed 90496K, reserved 1179648K
  class space    used 12847K, committed 13184K, reserved 1048576K
}
Event: 18.852 GC heap before
{Heap before GC invocations=53 (full 0):
 garbage-first heap   total 204800K, used 113973K [0x00000000c0000000, 0x0000000100000000)
  region size 1024K, 10 young (10240K), 7 survivors (7168K)
 Metaspace       used 89844K, committed 90496K, reserved 1179648K
  class space    used 12847K, committed 13184K, reserved 1048576K
}
Event: 18.862 GC heap after
{Heap after GC invocations=54 (full 0):
 garbage-first heap   total 204800K, used 111331K [0x00000000c0000000, 0x0000000100000000)
  region size 1024K, 1 young (1024K), 1 survivors (1024K)
 Metaspace       used 89844K, committed 90496K, reserved 1179648K
  class space    used 12847K, committed 13184K, reserved 1048576K
}
Event: 19.866 GC heap before
{Heap before GC invocations=54 (full 0):
 garbage-first heap   total 204800K, used 179939K [0x00000000c0000000, 0x0000000100000000)
  region size 1024K, 57 young (58368K), 1 survivors (1024K)
 Metaspace       used 90358K, committed 91136K, reserved 1179648K
  class space    used 12900K, committed 13248K, reserved 1048576K
}
Event: 19.876 GC heap after
{Heap after GC invocations=55 (full 0):
 garbage-first heap   total 204800K, used 132587K [0x00000000c0000000, 0x0000000100000000)
  region size 1024K, 8 young (8192K), 8 survivors (8192K)
 Metaspace       used 90358K, committed 91136K, reserved 1179648K
  class space    used 12900K, committed 13248K, reserved 1048576K
}
Event: 20.511 GC heap before
{Heap before GC invocations=56 (full 0):
 garbage-first heap   total 242688K, used 175595K [0x00000000c0000000, 0x0000000100000000)
  region size 1024K, 40 young (40960K), 8 survivors (8192K)
 Metaspace       used 93582K, committed 94272K, reserved 1179648K
  class space    used 13377K, committed 13696K, reserved 1048576K
}
Event: 20.523 GC heap after
{Heap after GC invocations=57 (full 0):
 garbage-first heap   total 242688K, used 142013K [0x00000000c0000000, 0x0000000100000000)
  region size 1024K, 5 young (5120K), 5 survivors (5120K)
 Metaspace       used 93582K, committed 94272K, reserved 1179648K
  class space    used 13377K, committed 13696K, reserved 1048576K
}
Event: 20.535 GC heap before
{Heap before GC invocations=57 (full 0):
 garbage-first heap   total 242688K, used 166589K [0x00000000c0000000, 0x0000000100000000)
  region size 1024K, 11 young (11264K), 5 survivors (5120K)
 Metaspace       used 93585K, committed 94272K, reserved 1179648K
  class space    used 13377K, committed 13696K, reserved 1048576K
}

