# JRE version: OpenJDK Runtime Environment JBR-17.0.11+1-1312.2-nomod (17.0.11+1) (build 17.0.11+1-b1312.2)
# Java VM: OpenJDK 64-Bit Server VM JBR-17.0.11+1-1312.2-nomod (17.0.11+1-b1312.2, mixed mode, sharing, tiered, compressed oops, compressed class ptrs, g1 gc, windows-amd64)
GC Precious Log:
 CPUs: 4 total, 4 available
 Memory: 8067M
 Large Page Support: Disabled
 NUMA Support: Disabled
 Compressed Oops: Enabled (32-bit)
 Heap Region Size: 1M
 Heap Min Capacity: 8M
 Heap Initial Capacity: 128M
 Heap Max Capacity: 1G
 Pre-touch: Disabled
 Parallel Workers: 4
 Concurrent Workers: 1
 Concurrent Refinement Workers: 4
 Periodic GC: Disabled
Heap:
 garbage-first heap   total 131072K, used 90496K [0x00000000c0000000, 0x0000000100000000)
  region size 1024K, 14 young (14336K), 4 survivors (4096K)
 Metaspace       used 49530K, committed 50240K, reserved 1114112K
  class space    used 7118K, committed 7424K, reserved 1048576K
GC Heap History (20 events):
Event: 4.447 GC heap before
{Heap before GC invocations=4 (full 0):
 garbage-first heap   total 131072K, used 58952K [0x00000000c0000000, 0x0000000100000000)
  region size 1024K, 40 young (40960K), 10 survivors (10240K)
 Metaspace       used 21129K, committed 21504K, reserved 1114112K
  class space    used 3243K, committed 3456K, reserved 1048576K
}
Event: 4.458 GC heap after
{Heap after GC invocations=5 (full 0):
 garbage-first heap   total 131072K, used 32935K [0x00000000c0000000, 0x0000000100000000)
  region size 1024K, 4 young (4096K), 4 survivors (4096K)
 Metaspace       used 21129K, committed 21504K, reserved 1114112K
  class space    used 3243K, committed 3456K, reserved 1048576K
}
Event: 6.277 GC heap before
{Heap before GC invocations=6 (full 0):
 garbage-first heap   total 116736K, used 96423K [0x00000000c0000000, 0x0000000100000000)
  region size 1024K, 64 young (65536K), 4 survivors (4096K)
 Metaspace       used 29340K, committed 29760K, reserved 1114112K
  class space    used 4483K, committed 4672K, reserved 1048576K
}
Event: 6.285 GC heap after
{Heap after GC invocations=7 (full 0):
 garbage-first heap   total 116736K, used 40557K [0x00000000c0000000, 0x0000000100000000)
  region size 1024K, 8 young (8192K), 8 survivors (8192K)
 Metaspace       used 29340K, committed 29760K, reserved 1114112K
  class space    used 4483K, committed 4672K, reserved 1048576K
}
Event: 7.516 GC heap before
{Heap before GC invocations=7 (full 0):
 garbage-first heap   total 116736K, used 90733K [0x00000000c0000000, 0x0000000100000000)
  region size 1024K, 54 young (55296K), 8 survivors (8192K)
 Metaspace       used 35589K, committed 35968K, reserved 1114112K
  class space    used 5074K, committed 5248K, reserved 1048576K
}
Event: 7.528 GC heap after
{Heap after GC invocations=8 (full 0):
 garbage-first heap   total 116736K, used 45871K [0x00000000c0000000, 0x0000000100000000)
  region size 1024K, 6 young (6144K), 6 survivors (6144K)
 Metaspace       used 35589K, committed 35968K, reserved 1114112K
  class space    used 5074K, committed 5248K, reserved 1048576K
}
Event: 8.967 GC heap before
{Heap before GC invocations=9 (full 0):
 garbage-first heap   total 116736K, used 93999K [0x00000000c0000000, 0x0000000100000000)
  region size 1024K, 48 young (49152K), 6 survivors (6144K)
 Metaspace       used 39698K, committed 40128K, reserved 1114112K
  class space    used 5698K, committed 5888K, reserved 1048576K
}
Event: 8.977 GC heap after
{Heap after GC invocations=10 (full 0):
 garbage-first heap   total 116736K, used 54843K [0x00000000c0000000, 0x0000000100000000)
  region size 1024K, 5 young (5120K), 5 survivors (5120K)
 Metaspace       used 39698K, committed 40128K, reserved 1114112K
  class space    used 5698K, committed 5888K, reserved 1048576K
}
Event: 9.198 GC heap before
{Heap before GC invocations=10 (full 0):
 garbage-first heap   total 116736K, used 58939K [0x00000000c0000000, 0x0000000100000000)
  region size 1024K, 10 young (10240K), 5 survivors (5120K)
 Metaspace       used 40039K, committed 40448K, reserved 1114112K
  class space    used 5724K, committed 5888K, reserved 1048576K
}
Event: 9.203 GC heap after
{Heap after GC invocations=11 (full 0):
 garbage-first heap   total 116736K, used 56400K [0x00000000c0000000, 0x0000000100000000)
  region size 1024K, 1 young (1024K), 1 survivors (1024K)
 Metaspace       used 40039K, committed 40448K, reserved 1114112K
  class space    used 5724K, committed 5888K, reserved 1048576K
}
Event: 10.286 GC heap before
{Heap before GC invocations=12 (full 0):
 garbage-first heap   total 116736K, used 92240K [0x00000000c0000000, 0x0000000100000000)
  region size 1024K, 35 young (35840K), 1 survivors (1024K)
 Metaspace       used 43356K, committed 43968K, reserved 1114112K
  class space    used 6184K, committed 6464K, reserved 1048576K
}
Event: 10.290 GC heap after
{Heap after GC invocations=13 (full 0):
 garbage-first heap   total 116736K, used 56649K [0x00000000c0000000, 0x0000000100000000)
  region size 1024K, 3 young (3072K), 3 survivors (3072K)
 Metaspace       used 43356K, committed 43968K, reserved 1114112K
  class space    used 6184K, committed 6464K, reserved 1048576K
}
Event: 11.286 GC heap before
{Heap before GC invocations=13 (full 0):
 garbage-first heap   total 116736K, used 92489K [0x00000000c0000000, 0x0000000100000000)
  region size 1024K, 38 young (38912K), 3 survivors (3072K)
 Metaspace       used 46565K, committed 47232K, reserved 1114112K
  class space    used 6762K, committed 7040K, reserved 1048576K
}
Event: 11.292 GC heap after
{Heap after GC invocations=14 (full 0):
 garbage-first heap   total 116736K, used 58892K [0x00000000c0000000, 0x0000000100000000)
  region size 1024K, 5 young (5120K), 5 survivors (5120K)
 Metaspace       used 46565K, committed 47232K, reserved 1114112K
  class space    used 6762K, committed 7040K, reserved 1048576K
}
Event: 12.347 GC heap before
{Heap before GC invocations=15 (full 0):
 garbage-first heap   total 116736K, used 92684K [0x00000000c0000000, 0x0000000100000000)
  region size 1024K, 39 young (39936K), 5 survivors (5120K)
 Metaspace       used 48550K, committed 49216K, reserved 1114112K
  class space    used 7002K, committed 7296K, reserved 1048576K
}
Event: 12.357 GC heap after
{Heap after GC invocations=16 (full 0):
 garbage-first heap   total 116736K, used 62333K [0x00000000c0000000, 0x0000000100000000)
  region size 1024K, 5 young (5120K), 5 survivors (5120K)
 Metaspace       used 48550K, committed 49216K, reserved 1114112K
  class space    used 7002K, committed 7296K, reserved 1048576K
}
Event: 12.427 GC heap before
{Heap before GC invocations=16 (full 0):
 garbage-first heap   total 116736K, used 65405K [0x00000000c0000000, 0x0000000100000000)
  region size 1024K, 10 young (10240K), 5 survivors (5120K)
 Metaspace       used 48594K, committed 49280K, reserved 1114112K
  class space    used 7003K, committed 7296K, reserved 1048576K
}
Event: 12.434 GC heap after
{Heap after GC invocations=17 (full 0):
 garbage-first heap   total 116736K, used 63398K [0x00000000c0000000, 0x0000000100000000)
  region size 1024K, 1 young (1024K), 1 survivors (1024K)
 Metaspace       used 48594K, committed 49280K, reserved 1114112K
  class space    used 7003K, committed 7296K, reserved 1048576K
}
Event: 12.646 GC heap before
{Heap before GC invocations=18 (full 0):
 garbage-first heap   total 128000K, used 84902K [0x00000000c0000000, 0x0000000100000000)
  region size 1024K, 12 young (12288K), 1 survivors (1024K)
 Metaspace       used 48966K, committed 49600K, reserved 1114112K
  class space    used 7064K, committed 7360K, reserved 1048576K
}
Event: 12.650 GC heap after
{Heap after GC invocations=19 (full 0):
 garbage-first heap   total 128000K, used 81280K [0x00000000c0000000, 0x0000000100000000)
  region size 1024K, 4 young (4096K), 4 survivors (4096K)
 Metaspace       used 48966K, committed 49600K, reserved 1114112K
  class space    used 7064K, committed 7360K, reserved 1048576K
}

