# JRE version: OpenJDK Runtime Environment JBR-17.0.11+1-1312.2-nomod (17.0.11+1) (build 17.0.11+1-b1312.2)
# Java VM: OpenJDK 64-Bit Server VM JBR-17.0.11+1-1312.2-nomod (17.0.11+1-b1312.2, mixed mode, sharing, tiered, compressed oops, compressed class ptrs, g1 gc, windows-amd64)
GC Precious Log:
 CPUs: 4 total, 4 available
 Memory: 8067M
 Large Page Support: Disabled
 NUMA Support: Disabled
 Compressed Oops: Enabled (32-bit)
 Heap Region Size: 1M
 Heap Min Capacity: 8M
 Heap Initial Capacity: 128M
 Heap Max Capacity: 1G
 Pre-touch: Disabled
 Parallel Workers: 4
 Concurrent Workers: 1
 Concurrent Refinement Workers: 4
 Periodic GC: Disabled
Heap:
 garbage-first heap   total 413696K, used 237652K [0x00000000c0000000, 0x0000000100000000)
  region size 1024K, 7 young (7168K), 6 survivors (6144K)
 Metaspace       used 98073K, committed 98880K, reserved 1179648K
  class space    used 14194K, committed 14592K, reserved 1048576K
GC Heap History (20 events):
Event: 12.427 GC heap before
{Heap before GC invocations=34 (full 0):
 garbage-first heap   total 155648K, used 87764K [0x00000000c0000000, 0x0000000100000000)
  region size 1024K, 7 young (7168K), 4 survivors (4096K)
 Metaspace       used 74933K, committed 75584K, reserved 1114112K
  class space    used 10843K, committed 11136K, reserved 1048576K
}
Event: 12.433 GC heap after
{Heap after GC invocations=35 (full 0):
 garbage-first heap   total 155648K, used 84339K [0x00000000c0000000, 0x0000000100000000)
  region size 1024K, 1 young (1024K), 1 survivors (1024K)
 Metaspace       used 74933K, committed 75584K, reserved 1114112K
  class space    used 10843K, committed 11136K, reserved 1048576K
}
Event: 13.028 GC heap before
{Heap before GC invocations=35 (full 0):
 garbage-first heap   total 155648K, used 126323K [0x00000000c0000000, 0x0000000100000000)
  region size 1024K, 42 young (43008K), 1 survivors (1024K)
 Metaspace       used 78292K, committed 78912K, reserved 1179648K
  class space    used 11338K, committed 11648K, reserved 1048576K
}
Event: 13.033 GC heap after
{Heap after GC invocations=36 (full 0):
 garbage-first heap   total 155648K, used 86618K [0x00000000c0000000, 0x0000000100000000)
  region size 1024K, 3 young (3072K), 3 survivors (3072K)
 Metaspace       used 78292K, committed 78912K, reserved 1179648K
  class space    used 11338K, committed 11648K, reserved 1048576K
}
Event: 13.599 GC heap before
{Heap before GC invocations=37 (full 0):
 garbage-first heap   total 158720K, used 127578K [0x00000000c0000000, 0x0000000100000000)
  region size 1024K, 43 young (44032K), 3 survivors (3072K)
 Metaspace       used 82694K, committed 83328K, reserved 1179648K
  class space    used 11982K, committed 12288K, reserved 1048576K
}
Event: 13.607 GC heap after
{Heap after GC invocations=38 (full 0):
 garbage-first heap   total 158720K, used 88664K [0x00000000c0000000, 0x0000000100000000)
  region size 1024K, 5 young (5120K), 5 survivors (5120K)
 Metaspace       used 82694K, committed 83328K, reserved 1179648K
  class space    used 11982K, committed 12288K, reserved 1048576K
}
Event: 13.619 GC heap before
{Heap before GC invocations=38 (full 0):
 garbage-first heap   total 158720K, used 90712K [0x00000000c0000000, 0x0000000100000000)
  region size 1024K, 7 young (7168K), 5 survivors (5120K)
 Metaspace       used 82901K, committed 83520K, reserved 1179648K
  class space    used 11992K, committed 12288K, reserved 1048576K
}
Event: 13.626 GC heap after
{Heap after GC invocations=39 (full 0):
 garbage-first heap   total 158720K, used 88394K [0x00000000c0000000, 0x0000000100000000)
  region size 1024K, 1 young (1024K), 1 survivors (1024K)
 Metaspace       used 82901K, committed 83520K, reserved 1179648K
  class space    used 11992K, committed 12288K, reserved 1048576K
}
Event: 14.266 GC heap before
{Heap before GC invocations=39 (full 0):
 garbage-first heap   total 158720K, used 130378K [0x00000000c0000000, 0x0000000100000000)
  region size 1024K, 43 young (44032K), 1 survivors (1024K)
 Metaspace       used 85883K, committed 86528K, reserved 1179648K
  class space    used 12493K, committed 12800K, reserved 1048576K
}
Event: 14.275 GC heap after
{Heap after GC invocations=40 (full 0):
 garbage-first heap   total 335872K, used 91640K [0x00000000c0000000, 0x0000000100000000)
  region size 1024K, 4 young (4096K), 4 survivors (4096K)
 Metaspace       used 85883K, committed 86528K, reserved 1179648K
  class space    used 12493K, committed 12800K, reserved 1048576K
}
Event: 17.140 GC heap before
{Heap before GC invocations=41 (full 0):
 garbage-first heap   total 327680K, used 266744K [0x00000000c0000000, 0x0000000100000000)
  region size 1024K, 171 young (175104K), 4 survivors (4096K)
 Metaspace       used 88406K, committed 89088K, reserved 1179648K
  class space    used 12687K, committed 12992K, reserved 1048576K
}
Event: 17.161 GC heap after
{Heap after GC invocations=42 (full 0):
 garbage-first heap   total 327680K, used 104976K [0x00000000c0000000, 0x0000000100000000)
  region size 1024K, 17 young (17408K), 17 survivors (17408K)
 Metaspace       used 88406K, committed 89088K, reserved 1179648K
  class space    used 12687K, committed 12992K, reserved 1048576K
}
Event: 17.176 GC heap before
{Heap before GC invocations=42 (full 0):
 garbage-first heap   total 327680K, used 106000K [0x00000000c0000000, 0x0000000100000000)
  region size 1024K, 18 young (18432K), 17 survivors (17408K)
 Metaspace       used 88485K, committed 89216K, reserved 1179648K
  class space    used 12698K, committed 13056K, reserved 1048576K
}
Event: 17.195 GC heap after
{Heap after GC invocations=43 (full 0):
 garbage-first heap   total 327680K, used 106101K [0x00000000c0000000, 0x0000000100000000)
  region size 1024K, 2 young (2048K), 2 survivors (2048K)
 Metaspace       used 88485K, committed 89216K, reserved 1179648K
  class space    used 12698K, committed 13056K, reserved 1048576K
}
Event: 19.116 GC heap before
{Heap before GC invocations=43 (full 0):
 garbage-first heap   total 327680K, used 297589K [0x00000000c0000000, 0x0000000100000000)
  region size 1024K, 148 young (151552K), 2 survivors (2048K)
 Metaspace       used 93731K, committed 94464K, reserved 1179648K
  class space    used 13423K, committed 13760K, reserved 1048576K
}
Event: 19.131 GC heap after
{Heap after GC invocations=44 (full 0):
 garbage-first heap   total 327680K, used 151124K [0x00000000c0000000, 0x0000000100000000)
  region size 1024K, 19 young (19456K), 19 survivors (19456K)
 Metaspace       used 93731K, committed 94464K, reserved 1179648K
  class space    used 13423K, committed 13760K, reserved 1048576K
}
Event: 20.164 GC heap before
{Heap before GC invocations=44 (full 0):
 garbage-first heap   total 327680K, used 260692K [0x00000000c0000000, 0x0000000100000000)
  region size 1024K, 125 young (128000K), 19 survivors (19456K)
 Metaspace       used 96411K, committed 97088K, reserved 1179648K
  class space    used 13954K, committed 14272K, reserved 1048576K
}
Event: 20.252 GC heap after
{Heap after GC invocations=45 (full 0):
 garbage-first heap   total 327680K, used 193026K [0x00000000c0000000, 0x0000000100000000)
  region size 1024K, 16 young (16384K), 16 survivors (16384K)
 Metaspace       used 96411K, committed 97088K, reserved 1179648K
  class space    used 13954K, committed 14272K, reserved 1048576K
}
Event: 20.586 GC heap before
{Heap before GC invocations=45 (full 0):
 garbage-first heap   total 327680K, used 254466K [0x00000000c0000000, 0x0000000100000000)
  region size 1024K, 76 young (77824K), 16 survivors (16384K)
 Metaspace       used 96446K, committed 97152K, reserved 1179648K
  class space    used 13956K, committed 14272K, reserved 1048576K
}
Event: 20.674 GC heap after
{Heap after GC invocations=46 (full 0):
 garbage-first heap   total 327680K, used 224852K [0x00000000c0000000, 0x0000000100000000)
  region size 1024K, 10 young (10240K), 10 survivors (10240K)
 Metaspace       used 96446K, committed 97152K, reserved 1179648K
  class space    used 13956K, committed 14272K, reserved 1048576K
}

