# JRE version: OpenJDK Runtime Environment JBR-17.0.11+1-1312.2-nomod (17.0.11+1) (build 17.0.11+1-b1312.2)
# Java VM: OpenJDK 64-Bit Server VM JBR-17.0.11+1-1312.2-nomod (17.0.11+1-b1312.2, mixed mode, sharing, tiered, compressed oops, compressed class ptrs, g1 gc, windows-amd64)
GC Precious Log:
 CPUs: 4 total, 4 available
 Memory: 8067M
 Large Page Support: Disabled
 NUMA Support: Disabled
 Compressed Oops: Enabled (32-bit)
 Heap Region Size: 1M
 Heap Min Capacity: 8M
 Heap Initial Capacity: 128M
 Heap Max Capacity: 1G
 Pre-touch: Disabled
 Parallel Workers: 4
 Concurrent Workers: 1
 Concurrent Refinement Workers: 4
 Periodic GC: Disabled
Heap:
 garbage-first heap   total 209920K, used 135630K [0x00000000c0000000, 0x0000000100000000)
  region size 1024K, 6 young (6144K), 6 survivors (6144K)
 Metaspace       used 96253K, committed 97152K, reserved 1179648K
  class space    used 13989K, committed 14400K, reserved 1048576K
GC Heap History (20 events):
Event: 50.161 GC heap after
{Heap after GC invocations=41 (full 0):
 garbage-first heap   total 158720K, used 94010K [0x00000000c0000000, 0x0000000100000000)
  region size 1024K, 1 young (1024K), 1 survivors (1024K)
 Metaspace       used 76833K, committed 77440K, reserved 1179648K
  class space    used 11087K, committed 11392K, reserved 1048576K
}
Event: 192.758 GC heap before
{Heap before GC invocations=41 (full 0):
 garbage-first heap   total 158720K, used 108346K [0x00000000c0000000, 0x0000000100000000)
  region size 1024K, 17 young (17408K), 1 survivors (1024K)
 Metaspace       used 77850K, committed 78528K, reserved 1179648K
  class space    used 11226K, committed 11584K, reserved 1048576K
}
Event: 192.762 GC heap after
{Heap after GC invocations=42 (full 0):
 garbage-first heap   total 158720K, used 95415K [0x00000000c0000000, 0x0000000100000000)
  region size 1024K, 3 young (3072K), 3 survivors (3072K)
 Metaspace       used 77850K, committed 78528K, reserved 1179648K
  class space    used 11226K, committed 11584K, reserved 1048576K
}
Event: 193.851 GC heap before
{Heap before GC invocations=43 (full 0):
 garbage-first heap   total 174080K, used 141495K [0x00000000c0000000, 0x0000000100000000)
  region size 1024K, 36 young (36864K), 3 survivors (3072K)
 Metaspace       used 81352K, committed 82112K, reserved 1179648K
  class space    used 11630K, committed 11968K, reserved 1048576K
}
Event: 193.859 GC heap after
{Heap after GC invocations=44 (full 0):
 garbage-first heap   total 174080K, used 107902K [0x00000000c0000000, 0x0000000100000000)
  region size 1024K, 5 young (5120K), 5 survivors (5120K)
 Metaspace       used 81352K, committed 82112K, reserved 1179648K
  class space    used 11630K, committed 11968K, reserved 1048576K
}
Event: 193.904 GC heap before
{Heap before GC invocations=44 (full 0):
 garbage-first heap   total 174080K, used 110974K [0x00000000c0000000, 0x0000000100000000)
  region size 1024K, 8 young (8192K), 5 survivors (5120K)
 Metaspace       used 81541K, committed 82240K, reserved 1179648K
  class space    used 11665K, committed 11968K, reserved 1048576K
}
Event: 193.910 GC heap after
{Heap after GC invocations=45 (full 0):
 garbage-first heap   total 174080K, used 107588K [0x00000000c0000000, 0x0000000100000000)
  region size 1024K, 1 young (1024K), 1 survivors (1024K)
 Metaspace       used 81541K, committed 82240K, reserved 1179648K
  class space    used 11665K, committed 11968K, reserved 1048576K
}
Event: 194.313 GC heap before
{Heap before GC invocations=45 (full 0):
 garbage-first heap   total 174080K, used 141380K [0x00000000c0000000, 0x0000000100000000)
  region size 1024K, 35 young (35840K), 1 survivors (1024K)
 Metaspace       used 82297K, committed 83136K, reserved 1179648K
  class space    used 11764K, committed 12160K, reserved 1048576K
}
Event: 194.318 GC heap after
{Heap after GC invocations=46 (full 0):
 garbage-first heap   total 174080K, used 110747K [0x00000000c0000000, 0x0000000100000000)
  region size 1024K, 4 young (4096K), 4 survivors (4096K)
 Metaspace       used 82297K, committed 83136K, reserved 1179648K
  class space    used 11764K, committed 12160K, reserved 1048576K
}
Event: 195.081 GC heap before
{Heap before GC invocations=47 (full 0):
 garbage-first heap   total 196608K, used 141467K [0x00000000c0000000, 0x0000000100000000)
  region size 1024K, 35 young (35840K), 4 survivors (4096K)
 Metaspace       used 86379K, committed 87232K, reserved 1179648K
  class space    used 12768K, committed 13184K, reserved 1048576K
}
Event: 195.087 GC heap after
{Heap after GC invocations=48 (full 0):
 garbage-first heap   total 196608K, used 112112K [0x00000000c0000000, 0x0000000100000000)
  region size 1024K, 2 young (2048K), 2 survivors (2048K)
 Metaspace       used 86379K, committed 87232K, reserved 1179648K
  class space    used 12768K, committed 13184K, reserved 1048576K
}
Event: 195.189 GC heap before
{Heap before GC invocations=48 (full 0):
 garbage-first heap   total 196608K, used 119280K [0x00000000c0000000, 0x0000000100000000)
  region size 1024K, 9 young (9216K), 2 survivors (2048K)
 Metaspace       used 86598K, committed 87424K, reserved 1179648K
  class space    used 12793K, committed 13184K, reserved 1048576K
}
Event: 195.194 GC heap after
{Heap after GC invocations=49 (full 0):
 garbage-first heap   total 196608K, used 111390K [0x00000000c0000000, 0x0000000100000000)
  region size 1024K, 1 young (1024K), 1 survivors (1024K)
 Metaspace       used 86598K, committed 87424K, reserved 1179648K
  class space    used 12793K, committed 13184K, reserved 1048576K
}
Event: 195.531 GC heap before
{Heap before GC invocations=49 (full 0):
 garbage-first heap   total 196608K, used 134942K [0x00000000c0000000, 0x0000000100000000)
  region size 1024K, 25 young (25600K), 1 survivors (1024K)
 Metaspace       used 90108K, committed 91008K, reserved 1179648K
  class space    used 13224K, committed 13632K, reserved 1048576K
}
Event: 195.534 GC heap after
{Heap after GC invocations=50 (full 0):
 garbage-first heap   total 196608K, used 111873K [0x00000000c0000000, 0x0000000100000000)
  region size 1024K, 2 young (2048K), 2 survivors (2048K)
 Metaspace       used 90108K, committed 91008K, reserved 1179648K
  class space    used 13224K, committed 13632K, reserved 1048576K
}
Event: 196.254 GC heap before
{Heap before GC invocations=51 (full 0):
 garbage-first heap   total 209920K, used 171265K [0x00000000c0000000, 0x0000000100000000)
  region size 1024K, 49 young (50176K), 2 survivors (2048K)
 Metaspace       used 96086K, committed 97024K, reserved 1179648K
  class space    used 13984K, committed 14400K, reserved 1048576K
}
Event: 196.259 GC heap after
{Heap after GC invocations=52 (full 0):
 garbage-first heap   total 209920K, used 125720K [0x00000000c0000000, 0x0000000100000000)
  region size 1024K, 4 young (4096K), 4 survivors (4096K)
 Metaspace       used 96086K, committed 97024K, reserved 1179648K
  class space    used 13984K, committed 14400K, reserved 1048576K
}
Event: 196.296 GC heap before
{Heap before GC invocations=52 (full 0):
 garbage-first heap   total 209920K, used 131864K [0x00000000c0000000, 0x0000000100000000)
  region size 1024K, 10 young (10240K), 4 survivors (4096K)
 Metaspace       used 96086K, committed 97024K, reserved 1179648K
  class space    used 13984K, committed 14400K, reserved 1048576K
}
Event: 196.311 GC heap after
{Heap after GC invocations=53 (full 0):
 garbage-first heap   total 209920K, used 126436K [0x00000000c0000000, 0x0000000100000000)
  region size 1024K, 2 young (2048K), 2 survivors (2048K)
 Metaspace       used 96086K, committed 97024K, reserved 1179648K
  class space    used 13984K, committed 14400K, reserved 1048576K
}
Event: 196.844 GC heap before
{Heap before GC invocations=53 (full 0):
 garbage-first heap   total 209920K, used 173540K [0x00000000c0000000, 0x0000000100000000)
  region size 1024K, 48 young (49152K), 2 survivors (2048K)
 Metaspace       used 96253K, committed 97152K, reserved 1179648K
  class space    used 13989K, committed 14400K, reserved 1048576K
}

