# JRE version: OpenJDK Runtime Environment JBR-17.0.11+1-1312.2-nomod (17.0.11+1) (build 17.0.11+1-b1312.2)
# Java VM: OpenJDK 64-Bit Server VM JBR-17.0.11+1-1312.2-nomod (17.0.11+1-b1312.2, mixed mode, sharing, tiered, compressed oops, compressed class ptrs, g1 gc, windows-amd64)
GC Precious Log:
 CPUs: 4 total, 4 available
 Memory: 8067M
 Large Page Support: Disabled
 NUMA Support: Disabled
 Compressed Oops: Enabled (32-bit)
 Heap Region Size: 1M
 Heap Min Capacity: 8M
 Heap Initial Capacity: 128M
 Heap Max Capacity: 1G
 Pre-touch: Disabled
 Parallel Workers: 4
 Concurrent Workers: 1
 Concurrent Refinement Workers: 4
 Periodic GC: Disabled
Heap:
 garbage-first heap   total 152576K, used 87012K [0x00000000c0000000, 0x0000000100000000)
  region size 1024K, 2 young (2048K), 2 survivors (2048K)
 Metaspace       used 58953K, committed 59712K, reserved 1114112K
  class space    used 8354K, committed 8704K, reserved 1048576K
GC Heap History (20 events):
Event: 29.516 GC heap after
{Heap after GC invocations=14 (full 0):
 garbage-first heap   total 112640K, used 55584K [0x00000000c0000000, 0x0000000100000000)
  region size 1024K, 3 young (3072K), 3 survivors (3072K)
 Metaspace       used 43374K, committed 43968K, reserved 1114112K
  class space    used 6189K, committed 6464K, reserved 1048576K
}
Event: 43.605 GC heap before
{Heap before GC invocations=14 (full 0):
 garbage-first heap   total 112640K, used 90400K [0x00000000c0000000, 0x0000000100000000)
  region size 1024K, 37 young (37888K), 3 survivors (3072K)
 Metaspace       used 46456K, committed 47104K, reserved 1114112K
  class space    used 6739K, committed 7040K, reserved 1048576K
}
Event: 43.613 GC heap after
{Heap after GC invocations=15 (full 0):
 garbage-first heap   total 112640K, used 57450K [0x00000000c0000000, 0x0000000100000000)
  region size 1024K, 4 young (4096K), 4 survivors (4096K)
 Metaspace       used 46456K, committed 47104K, reserved 1114112K
  class space    used 6739K, committed 7040K, reserved 1048576K
}
Event: 48.911 GC heap before
{Heap before GC invocations=16 (full 0):
 garbage-first heap   total 112640K, used 90218K [0x00000000c0000000, 0x0000000100000000)
  region size 1024K, 37 young (37888K), 4 survivors (4096K)
 Metaspace       used 48484K, committed 49152K, reserved 1114112K
  class space    used 6991K, committed 7296K, reserved 1048576K
}
Event: 48.923 GC heap after
{Heap after GC invocations=17 (full 0):
 garbage-first heap   total 112640K, used 62254K [0x00000000c0000000, 0x0000000100000000)
  region size 1024K, 5 young (5120K), 5 survivors (5120K)
 Metaspace       used 48484K, committed 49152K, reserved 1114112K
  class space    used 6991K, committed 7296K, reserved 1048576K
}
Event: 48.979 GC heap before
{Heap before GC invocations=17 (full 0):
 garbage-first heap   total 112640K, used 63278K [0x00000000c0000000, 0x0000000100000000)
  region size 1024K, 6 young (6144K), 5 survivors (5120K)
 Metaspace       used 48494K, committed 49152K, reserved 1114112K
  class space    used 6991K, committed 7296K, reserved 1048576K
}
Event: 48.987 GC heap after
{Heap after GC invocations=18 (full 0):
 garbage-first heap   total 112640K, used 63270K [0x00000000c0000000, 0x0000000100000000)
  region size 1024K, 1 young (1024K), 1 survivors (1024K)
 Metaspace       used 48494K, committed 49152K, reserved 1114112K
  class space    used 6991K, committed 7296K, reserved 1048576K
}
Event: 49.139 GC heap before
{Heap before GC invocations=18 (full 0):
 garbage-first heap   total 112640K, used 71462K [0x00000000c0000000, 0x0000000100000000)
  region size 1024K, 10 young (10240K), 1 survivors (1024K)
 Metaspace       used 48678K, committed 49344K, reserved 1114112K
  class space    used 7010K, committed 7296K, reserved 1048576K
}
Event: 49.141 GC heap after
{Heap after GC invocations=19 (full 0):
 garbage-first heap   total 112640K, used 63184K [0x00000000c0000000, 0x0000000100000000)
  region size 1024K, 1 young (1024K), 1 survivors (1024K)
 Metaspace       used 48678K, committed 49344K, reserved 1114112K
  class space    used 7010K, committed 7296K, reserved 1048576K
}
Event: 49.397 GC heap before
{Heap before GC invocations=20 (full 0):
 garbage-first heap   total 138240K, used 105168K [0x00000000c0000000, 0x0000000100000000)
  region size 1024K, 29 young (29696K), 1 survivors (1024K)
 Metaspace       used 50181K, committed 50816K, reserved 1114112K
  class space    used 7210K, committed 7488K, reserved 1048576K
}
Event: 49.404 GC heap after
{Heap after GC invocations=21 (full 0):
 garbage-first heap   total 138240K, used 84311K [0x00000000c0000000, 0x0000000100000000)
  region size 1024K, 4 young (4096K), 4 survivors (4096K)
 Metaspace       used 50181K, committed 50816K, reserved 1114112K
  class space    used 7210K, committed 7488K, reserved 1048576K
}
Event: 49.427 GC heap before
{Heap before GC invocations=21 (full 0):
 garbage-first heap   total 138240K, used 86359K [0x00000000c0000000, 0x0000000100000000)
  region size 1024K, 6 young (6144K), 4 survivors (4096K)
 Metaspace       used 50333K, committed 51008K, reserved 1114112K
  class space    used 7241K, committed 7552K, reserved 1048576K
}
Event: 49.430 GC heap after
{Heap after GC invocations=22 (full 0):
 garbage-first heap   total 138240K, used 84077K [0x00000000c0000000, 0x0000000100000000)
  region size 1024K, 1 young (1024K), 1 survivors (1024K)
 Metaspace       used 50333K, committed 51008K, reserved 1114112K
  class space    used 7241K, committed 7552K, reserved 1048576K
}
Event: 50.322 GC heap before
{Heap before GC invocations=22 (full 0):
 garbage-first heap   total 138240K, used 109677K [0x00000000c0000000, 0x0000000100000000)
  region size 1024K, 27 young (27648K), 1 survivors (1024K)
 Metaspace       used 52939K, committed 53632K, reserved 1114112K
  class space    used 7566K, committed 7872K, reserved 1048576K
}
Event: 50.325 GC heap after
{Heap after GC invocations=23 (full 0):
 garbage-first heap   total 138240K, used 84714K [0x00000000c0000000, 0x0000000100000000)
  region size 1024K, 1 young (1024K), 1 survivors (1024K)
 Metaspace       used 52939K, committed 53632K, reserved 1114112K
  class space    used 7566K, committed 7872K, reserved 1048576K
}
Event: 51.103 GC heap before
{Heap before GC invocations=24 (full 0):
 garbage-first heap   total 152576K, used 112362K [0x00000000c0000000, 0x0000000100000000)
  region size 1024K, 28 young (28672K), 1 survivors (1024K)
 Metaspace       used 55783K, committed 56512K, reserved 1114112K
  class space    used 7959K, committed 8320K, reserved 1048576K
}
Event: 51.109 GC heap after
{Heap after GC invocations=25 (full 0):
 garbage-first heap   total 152576K, used 85514K [0x00000000c0000000, 0x0000000100000000)
  region size 1024K, 2 young (2048K), 2 survivors (2048K)
 Metaspace       used 55783K, committed 56512K, reserved 1114112K
  class space    used 7959K, committed 8320K, reserved 1048576K
}
Event: 51.331 GC heap before
{Heap before GC invocations=25 (full 0):
 garbage-first heap   total 152576K, used 89610K [0x00000000c0000000, 0x0000000100000000)
  region size 1024K, 7 young (7168K), 2 survivors (2048K)
 Metaspace       used 57091K, committed 57792K, reserved 1114112K
  class space    used 8130K, committed 8448K, reserved 1048576K
}
Event: 51.340 GC heap after
{Heap after GC invocations=26 (full 0):
 garbage-first heap   total 152576K, used 85581K [0x00000000c0000000, 0x0000000100000000)
  region size 1024K, 1 young (1024K), 1 survivors (1024K)
 Metaspace       used 57091K, committed 57792K, reserved 1114112K
  class space    used 8130K, committed 8448K, reserved 1048576K
}
Event: 51.662 GC heap before
{Heap before GC invocations=26 (full 0):
 garbage-first heap   total 152576K, used 96845K [0x00000000c0000000, 0x0000000100000000)
  region size 1024K, 13 young (13312K), 1 survivors (1024K)
 Metaspace       used 58953K, committed 59712K, reserved 1114112K
  class space    used 8354K, committed 8704K, reserved 1048576K
}

