# JRE version: OpenJDK Runtime Environment JBR-17.0.11+1-1312.2-nomod (17.0.11+1) (build 17.0.11+1-b1312.2)
# Java VM: OpenJDK 64-Bit Server VM JBR-17.0.11+1-1312.2-nomod (17.0.11+1-b1312.2, mixed mode, sharing, tiered, compressed oops, compressed class ptrs, g1 gc, windows-amd64)
GC Precious Log:
 CPUs: 4 total, 4 available
 Memory: 8067M
 Large Page Support: Disabled
 NUMA Support: Disabled
 Compressed Oops: Enabled (32-bit)
 Heap Region Size: 1M
 Heap Min Capacity: 8M
 Heap Initial Capacity: 128M
 Heap Max Capacity: 2018M
 Pre-touch: Disabled
 Parallel Workers: 4
 Concurrent Workers: 1
 Concurrent Refinement Workers: 4
 Periodic GC: Disabled
Heap:
 garbage-first heap   total 131072K, used 57207K [0x0000000081e00000, 0x0000000100000000)
  region size 1024K, 5 young (5120K), 5 survivors (5120K)
 Metaspace       used 67998K, committed 68288K, reserved 1114112K
  class space    used 8043K, committed 8192K, reserved 1048576K
GC Heap History (20 events):
Event: 11.318 GC heap after
{Heap after GC invocations=15 (full 0):
 garbage-first heap   total 58368K, used 33741K [0x0000000081e00000, 0x0000000100000000)
  region size 1024K, 2 young (2048K), 2 survivors (2048K)
 Metaspace       used 43115K, committed 43392K, reserved 1114112K
  class space    used 5430K, committed 5568K, reserved 1048576K
}
Event: 12.061 GC heap before
{Heap before GC invocations=15 (full 0):
 garbage-first heap   total 58368K, used 43981K [0x0000000081e00000, 0x0000000100000000)
  region size 1024K, 13 young (13312K), 2 survivors (2048K)
 Metaspace       used 44936K, committed 45184K, reserved 1114112K
  class space    used 5596K, committed 5696K, reserved 1048576K
}
Event: 12.071 GC heap after
{Heap after GC invocations=16 (full 0):
 garbage-first heap   total 58368K, used 35962K [0x0000000081e00000, 0x0000000100000000)
  region size 1024K, 2 young (2048K), 2 survivors (2048K)
 Metaspace       used 44936K, committed 45184K, reserved 1114112K
  class space    used 5596K, committed 5696K, reserved 1048576K
}
Event: 12.479 GC heap before
{Heap before GC invocations=17 (full 0):
 garbage-first heap   total 63488K, used 45178K [0x0000000081e00000, 0x0000000100000000)
  region size 1024K, 11 young (11264K), 2 survivors (2048K)
 Metaspace       used 45363K, committed 45632K, reserved 1114112K
  class space    used 5611K, committed 5760K, reserved 1048576K
}
Event: 12.491 GC heap after
{Heap after GC invocations=18 (full 0):
 garbage-first heap   total 63488K, used 37608K [0x0000000081e00000, 0x0000000100000000)
  region size 1024K, 2 young (2048K), 2 survivors (2048K)
 Metaspace       used 45363K, committed 45632K, reserved 1114112K
  class space    used 5611K, committed 5760K, reserved 1048576K
}
Event: 12.535 GC heap before
{Heap before GC invocations=18 (full 0):
 garbage-first heap   total 63488K, used 38632K [0x0000000081e00000, 0x0000000100000000)
  region size 1024K, 3 young (3072K), 2 survivors (2048K)
 Metaspace       used 45375K, committed 45696K, reserved 1114112K
  class space    used 5611K, committed 5760K, reserved 1048576K
}
Event: 12.544 GC heap after
{Heap after GC invocations=19 (full 0):
 garbage-first heap   total 63488K, used 34833K [0x0000000081e00000, 0x0000000100000000)
  region size 1024K, 1 young (1024K), 1 survivors (1024K)
 Metaspace       used 45375K, committed 45696K, reserved 1114112K
  class space    used 5611K, committed 5760K, reserved 1048576K
}
Event: 13.004 GC heap before
{Heap before GC invocations=19 (full 0):
 garbage-first heap   total 63488K, used 48145K [0x0000000081e00000, 0x0000000100000000)
  region size 1024K, 14 young (14336K), 1 survivors (1024K)
 Metaspace       used 45584K, committed 45888K, reserved 1114112K
  class space    used 5612K, committed 5760K, reserved 1048576K
}
Event: 13.013 GC heap after
{Heap after GC invocations=20 (full 0):
 garbage-first heap   total 63488K, used 37569K [0x0000000081e00000, 0x0000000100000000)
  region size 1024K, 2 young (2048K), 2 survivors (2048K)
 Metaspace       used 45584K, committed 45888K, reserved 1114112K
  class space    used 5612K, committed 5760K, reserved 1048576K
}
Event: 13.393 GC heap before
{Heap before GC invocations=21 (full 0):
 garbage-first heap   total 66560K, used 49857K [0x0000000081e00000, 0x0000000100000000)
  region size 1024K, 14 young (14336K), 2 survivors (2048K)
 Metaspace       used 45816K, committed 46080K, reserved 1114112K
  class space    used 5633K, committed 5760K, reserved 1048576K
}
Event: 13.406 GC heap after
{Heap after GC invocations=22 (full 0):
 garbage-first heap   total 66560K, used 40048K [0x0000000081e00000, 0x0000000100000000)
  region size 1024K, 2 young (2048K), 2 survivors (2048K)
 Metaspace       used 45816K, committed 46080K, reserved 1114112K
  class space    used 5633K, committed 5760K, reserved 1048576K
}
Event: 13.430 GC heap before
{Heap before GC invocations=22 (full 0):
 garbage-first heap   total 66560K, used 41072K [0x0000000081e00000, 0x0000000100000000)
  region size 1024K, 3 young (3072K), 2 survivors (2048K)
 Metaspace       used 45817K, committed 46080K, reserved 1114112K
  class space    used 5633K, committed 5760K, reserved 1048576K
}
Event: 13.440 GC heap after
{Heap after GC invocations=23 (full 0):
 garbage-first heap   total 113664K, used 39936K [0x0000000081e00000, 0x0000000100000000)
  region size 1024K, 1 young (1024K), 1 survivors (1024K)
 Metaspace       used 45817K, committed 46080K, reserved 1114112K
  class space    used 5633K, committed 5760K, reserved 1048576K
}
Event: 14.493 GC heap before
{Heap before GC invocations=23 (full 0):
 garbage-first heap   total 113664K, used 79872K [0x0000000081e00000, 0x0000000100000000)
  region size 1024K, 40 young (40960K), 1 survivors (1024K)
 Metaspace       used 50866K, committed 51136K, reserved 1114112K
  class space    used 6283K, committed 6400K, reserved 1048576K
}
Event: 14.505 GC heap after
{Heap after GC invocations=24 (full 0):
 garbage-first heap   total 113664K, used 42550K [0x0000000081e00000, 0x0000000100000000)
  region size 1024K, 3 young (3072K), 3 survivors (3072K)
 Metaspace       used 50866K, committed 51136K, reserved 1114112K
  class space    used 6283K, committed 6400K, reserved 1048576K
}
Event: 16.440 GC heap before
{Heap before GC invocations=24 (full 0):
 garbage-first heap   total 113664K, used 82486K [0x0000000081e00000, 0x0000000100000000)
  region size 1024K, 42 young (43008K), 3 survivors (3072K)
 Metaspace       used 56219K, committed 56448K, reserved 1114112K
  class space    used 6867K, committed 6976K, reserved 1048576K
}
Event: 16.465 GC heap after
{Heap after GC invocations=25 (full 0):
 garbage-first heap   total 113664K, used 49152K [0x0000000081e00000, 0x0000000100000000)
  region size 1024K, 6 young (6144K), 6 survivors (6144K)
 Metaspace       used 56219K, committed 56448K, reserved 1114112K
  class space    used 6867K, committed 6976K, reserved 1048576K
}
Event: 17.640 GC heap before
{Heap before GC invocations=25 (full 0):
 garbage-first heap   total 113664K, used 84992K [0x0000000081e00000, 0x0000000100000000)
  region size 1024K, 41 young (41984K), 6 survivors (6144K)
 Metaspace       used 61927K, committed 62208K, reserved 1114112K
  class space    used 7405K, committed 7552K, reserved 1048576K
}
Event: 17.662 GC heap after
{Heap after GC invocations=26 (full 0):
 garbage-first heap   total 113664K, used 52736K [0x0000000081e00000, 0x0000000100000000)
  region size 1024K, 4 young (4096K), 4 survivors (4096K)
 Metaspace       used 61927K, committed 62208K, reserved 1114112K
  class space    used 7405K, committed 7552K, reserved 1048576K
}
Event: 18.439 GC heap before
{Heap before GC invocations=26 (full 0):
 garbage-first heap   total 113664K, used 86528K [0x0000000081e00000, 0x0000000100000000)
  region size 1024K, 37 young (37888K), 4 survivors (4096K)
 Metaspace       used 67998K, committed 68288K, reserved 1114112K
  class space    used 8043K, committed 8192K, reserved 1048576K
}

