# JRE version: OpenJDK Runtime Environment JBR-17.0.11+1-1312.2-nomod (17.0.11+1) (build 17.0.11+1-b1312.2)
# Java VM: OpenJDK 64-Bit Server VM JBR-17.0.11+1-1312.2-nomod (17.0.11+1-b1312.2, mixed mode, sharing, tiered, compressed oops, compressed class ptrs, g1 gc, windows-amd64)
GC Precious Log:
 CPUs: 4 total, 4 available
 Memory: 8067M
 Large Page Support: Disabled
 NUMA Support: Disabled
 Compressed Oops: Enabled (32-bit)
 Heap Region Size: 1M
 Heap Min Capacity: 8M
 Heap Initial Capacity: 128M
 Heap Max Capacity: 1G
 Pre-touch: Disabled
 Parallel Workers: 4
 Concurrent Workers: 1
 Concurrent Refinement Workers: 4
 Periodic GC: Disabled
Heap:
 garbage-first heap   total 480256K, used 296960K [0x00000000c0000000, 0x0000000100000000)
  region size 1024K, 3 young (3072K), 3 survivors (3072K)
 Metaspace       used 126317K, committed 128512K, reserved 1179648K
  class space    used 17224K, committed 18240K, reserved 1048576K
GC Heap History (20 events):
Event: 497.551 GC heap after
{Heap after GC invocations=51 (full 0):
 garbage-first heap   total 353280K, used 140129K [0x00000000c0000000, 0x0000000100000000)
  region size 1024K, 4 young (4096K), 4 survivors (4096K)
 Metaspace       used 98493K, committed 99904K, reserved 1179648K
  class space    used 13860K, committed 14528K, reserved 1048576K
}
Event: 584.766 GC heap before
{Heap before GC invocations=51 (full 0):
 garbage-first heap   total 353280K, used 292705K [0x00000000c0000000, 0x0000000100000000)
  region size 1024K, 153 young (156672K), 4 survivors (4096K)
 Metaspace       used 98672K, committed 100096K, reserved 1179648K
  class space    used 13871K, committed 14528K, reserved 1048576K
}
Event: 584.786 GC heap after
{Heap after GC invocations=52 (full 0):
 garbage-first heap   total 353280K, used 146177K [0x00000000c0000000, 0x0000000100000000)
  region size 1024K, 10 young (10240K), 10 survivors (10240K)
 Metaspace       used 98672K, committed 100096K, reserved 1179648K
  class space    used 13871K, committed 14528K, reserved 1048576K
}
Event: 835.923 GC heap before
{Heap before GC invocations=52 (full 0):
 garbage-first heap   total 353280K, used 298753K [0x00000000c0000000, 0x0000000100000000)
  region size 1024K, 152 young (155648K), 10 survivors (10240K)
 Metaspace       used 101446K, committed 103424K, reserved 1179648K
  class space    used 14371K, committed 15360K, reserved 1048576K
}
Event: 835.936 GC heap after
{Heap after GC invocations=53 (full 0):
 garbage-first heap   total 353280K, used 154465K [0x00000000c0000000, 0x0000000100000000)
  region size 1024K, 10 young (10240K), 10 survivors (10240K)
 Metaspace       used 101446K, committed 103424K, reserved 1179648K
  class space    used 14371K, committed 15360K, reserved 1048576K
}
Event: 839.250 GC heap before
{Heap before GC invocations=53 (full 0):
 garbage-first heap   total 353280K, used 314209K [0x00000000c0000000, 0x0000000100000000)
  region size 1024K, 143 young (146432K), 10 survivors (10240K)
 Metaspace       used 109786K, committed 111744K, reserved 1179648K
  class space    used 15306K, committed 16256K, reserved 1048576K
}
Event: 839.269 GC heap after
{Heap after GC invocations=54 (full 0):
 garbage-first heap   total 353280K, used 160481K [0x00000000c0000000, 0x0000000100000000)
  region size 1024K, 7 young (7168K), 7 survivors (7168K)
 Metaspace       used 109786K, committed 111744K, reserved 1179648K
  class space    used 15306K, committed 16256K, reserved 1048576K
}
Event: 843.839 GC heap before
{Heap before GC invocations=54 (full 0):
 garbage-first heap   total 353280K, used 215777K [0x00000000c0000000, 0x0000000100000000)
  region size 1024K, 63 young (64512K), 7 survivors (7168K)
 Metaspace       used 113813K, committed 115840K, reserved 1179648K
  class space    used 15830K, committed 16832K, reserved 1048576K
}
Event: 843.851 GC heap after
{Heap after GC invocations=55 (full 0):
 garbage-first heap   total 353280K, used 162983K [0x00000000c0000000, 0x0000000100000000)
  region size 1024K, 10 young (10240K), 10 survivors (10240K)
 Metaspace       used 113813K, committed 115840K, reserved 1179648K
  class space    used 15830K, committed 16832K, reserved 1048576K
}
Event: 845.384 GC heap before
{Heap before GC invocations=56 (full 0):
 garbage-first heap   total 353280K, used 283815K [0x00000000c0000000, 0x0000000100000000)
  region size 1024K, 137 young (140288K), 10 survivors (10240K)
 Metaspace       used 123321K, committed 125312K, reserved 1179648K
  class space    used 16841K, committed 17792K, reserved 1048576K
}
Event: 845.555 GC heap after
{Heap after GC invocations=57 (full 0):
 garbage-first heap   total 356352K, used 213895K [0x00000000c0000000, 0x0000000100000000)
  region size 1024K, 18 young (18432K), 18 survivors (18432K)
 Metaspace       used 123321K, committed 125312K, reserved 1179648K
  class space    used 16841K, committed 17792K, reserved 1048576K
}
Event: 845.569 GC heap before
{Heap before GC invocations=57 (full 0):
 garbage-first heap   total 356352K, used 214919K [0x00000000c0000000, 0x0000000100000000)
  region size 1024K, 19 young (19456K), 18 survivors (18432K)
 Metaspace       used 123322K, committed 125312K, reserved 1179648K
  class space    used 16841K, committed 17792K, reserved 1048576K
}
Event: 845.608 GC heap after
{Heap after GC invocations=58 (full 0):
 garbage-first heap   total 356352K, used 208896K [0x00000000c0000000, 0x0000000100000000)
  region size 1024K, 2 young (2048K), 2 survivors (2048K)
 Metaspace       used 123322K, committed 125312K, reserved 1179648K
  class space    used 16841K, committed 17792K, reserved 1048576K
}
Event: 846.300 GC heap before
{Heap before GC invocations=58 (full 0):
 garbage-first heap   total 356352K, used 260096K [0x00000000c0000000, 0x0000000100000000)
  region size 1024K, 52 young (53248K), 2 survivors (2048K)
 Metaspace       used 126332K, committed 128320K, reserved 1179648K
  class space    used 17248K, committed 18240K, reserved 1048576K
}
Event: 846.324 GC heap after
{Heap after GC invocations=59 (full 0):
 garbage-first heap   total 356352K, used 238592K [0x00000000c0000000, 0x0000000100000000)
  region size 1024K, 7 young (7168K), 7 survivors (7168K)
 Metaspace       used 126332K, committed 128320K, reserved 1179648K
  class space    used 17248K, committed 18240K, reserved 1048576K
}
Event: 846.464 GC heap before
{Heap before GC invocations=59 (full 0):
 garbage-first heap   total 356352K, used 269312K [0x00000000c0000000, 0x0000000100000000)
  region size 1024K, 37 young (37888K), 7 survivors (7168K)
 Metaspace       used 126343K, committed 128384K, reserved 1179648K
  class space    used 17248K, committed 18240K, reserved 1048576K
}
Event: 846.492 GC heap after
{Heap after GC invocations=60 (full 0):
 garbage-first heap   total 356352K, used 265216K [0x00000000c0000000, 0x0000000100000000)
  region size 1024K, 5 young (5120K), 5 survivors (5120K)
 Metaspace       used 126343K, committed 128384K, reserved 1179648K
  class space    used 17248K, committed 18240K, reserved 1048576K
}
Event: 846.671 GC heap before
{Heap before GC invocations=60 (full 0):
 garbage-first heap   total 356352K, used 283648K [0x00000000c0000000, 0x0000000100000000)
  region size 1024K, 23 young (23552K), 5 survivors (5120K)
 Metaspace       used 126416K, committed 128512K, reserved 1179648K
  class space    used 17248K, committed 18240K, reserved 1048576K
}
Event: 846.688 GC heap after
{Heap after GC invocations=61 (full 0):
 garbage-first heap   total 356352K, used 281600K [0x00000000c0000000, 0x0000000100000000)
  region size 1024K, 3 young (3072K), 3 survivors (3072K)
 Metaspace       used 126416K, committed 128512K, reserved 1179648K
  class space    used 17248K, committed 18240K, reserved 1048576K
}
Event: 846.856 GC heap before
{Heap before GC invocations=61 (full 0):
 garbage-first heap   total 480256K, used 295936K [0x00000000c0000000, 0x0000000100000000)
  region size 1024K, 17 young (17408K), 3 survivors (3072K)
 Metaspace       used 126317K, committed 128512K, reserved 1179648K
  class space    used 17224K, committed 18240K, reserved 1048576K
}

