# JRE version: OpenJDK Runtime Environment JBR-17.0.11+1-1312.2-nomod (17.0.11+1) (build 17.0.11+1-b1312.2)
# Java VM: OpenJDK 64-Bit Server VM JBR-17.0.11+1-1312.2-nomod (17.0.11+1-b1312.2, mixed mode, sharing, tiered, compressed oops, compressed class ptrs, g1 gc, windows-amd64)
GC Precious Log:
 CPUs: 4 total, 4 available
 Memory: 8067M
 Large Page Support: Disabled
 NUMA Support: Disabled
 Compressed Oops: Enabled (32-bit)
 Heap Region Size: 1M
 Heap Min Capacity: 8M
 Heap Initial Capacity: 128M
 Heap Max Capacity: 1G
 Pre-touch: Disabled
 Parallel Workers: 4
 Concurrent Workers: 1
 Concurrent Refinement Workers: 4
 Periodic GC: Disabled
Heap:
 garbage-first heap   total 155648K, used 104709K [0x00000000c0000000, 0x0000000100000000)
  region size 1024K, 21 young (21504K), 3 survivors (3072K)
 Metaspace       used 76505K, committed 77056K, reserved 1179648K
  class space    used 10560K, committed 10816K, reserved 1048576K
GC Heap History (20 events):
Event: 14.044 GC heap before
{Heap before GC invocations=14 (full 0):
 garbage-first heap   total 112640K, used 90261K [0x00000000c0000000, 0x0000000100000000)
  region size 1024K, 36 young (36864K), 2 survivors (2048K)
 Metaspace       used 48881K, committed 49536K, reserved 1114112K
  class space    used 7332K, committed 7616K, reserved 1048576K
}
Event: 14.049 GC heap after
{Heap after GC invocations=15 (full 0):
 garbage-first heap   total 112640K, used 56277K [0x00000000c0000000, 0x0000000100000000)
  region size 1024K, 3 young (3072K), 3 survivors (3072K)
 Metaspace       used 48881K, committed 49536K, reserved 1114112K
  class space    used 7332K, committed 7616K, reserved 1048576K
}
Event: 14.760 GC heap before
{Heap before GC invocations=16 (full 0):
 garbage-first heap   total 112640K, used 91093K [0x00000000c0000000, 0x0000000100000000)
  region size 1024K, 37 young (37888K), 3 survivors (3072K)
 Metaspace       used 53153K, committed 53824K, reserved 1114112K
  class space    used 7886K, committed 8192K, reserved 1048576K
}
Event: 14.765 GC heap after
{Heap after GC invocations=17 (full 0):
 garbage-first heap   total 112640K, used 57881K [0x00000000c0000000, 0x0000000100000000)
  region size 1024K, 4 young (4096K), 4 survivors (4096K)
 Metaspace       used 53153K, committed 53824K, reserved 1114112K
  class space    used 7886K, committed 8192K, reserved 1048576K
}
Event: 14.947 GC heap before
{Heap before GC invocations=17 (full 0):
 garbage-first heap   total 112640K, used 66073K [0x00000000c0000000, 0x0000000100000000)
  region size 1024K, 13 young (13312K), 4 survivors (4096K)
 Metaspace       used 54503K, committed 55104K, reserved 1114112K
  class space    used 8051K, committed 8320K, reserved 1048576K
}
Event: 14.953 GC heap after
{Heap after GC invocations=18 (full 0):
 garbage-first heap   total 112640K, used 58185K [0x00000000c0000000, 0x0000000100000000)
  region size 1024K, 3 young (3072K), 3 survivors (3072K)
 Metaspace       used 54503K, committed 55104K, reserved 1114112K
  class space    used 8051K, committed 8320K, reserved 1048576K
}
Event: 15.783 GC heap before
{Heap before GC invocations=19 (full 0):
 garbage-first heap   total 114688K, used 97097K [0x00000000c0000000, 0x0000000100000000)
  region size 1024K, 37 young (37888K), 3 survivors (3072K)
 Metaspace       used 59171K, committed 59776K, reserved 1114112K
  class space    used 8640K, committed 8896K, reserved 1048576K
}
Event: 15.787 GC heap after
{Heap after GC invocations=20 (full 0):
 garbage-first heap   total 114688K, used 62903K [0x00000000c0000000, 0x0000000100000000)
  region size 1024K, 4 young (4096K), 4 survivors (4096K)
 Metaspace       used 59171K, committed 59776K, reserved 1114112K
  class space    used 8640K, committed 8896K, reserved 1048576K
}
Event: 16.027 GC heap before
{Heap before GC invocations=20 (full 0):
 garbage-first heap   total 114688K, used 71095K [0x00000000c0000000, 0x0000000100000000)
  region size 1024K, 13 young (13312K), 4 survivors (4096K)
 Metaspace       used 60718K, committed 61376K, reserved 1114112K
  class space    used 8840K, committed 9152K, reserved 1048576K
}
Event: 16.032 GC heap after
{Heap after GC invocations=21 (full 0):
 garbage-first heap   total 114688K, used 63274K [0x00000000c0000000, 0x0000000100000000)
  region size 1024K, 3 young (3072K), 3 survivors (3072K)
 Metaspace       used 60718K, committed 61376K, reserved 1114112K
  class space    used 8840K, committed 9152K, reserved 1048576K
}
Event: 16.346 GC heap before
{Heap before GC invocations=22 (full 0):
 garbage-first heap   total 133120K, used 104234K [0x00000000c0000000, 0x0000000100000000)
  region size 1024K, 36 young (36864K), 3 survivors (3072K)
 Metaspace       used 61030K, committed 61632K, reserved 1114112K
  class space    used 8873K, committed 9152K, reserved 1048576K
}
Event: 16.360 GC heap after
{Heap after GC invocations=23 (full 0):
 garbage-first heap   total 133120K, used 72721K [0x00000000c0000000, 0x0000000100000000)
  region size 1024K, 5 young (5120K), 5 survivors (5120K)
 Metaspace       used 61030K, committed 61632K, reserved 1114112K
  class space    used 8873K, committed 9152K, reserved 1048576K
}
Event: 16.966 GC heap before
{Heap before GC invocations=23 (full 0):
 garbage-first heap   total 133120K, used 105489K [0x00000000c0000000, 0x0000000100000000)
  region size 1024K, 37 young (37888K), 5 survivors (5120K)
 Metaspace       used 64253K, committed 64832K, reserved 1114112K
  class space    used 9247K, committed 9536K, reserved 1048576K
}
Event: 16.976 GC heap after
{Heap after GC invocations=24 (full 0):
 garbage-first heap   total 133120K, used 74950K [0x00000000c0000000, 0x0000000100000000)
  region size 1024K, 2 young (2048K), 2 survivors (2048K)
 Metaspace       used 64253K, committed 64832K, reserved 1114112K
  class space    used 9247K, committed 9536K, reserved 1048576K
}
Event: 17.546 GC heap before
{Heap before GC invocations=25 (full 0):
 garbage-first heap   total 140288K, used 113862K [0x00000000c0000000, 0x0000000100000000)
  region size 1024K, 33 young (33792K), 2 survivors (2048K)
 Metaspace       used 67518K, committed 68160K, reserved 1114112K
  class space    used 9611K, committed 9920K, reserved 1048576K
}
Event: 17.552 GC heap after
{Heap after GC invocations=26 (full 0):
 garbage-first heap   total 140288K, used 84237K [0x00000000c0000000, 0x0000000100000000)
  region size 1024K, 4 young (4096K), 4 survivors (4096K)
 Metaspace       used 67518K, committed 68160K, reserved 1114112K
  class space    used 9611K, committed 9920K, reserved 1048576K
}
Event: 18.001 GC heap before
{Heap before GC invocations=26 (full 0):
 garbage-first heap   total 140288K, used 113933K [0x00000000c0000000, 0x0000000100000000)
  region size 1024K, 33 young (33792K), 4 survivors (4096K)
 Metaspace       used 71184K, committed 71808K, reserved 1114112K
  class space    used 9915K, committed 10176K, reserved 1048576K
}
Event: 18.009 GC heap after
{Heap after GC invocations=27 (full 0):
 garbage-first heap   total 140288K, used 86500K [0x00000000c0000000, 0x0000000100000000)
  region size 1024K, 5 young (5120K), 5 survivors (5120K)
 Metaspace       used 71184K, committed 71808K, reserved 1114112K
  class space    used 9915K, committed 10176K, reserved 1048576K
}
Event: 18.748 GC heap before
{Heap before GC invocations=28 (full 0):
 garbage-first heap   total 155648K, used 115172K [0x00000000c0000000, 0x0000000100000000)
  region size 1024K, 33 young (33792K), 5 survivors (5120K)
 Metaspace       used 74568K, committed 75200K, reserved 1114112K
  class space    used 10332K, committed 10624K, reserved 1048576K
}
Event: 18.757 GC heap after
{Heap after GC invocations=29 (full 0):
 garbage-first heap   total 155648K, used 87301K [0x00000000c0000000, 0x0000000100000000)
  region size 1024K, 3 young (3072K), 3 survivors (3072K)
 Metaspace       used 74568K, committed 75200K, reserved 1114112K
  class space    used 10332K, committed 10624K, reserved 1048576K
}

