# JRE version: OpenJDK Runtime Environment JBR-17.0.11+1-1312.2-nomod (17.0.11+1) (build 17.0.11+1-b1312.2)
# Java VM: OpenJDK 64-Bit Server VM JBR-17.0.11+1-1312.2-nomod (17.0.11+1-b1312.2, mixed mode, sharing, tiered, compressed oops, compressed class ptrs, g1 gc, windows-amd64)
GC Precious Log:
 CPUs: 4 total, 4 available
 Memory: 8067M
 Large Page Support: Disabled
 NUMA Support: Disabled
 Compressed Oops: Enabled (32-bit)
 Heap Region Size: 1M
 Heap Min Capacity: 8M
 Heap Initial Capacity: 128M
 Heap Max Capacity: 1G
 Pre-touch: Disabled
 Parallel Workers: 4
 Concurrent Workers: 1
 Concurrent Refinement Workers: 4
 Periodic GC: Disabled
Heap:
 garbage-first heap   total 337920K, used 279892K [0x00000000c0000000, 0x0000000100000000)
  region size 1024K, 8 young (8192K), 3 survivors (3072K)
 Metaspace       used 105898K, committed 106688K, reserved 1179648K
  class space    used 14770K, committed 15168K, reserved 1048576K
GC Heap History (20 events):
Event: 15.450 GC heap before
{Heap before GC invocations=42 (full 0):
 garbage-first heap   total 155648K, used 90892K [0x00000000c0000000, 0x0000000100000000)
  region size 1024K, 7 young (7168K), 5 survivors (5120K)
 Metaspace       used 83872K, committed 84480K, reserved 1179648K
  class space    used 12130K, committed 12416K, reserved 1048576K
}
Event: 15.457 GC heap after
{Heap after GC invocations=43 (full 0):
 garbage-first heap   total 155648K, used 88961K [0x00000000c0000000, 0x0000000100000000)
  region size 1024K, 1 young (1024K), 1 survivors (1024K)
 Metaspace       used 83872K, committed 84480K, reserved 1179648K
  class space    used 12130K, committed 12416K, reserved 1048576K
}
Event: 16.244 GC heap before
{Heap before GC invocations=43 (full 0):
 garbage-first heap   total 155648K, used 128897K [0x00000000c0000000, 0x0000000100000000)
  region size 1024K, 40 young (40960K), 1 survivors (1024K)
 Metaspace       used 86385K, committed 87104K, reserved 1179648K
  class space    used 12530K, committed 12864K, reserved 1048576K
}
Event: 16.252 GC heap after
{Heap after GC invocations=44 (full 0):
 garbage-first heap   total 155648K, used 92628K [0x00000000c0000000, 0x0000000100000000)
  region size 1024K, 5 young (5120K), 5 survivors (5120K)
 Metaspace       used 86385K, committed 87104K, reserved 1179648K
  class space    used 12530K, committed 12864K, reserved 1048576K
}
Event: 16.858 GC heap before
{Heap before GC invocations=45 (full 0):
 garbage-first heap   total 165888K, used 126420K [0x00000000c0000000, 0x0000000100000000)
  region size 1024K, 39 young (39936K), 5 survivors (5120K)
 Metaspace       used 86695K, committed 87360K, reserved 1179648K
  class space    used 12572K, committed 12864K, reserved 1048576K
}
Event: 16.868 GC heap after
{Heap after GC invocations=46 (full 0):
 garbage-first heap   total 165888K, used 96903K [0x00000000c0000000, 0x0000000100000000)
  region size 1024K, 5 young (5120K), 5 survivors (5120K)
 Metaspace       used 86695K, committed 87360K, reserved 1179648K
  class space    used 12572K, committed 12864K, reserved 1048576K
}
Event: 16.912 GC heap before
{Heap before GC invocations=46 (full 0):
 garbage-first heap   total 165888K, used 98951K [0x00000000c0000000, 0x0000000100000000)
  region size 1024K, 8 young (8192K), 5 survivors (5120K)
 Metaspace       used 86717K, committed 87360K, reserved 1179648K
  class space    used 12573K, committed 12864K, reserved 1048576K
}
Event: 16.916 GC heap after
{Heap after GC invocations=47 (full 0):
 garbage-first heap   total 165888K, used 97198K [0x00000000c0000000, 0x0000000100000000)
  region size 1024K, 1 young (1024K), 1 survivors (1024K)
 Metaspace       used 86717K, committed 87360K, reserved 1179648K
  class space    used 12573K, committed 12864K, reserved 1048576K
}
Event: 17.554 GC heap before
{Heap before GC invocations=47 (full 0):
 garbage-first heap   total 165888K, used 136110K [0x00000000c0000000, 0x0000000100000000)
  region size 1024K, 40 young (40960K), 1 survivors (1024K)
 Metaspace       used 87232K, committed 87936K, reserved 1179648K
  class space    used 12609K, committed 12928K, reserved 1048576K
}
Event: 17.561 GC heap after
{Heap after GC invocations=48 (full 0):
 garbage-first heap   total 331776K, used 100898K [0x00000000c0000000, 0x0000000100000000)
  region size 1024K, 5 young (5120K), 5 survivors (5120K)
 Metaspace       used 87232K, committed 87936K, reserved 1179648K
  class space    used 12609K, committed 12928K, reserved 1048576K
}
Event: 19.733 GC heap before
{Heap before GC invocations=48 (full 0):
 garbage-first heap   total 331776K, used 264738K [0x00000000c0000000, 0x0000000100000000)
  region size 1024K, 159 young (162816K), 5 survivors (5120K)
 Metaspace       used 95830K, committed 96512K, reserved 1179648K
  class space    used 13632K, committed 13952K, reserved 1048576K
}
Event: 19.751 GC heap after
{Heap after GC invocations=49 (full 0):
 garbage-first heap   total 331776K, used 114712K [0x00000000c0000000, 0x0000000100000000)
  region size 1024K, 16 young (16384K), 16 survivors (16384K)
 Metaspace       used 95830K, committed 96512K, reserved 1179648K
  class space    used 13632K, committed 13952K, reserved 1048576K
}
Event: 22.475 GC heap before
{Heap before GC invocations=49 (full 0):
 garbage-first heap   total 331776K, used 256024K [0x00000000c0000000, 0x0000000100000000)
  region size 1024K, 152 young (155648K), 16 survivors (16384K)
 Metaspace       used 105572K, committed 106368K, reserved 1179648K
  class space    used 14740K, committed 15104K, reserved 1048576K
}
Event: 22.541 GC heap after
{Heap after GC invocations=50 (full 0):
 garbage-first heap   total 337920K, used 178017K [0x00000000c0000000, 0x0000000100000000)
  region size 1024K, 19 young (19456K), 19 survivors (19456K)
 Metaspace       used 105572K, committed 106368K, reserved 1179648K
  class space    used 14740K, committed 15104K, reserved 1048576K
}
Event: 22.958 GC heap before
{Heap before GC invocations=50 (full 0):
 garbage-first heap   total 337920K, used 252769K [0x00000000c0000000, 0x0000000100000000)
  region size 1024K, 92 young (94208K), 19 survivors (19456K)
 Metaspace       used 105677K, committed 106432K, reserved 1179648K
  class space    used 14740K, committed 15104K, reserved 1048576K
}
Event: 23.017 GC heap after
{Heap after GC invocations=51 (full 0):
 garbage-first heap   total 337920K, used 235860K [0x00000000c0000000, 0x0000000100000000)
  region size 1024K, 12 young (12288K), 12 survivors (12288K)
 Metaspace       used 105677K, committed 106432K, reserved 1179648K
  class space    used 14740K, committed 15104K, reserved 1048576K
}
Event: 23.199 GC heap before
{Heap before GC invocations=51 (full 0):
 garbage-first heap   total 337920K, used 266580K [0x00000000c0000000, 0x0000000100000000)
  region size 1024K, 43 young (44032K), 12 survivors (12288K)
 Metaspace       used 105679K, committed 106432K, reserved 1179648K
  class space    used 14740K, committed 15104K, reserved 1048576K
}
Event: 23.237 GC heap after
{Heap after GC invocations=52 (full 0):
 garbage-first heap   total 337920K, used 268116K [0x00000000c0000000, 0x0000000100000000)
  region size 1024K, 6 young (6144K), 6 survivors (6144K)
 Metaspace       used 105679K, committed 106432K, reserved 1179648K
  class space    used 14740K, committed 15104K, reserved 1048576K
}
Event: 23.286 GC heap before
{Heap before GC invocations=52 (full 0):
 garbage-first heap   total 337920K, used 279380K [0x00000000c0000000, 0x0000000100000000)
  region size 1024K, 17 young (17408K), 6 survivors (6144K)
 Metaspace       used 105679K, committed 106432K, reserved 1179648K
  class space    used 14740K, committed 15104K, reserved 1048576K
}
Event: 23.309 GC heap after
{Heap after GC invocations=53 (full 0):
 garbage-first heap   total 337920K, used 276820K [0x00000000c0000000, 0x0000000100000000)
  region size 1024K, 3 young (3072K), 3 survivors (3072K)
 Metaspace       used 105679K, committed 106432K, reserved 1179648K
  class space    used 14740K, committed 15104K, reserved 1048576K
}

