# JRE version: OpenJDK Runtime Environment JBR-17.0.11+1-1312.2-nomod (17.0.11+1) (build 17.0.11+1-b1312.2)
# Java VM: OpenJDK 64-Bit Server VM JBR-17.0.11+1-1312.2-nomod (17.0.11+1-b1312.2, mixed mode, sharing, tiered, compressed oops, compressed class ptrs, g1 gc, windows-amd64)
GC Precious Log:
 CPUs: 4 total, 4 available
 Memory: 8067M
 Large Page Support: Disabled
 NUMA Support: Disabled
 Compressed Oops: Enabled (32-bit)
 Heap Region Size: 1M
 Heap Min Capacity: 8M
 Heap Initial Capacity: 128M
 Heap Max Capacity: 1G
 Pre-touch: Disabled
 Parallel Workers: 4
 Concurrent Workers: 1
 Concurrent Refinement Workers: 4
 Periodic GC: Disabled
Heap:
 garbage-first heap   total 348160K, used 112981K [0x00000000c0000000, 0x0000000100000000)
  region size 1024K, 16 young (16384K), 9 survivors (9216K)
 Metaspace       used 87970K, committed 88640K, reserved 1179648K
  class space    used 12719K, committed 13056K, reserved 1048576K
GC Heap History (20 events):
Event: 12.607 GC heap before
{Heap before GC invocations=36 (full 0):
 garbage-first heap   total 148480K, used 85200K [0x00000000c0000000, 0x0000000100000000)
  region size 1024K, 7 young (7168K), 2 survivors (2048K)
 Metaspace       used 71406K, committed 72064K, reserved 1114112K
  class space    used 10313K, committed 10624K, reserved 1048576K
}
Event: 12.611 GC heap after
{Heap after GC invocations=37 (full 0):
 garbage-first heap   total 148480K, used 80978K [0x00000000c0000000, 0x0000000100000000)
  region size 1024K, 1 young (1024K), 1 survivors (1024K)
 Metaspace       used 71406K, committed 72064K, reserved 1114112K
  class space    used 10313K, committed 10624K, reserved 1048576K
}
Event: 13.148 GC heap before
{Heap before GC invocations=37 (full 0):
 garbage-first heap   total 148480K, used 123986K [0x00000000c0000000, 0x0000000100000000)
  region size 1024K, 43 young (44032K), 1 survivors (1024K)
 Metaspace       used 74589K, committed 75200K, reserved 1114112K
  class space    used 10803K, committed 11136K, reserved 1048576K
}
Event: 13.152 GC heap after
{Heap after GC invocations=38 (full 0):
 garbage-first heap   total 148480K, used 82976K [0x00000000c0000000, 0x0000000100000000)
  region size 1024K, 3 young (3072K), 3 survivors (3072K)
 Metaspace       used 74589K, committed 75200K, reserved 1114112K
  class space    used 10803K, committed 11136K, reserved 1048576K
}
Event: 14.118 GC heap before
{Heap before GC invocations=39 (full 0):
 garbage-first heap   total 148480K, used 123936K [0x00000000c0000000, 0x0000000100000000)
  region size 1024K, 43 young (44032K), 3 survivors (3072K)
 Metaspace       used 78031K, committed 78656K, reserved 1179648K
  class space    used 11299K, committed 11584K, reserved 1048576K
}
Event: 14.126 GC heap after
{Heap after GC invocations=40 (full 0):
 garbage-first heap   total 148480K, used 85451K [0x00000000c0000000, 0x0000000100000000)
  region size 1024K, 5 young (5120K), 5 survivors (5120K)
 Metaspace       used 78031K, committed 78656K, reserved 1179648K
  class space    used 11299K, committed 11584K, reserved 1048576K
}
Event: 14.151 GC heap before
{Heap before GC invocations=40 (full 0):
 garbage-first heap   total 148480K, used 87499K [0x00000000c0000000, 0x0000000100000000)
  region size 1024K, 7 young (7168K), 5 survivors (5120K)
 Metaspace       used 78124K, committed 78784K, reserved 1179648K
  class space    used 11314K, committed 11648K, reserved 1048576K
}
Event: 14.159 GC heap after
{Heap after GC invocations=41 (full 0):
 garbage-first heap   total 148480K, used 85744K [0x00000000c0000000, 0x0000000100000000)
  region size 1024K, 1 young (1024K), 1 survivors (1024K)
 Metaspace       used 78124K, committed 78784K, reserved 1179648K
  class space    used 11314K, committed 11648K, reserved 1048576K
}
Event: 14.687 GC heap before
{Heap before GC invocations=41 (full 0):
 garbage-first heap   total 148480K, used 125680K [0x00000000c0000000, 0x0000000100000000)
  region size 1024K, 40 young (40960K), 1 survivors (1024K)
 Metaspace       used 81460K, committed 82112K, reserved 1179648K
  class space    used 11841K, committed 12160K, reserved 1048576K
}
Event: 14.691 GC heap after
{Heap after GC invocations=42 (full 0):
 garbage-first heap   total 148480K, used 87141K [0x00000000c0000000, 0x0000000100000000)
  region size 1024K, 3 young (3072K), 3 survivors (3072K)
 Metaspace       used 81460K, committed 82112K, reserved 1179648K
  class space    used 11841K, committed 12160K, reserved 1048576K
}
Event: 15.324 GC heap before
{Heap before GC invocations=43 (full 0):
 garbage-first heap   total 153600K, used 125029K [0x00000000c0000000, 0x0000000100000000)
  region size 1024K, 40 young (40960K), 3 survivors (3072K)
 Metaspace       used 84589K, committed 85248K, reserved 1179648K
  class space    used 12234K, committed 12544K, reserved 1048576K
}
Event: 15.334 GC heap after
{Heap after GC invocations=44 (full 0):
 garbage-first heap   total 153600K, used 90105K [0x00000000c0000000, 0x0000000100000000)
  region size 1024K, 5 young (5120K), 5 survivors (5120K)
 Metaspace       used 84589K, committed 85248K, reserved 1179648K
  class space    used 12234K, committed 12544K, reserved 1048576K
}
Event: 15.371 GC heap before
{Heap before GC invocations=44 (full 0):
 garbage-first heap   total 153600K, used 91129K [0x00000000c0000000, 0x0000000100000000)
  region size 1024K, 7 young (7168K), 5 survivors (5120K)
 Metaspace       used 84812K, committed 85504K, reserved 1179648K
  class space    used 12275K, committed 12608K, reserved 1048576K
}
Event: 15.379 GC heap after
{Heap after GC invocations=45 (full 0):
 garbage-first heap   total 153600K, used 90419K [0x00000000c0000000, 0x0000000100000000)
  region size 1024K, 1 young (1024K), 1 survivors (1024K)
 Metaspace       used 84812K, committed 85504K, reserved 1179648K
  class space    used 12275K, committed 12608K, reserved 1048576K
}
Event: 16.224 GC heap before
{Heap before GC invocations=45 (full 0):
 garbage-first heap   total 153600K, used 128307K [0x00000000c0000000, 0x0000000100000000)
  region size 1024K, 39 young (39936K), 1 survivors (1024K)
 Metaspace       used 86648K, committed 87296K, reserved 1179648K
  class space    used 12578K, committed 12864K, reserved 1048576K
}
Event: 16.233 GC heap after
{Heap after GC invocations=46 (full 0):
 garbage-first heap   total 153600K, used 95622K [0x00000000c0000000, 0x0000000100000000)
  region size 1024K, 5 young (5120K), 5 survivors (5120K)
 Metaspace       used 86648K, committed 87296K, reserved 1179648K
  class space    used 12578K, committed 12864K, reserved 1048576K
}
Event: 16.722 GC heap before
{Heap before GC invocations=47 (full 0):
 garbage-first heap   total 174080K, used 126342K [0x00000000c0000000, 0x0000000100000000)
  region size 1024K, 35 young (35840K), 5 survivors (5120K)
 Metaspace       used 86794K, committed 87424K, reserved 1179648K
  class space    used 12581K, committed 12864K, reserved 1048576K
}
Event: 16.733 GC heap after
{Heap after GC invocations=48 (full 0):
 garbage-first heap   total 174080K, used 98241K [0x00000000c0000000, 0x0000000100000000)
  region size 1024K, 4 young (4096K), 4 survivors (4096K)
 Metaspace       used 86794K, committed 87424K, reserved 1179648K
  class space    used 12581K, committed 12864K, reserved 1048576K
}
Event: 16.790 GC heap before
{Heap before GC invocations=48 (full 0):
 garbage-first heap   total 174080K, used 102337K [0x00000000c0000000, 0x0000000100000000)
  region size 1024K, 8 young (8192K), 4 survivors (4096K)
 Metaspace       used 86830K, committed 87488K, reserved 1179648K
  class space    used 12581K, committed 12864K, reserved 1048576K
}
Event: 16.796 GC heap after
{Heap after GC invocations=49 (full 0):
 garbage-first heap   total 348160K, used 98461K [0x00000000c0000000, 0x0000000100000000)
  region size 1024K, 1 young (1024K), 1 survivors (1024K)
 Metaspace       used 86830K, committed 87488K, reserved 1179648K
  class space    used 12581K, committed 12864K, reserved 1048576K
}

