# JRE version: OpenJDK Runtime Environment JBR-17.0.11+1-1312.2-nomod (17.0.11+1) (build 17.0.11+1-b1312.2)
# Java VM: OpenJDK 64-Bit Server VM JBR-17.0.11+1-1312.2-nomod (17.0.11+1-b1312.2, mixed mode, sharing, tiered, compressed oops, compressed class ptrs, g1 gc, windows-amd64)
GC Precious Log:
 CPUs: 4 total, 4 available
 Memory: 8067M
 Large Page Support: Disabled
 NUMA Support: Disabled
 Compressed Oops: Enabled (32-bit)
 Heap Region Size: 1M
 Heap Min Capacity: 8M
 Heap Initial Capacity: 128M
 Heap Max Capacity: 1G
 Pre-touch: Disabled
 Parallel Workers: 4
 Concurrent Workers: 1
 Concurrent Refinement Workers: 4
 Periodic GC: Disabled
Heap:
 garbage-first heap   total 112640K, used 74820K [0x00000000c0000000, 0x0000000100000000)
  region size 1024K, 21 young (21504K), 3 survivors (3072K)
 Metaspace       used 48043K, committed 48640K, reserved 1114112K
  class space    used 6953K, committed 7232K, reserved 1048576K
GC Heap History (20 events):
Event: 3.578 GC heap before
{Heap before GC invocations=4 (full 0):
 garbage-first heap   total 131072K, used 58380K [0x00000000c0000000, 0x0000000100000000)
  region size 1024K, 40 young (40960K), 10 survivors (10240K)
 Metaspace       used 21130K, committed 21504K, reserved 1114112K
  class space    used 3247K, committed 3456K, reserved 1048576K
}
Event: 3.588 GC heap after
{Heap after GC invocations=5 (full 0):
 garbage-first heap   total 131072K, used 32733K [0x00000000c0000000, 0x0000000100000000)
  region size 1024K, 4 young (4096K), 4 survivors (4096K)
 Metaspace       used 21130K, committed 21504K, reserved 1114112K
  class space    used 3247K, committed 3456K, reserved 1048576K
}
Event: 4.684 GC heap before
{Heap before GC invocations=6 (full 0):
 garbage-first heap   total 112640K, used 96221K [0x00000000c0000000, 0x0000000100000000)
  region size 1024K, 64 young (65536K), 4 survivors (4096K)
 Metaspace       used 28919K, committed 29312K, reserved 1114112K
  class space    used 4460K, committed 4608K, reserved 1048576K
}
Event: 4.691 GC heap after
{Heap after GC invocations=7 (full 0):
 garbage-first heap   total 112640K, used 40249K [0x00000000c0000000, 0x0000000100000000)
  region size 1024K, 9 young (9216K), 9 survivors (9216K)
 Metaspace       used 28919K, committed 29312K, reserved 1114112K
  class space    used 4460K, committed 4608K, reserved 1048576K
}
Event: 4.712 GC heap before
{Heap before GC invocations=7 (full 0):
 garbage-first heap   total 112640K, used 40249K [0x00000000c0000000, 0x0000000100000000)
  region size 1024K, 10 young (10240K), 9 survivors (9216K)
 Metaspace       used 29337K, committed 29760K, reserved 1114112K
  class space    used 4484K, committed 4672K, reserved 1048576K
}
Event: 4.720 GC heap after
{Heap after GC invocations=8 (full 0):
 garbage-first heap   total 112640K, used 40789K [0x00000000c0000000, 0x0000000100000000)
  region size 1024K, 1 young (1024K), 1 survivors (1024K)
 Metaspace       used 29337K, committed 29760K, reserved 1114112K
  class space    used 4484K, committed 4672K, reserved 1048576K
}
Event: 5.563 GC heap before
{Heap before GC invocations=8 (full 0):
 garbage-first heap   total 112640K, used 90965K [0x00000000c0000000, 0x0000000100000000)
  region size 1024K, 47 young (48128K), 1 survivors (1024K)
 Metaspace       used 35589K, committed 35968K, reserved 1114112K
  class space    used 5077K, committed 5248K, reserved 1048576K
}
Event: 5.570 GC heap after
{Heap after GC invocations=9 (full 0):
 garbage-first heap   total 112640K, used 44704K [0x00000000c0000000, 0x0000000100000000)
  region size 1024K, 5 young (5120K), 5 survivors (5120K)
 Metaspace       used 35589K, committed 35968K, reserved 1114112K
  class space    used 5077K, committed 5248K, reserved 1048576K
}
Event: 6.764 GC heap before
{Heap before GC invocations=10 (full 0):
 garbage-first heap   total 112640K, used 92832K [0x00000000c0000000, 0x0000000100000000)
  region size 1024K, 47 young (48128K), 5 survivors (5120K)
 Metaspace       used 39707K, committed 40192K, reserved 1114112K
  class space    used 5697K, committed 5888K, reserved 1048576K
}
Event: 6.772 GC heap after
{Heap after GC invocations=11 (full 0):
 garbage-first heap   total 112640K, used 53659K [0x00000000c0000000, 0x0000000100000000)
  region size 1024K, 5 young (5120K), 5 survivors (5120K)
 Metaspace       used 39707K, committed 40192K, reserved 1114112K
  class space    used 5697K, committed 5888K, reserved 1048576K
}
Event: 6.795 GC heap before
{Heap before GC invocations=11 (full 0):
 garbage-first heap   total 112640K, used 54683K [0x00000000c0000000, 0x0000000100000000)
  region size 1024K, 6 young (6144K), 5 survivors (5120K)
 Metaspace       used 39778K, committed 40256K, reserved 1114112K
  class space    used 5709K, committed 5888K, reserved 1048576K
}
Event: 6.800 GC heap after
{Heap after GC invocations=12 (full 0):
 garbage-first heap   total 112640K, used 53873K [0x00000000c0000000, 0x0000000100000000)
  region size 1024K, 1 young (1024K), 1 survivors (1024K)
 Metaspace       used 39778K, committed 40256K, reserved 1114112K
  class space    used 5709K, committed 5888K, reserved 1048576K
}
Event: 6.837 GC heap before
{Heap before GC invocations=12 (full 0):
 garbage-first heap   total 112640K, used 56945K [0x00000000c0000000, 0x0000000100000000)
  region size 1024K, 6 young (6144K), 1 survivors (1024K)
 Metaspace       used 40060K, committed 40512K, reserved 1114112K
  class space    used 5728K, committed 5888K, reserved 1048576K
}
Event: 6.838 GC heap after
{Heap after GC invocations=13 (full 0):
 garbage-first heap   total 112640K, used 54355K [0x00000000c0000000, 0x0000000100000000)
  region size 1024K, 2 young (2048K), 2 survivors (2048K)
 Metaspace       used 40060K, committed 40512K, reserved 1114112K
  class space    used 5728K, committed 5888K, reserved 1048576K
}
Event: 7.338 GC heap before
{Heap before GC invocations=14 (full 0):
 garbage-first heap   total 112640K, used 90195K [0x00000000c0000000, 0x0000000100000000)
  region size 1024K, 35 young (35840K), 2 survivors (2048K)
 Metaspace       used 43236K, committed 43840K, reserved 1114112K
  class space    used 6169K, committed 6464K, reserved 1048576K
}
Event: 7.341 GC heap after
{Heap after GC invocations=15 (full 0):
 garbage-first heap   total 112640K, used 55352K [0x00000000c0000000, 0x0000000100000000)
  region size 1024K, 3 young (3072K), 3 survivors (3072K)
 Metaspace       used 43236K, committed 43840K, reserved 1114112K
  class space    used 6169K, committed 6464K, reserved 1048576K
}
Event: 7.385 GC heap before
{Heap before GC invocations=15 (full 0):
 garbage-first heap   total 112640K, used 57400K [0x00000000c0000000, 0x0000000100000000)
  region size 1024K, 5 young (5120K), 3 survivors (3072K)
 Metaspace       used 43540K, committed 44096K, reserved 1114112K
  class space    used 6227K, committed 6528K, reserved 1048576K
}
Event: 7.389 GC heap after
{Heap after GC invocations=16 (full 0):
 garbage-first heap   total 112640K, used 55358K [0x00000000c0000000, 0x0000000100000000)
  region size 1024K, 1 young (1024K), 1 survivors (1024K)
 Metaspace       used 43540K, committed 44096K, reserved 1114112K
  class space    used 6227K, committed 6528K, reserved 1048576K
}
Event: 8.113 GC heap before
{Heap before GC invocations=16 (full 0):
 garbage-first heap   total 112640K, used 90174K [0x00000000c0000000, 0x0000000100000000)
  region size 1024K, 35 young (35840K), 1 survivors (1024K)
 Metaspace       used 46640K, committed 47232K, reserved 1114112K
  class space    used 6773K, committed 7040K, reserved 1048576K
}
Event: 8.118 GC heap after
{Heap after GC invocations=17 (full 0):
 garbage-first heap   total 112640K, used 57412K [0x00000000c0000000, 0x0000000100000000)
  region size 1024K, 3 young (3072K), 3 survivors (3072K)
 Metaspace       used 46640K, committed 47232K, reserved 1114112K
  class space    used 6773K, committed 7040K, reserved 1048576K
}

